<?xml version="1.0" encoding="UTF-8"?>
<testsuite xmlns:xsi="http://www.w3.org/2001/XMLSchema-instance" xsi:noNamespaceSchemaLocation="https://maven.apache.org/surefire/maven-surefire-plugin/xsd/surefire-test-report-3.0.xsd" version="3.0" name="com.fintech.expensetracker.integration.ExpenseTrackerH2IntegrationTest" time="8.031" tests="1" errors="0" skipped="0" failures="1">
  <properties>
[...]
</properties>
  <testcase name="shouldCompleteFullIntegrationWorkflow" classname="com.fintech.expensetracker.integration.ExpenseTrackerH2IntegrationTest" time="1.402">
    <failure message="Status expected:&lt;201&gt; but was:&lt;400&gt;" type="java.lang.AssertionError"><![CDATA[java.lang.AssertionError: Status expected:<201> but was:<400>
	at org.springframework.test.util.AssertionErrors.fail(AssertionErrors.java:59)
	at org.springframework.test.util.AssertionErrors.assertEquals(AssertionErrors.java:122)
	at org.springframework.test.web.servlet.result.StatusResultMatchers.lambda$matcher$9(StatusResultMatchers.java:637)
	at org.springframework.test.web.servlet.MockMvc$1.andExpect(MockMvc.java:214)
	at com.fintech.expensetracker.integration.ExpenseTrackerH2IntegrationTest.shouldCompleteFullIntegrationWorkflow(ExpenseTrackerH2IntegrationTest.java:196)
	at java.base/java.lang.reflect.Method.invoke(Method.java:580)
	at java.base/java.util.ArrayList.forEach(ArrayList.java:1596)
	at java.base/java.util.ArrayList.forEach(ArrayList.java:1596)
]]></failure>
    <system-out><![CDATA[10:53:55.255 [main] INFO org.springframework.test.context.support.AnnotationConfigContextLoaderUtils -- Could not detect default configuration classes for test class [com.fintech.expensetracker.integration.ExpenseTrackerH2IntegrationTest]: ExpenseTrackerH2IntegrationTest does not declare any static, non-private, non-final, nested classes annotated with @Configuration.
10:53:55.380 [main] INFO org.springframework.boot.test.context.SpringBootTestContextBootstrapper -- Found @SpringBootConfiguration com.fintech.expensetracker.ExpenseTrackerApplication for test class com.fintech.expensetracker.integration.ExpenseTrackerH2IntegrationTest

  .   ____          _            __ _ _
 /\\ / ___'_ __ _ _(_)_ __  __ _ \ \ \ \
( ( )\___ | '_ | '_| | '_ \/ _` | \ \ \ \
 \\/  ___)| |_)| | | | | || (_| |  ) ) ) )
  '  |____| .__|_| |_|_| |_\__, | / / / /
 =========|_|==============|___/=/_/_/_/
 :: Spring Boot ::                (v3.2.1)

2025-08-18T10:53:55.819+03:00  INFO 2473 --- [expense-tracker-test] [           main] c.f.e.i.ExpenseTrackerH2IntegrationTest  : Starting ExpenseTrackerH2IntegrationTest using Java 21.0.8 with PID 2473 (started by bahadirbozoglu in /Users/bahadirbozoglu/Projects/Test/kiro-test)
2025-08-18T10:53:55.820+03:00  INFO 2473 --- [expense-tracker-test] [           main] c.f.e.i.ExpenseTrackerH2IntegrationTest  : The following 1 profile is active: "test"
2025-08-18T10:53:56.611+03:00  INFO 2473 --- [expense-tracker-test] [           main] .s.d.r.c.RepositoryConfigurationDelegate : Bootstrapping Spring Data JPA repositories in DEFAULT mode.
2025-08-18T10:53:56.691+03:00  INFO 2473 --- [expense-tracker-test] [           main] .s.d.r.c.RepositoryConfigurationDelegate : Finished Spring Data repository scanning in 70 ms. Found 4 JPA repository interfaces.
2025-08-18T10:53:57.257+03:00  INFO 2473 --- [expense-tracker-test] [           main] o.hibernate.jpa.internal.util.LogHelper  : HHH000204: Processing PersistenceUnitInfo [name: default]
2025-08-18T10:53:57.342+03:00  INFO 2473 --- [expense-tracker-test] [           main] org.hibernate.Version                    : HHH000412: Hibernate ORM core version 6.4.1.Final
2025-08-18T10:53:57.387+03:00  INFO 2473 --- [expense-tracker-test] [           main] o.h.c.internal.RegionFactoryInitiator    : HHH000026: Second-level cache disabled
2025-08-18T10:53:57.708+03:00  INFO 2473 --- [expense-tracker-test] [           main] o.s.o.j.p.SpringPersistenceUnitInfo      : No LoadTimeWeaver setup: ignoring JPA class transformer
2025-08-18T10:53:57.738+03:00  INFO 2473 --- [expense-tracker-test] [           main] com.zaxxer.hikari.HikariDataSource       : HikariPool-1 - Starting...
2025-08-18T10:53:57.969+03:00  INFO 2473 --- [expense-tracker-test] [           main] com.zaxxer.hikari.pool.HikariPool        : HikariPool-1 - Added connection conn0: url=jdbc:h2:mem:testdb user=SA
2025-08-18T10:53:57.971+03:00  INFO 2473 --- [expense-tracker-test] [           main] com.zaxxer.hikari.HikariDataSource       : HikariPool-1 - Start completed.
2025-08-18T10:53:58.008+03:00  WARN 2473 --- [expense-tracker-test] [           main] org.hibernate.orm.deprecation            : HHH90000025: H2Dialect does not need to be specified explicitly using 'hibernate.dialect' (remove the property setting and it will be selected by default)
2025-08-18T10:53:59.034+03:00  INFO 2473 --- [expense-tracker-test] [           main] o.h.e.t.j.p.i.JtaPlatformInitiator       : HHH000489: No JTA platform available (set 'hibernate.transaction.jta.platform' to enable JTA platform integration)
2025-08-18T10:53:59.086+03:00  INFO 2473 --- [expense-tracker-test] [           main] j.LocalContainerEntityManagerFactoryBean : Initialized JPA EntityManagerFactory for persistence unit 'default'
2025-08-18T10:53:59.389+03:00  INFO 2473 --- [expense-tracker-test] [           main] o.s.d.j.r.query.QueryEnhancerFactory     : Hibernate is in classpath; If applicable, HQL parser will be used.
2025-08-18T10:54:00.702+03:00  WARN 2473 --- [expense-tracker-test] [           main] JpaBaseConfiguration$JpaWebConfiguration : spring.jpa.open-in-view is enabled by default. Therefore, database queries may be performed during view rendering. Explicitly configure spring.jpa.open-in-view to disable this warning
2025-08-18T10:54:01.319+03:00  INFO 2473 --- [expense-tracker-test] [           main] o.s.b.a.h2.H2ConsoleAutoConfiguration    : H2 console available at '/h2-console'. Database available at 'jdbc:h2:mem:testdb'
2025-08-18T10:54:01.391+03:00  INFO 2473 --- [expense-tracker-test] [           main] o.s.b.t.m.w.SpringBootMockServletContext : Initializing Spring TestDispatcherServlet ''
2025-08-18T10:54:01.391+03:00  INFO 2473 --- [expense-tracker-test] [           main] o.s.t.web.servlet.TestDispatcherServlet  : Initializing Servlet ''
2025-08-18T10:54:01.392+03:00  INFO 2473 --- [expense-tracker-test] [           main] o.s.t.web.servlet.TestDispatcherServlet  : Completed initialization in 1 ms
2025-08-18T10:54:01.410+03:00  INFO 2473 --- [expense-tracker-test] [           main] c.f.e.i.ExpenseTrackerH2IntegrationTest  : Started ExpenseTrackerH2IntegrationTest in 5.869 seconds (process running for 6.989)
2025-08-18T10:54:01.414+03:00  INFO 2473 --- [expense-tracker-test] [           main] c.f.e.config.DatabaseConfig              : Initializing default categories...
2025-08-18T10:54:01.522+03:00  WARN 2473 --- [expense-tracker-test] [           main] c.f.e.config.DatabaseConfig              : Default category not found, creating 'Uncategorized' category
2025-08-18T10:54:01.590+03:00  INFO 2473 --- [expense-tracker-test] [           main] c.f.e.config.DatabaseConfig              : Created default 'Uncategorized' category
2025-08-18T10:54:01.652+03:00  INFO 2473 --- [expense-tracker-test] [           main] c.f.e.config.DatabaseConfig              : Created 23 missing essential categories
2025-08-18T10:54:01.667+03:00  INFO 2473 --- [expense-tracker-test] [           main] c.f.e.config.DatabaseConfig              : Database initialization complete. Total categories: 24
2025-08-18T10:54:02.423+03:00  INFO 2473 --- [expense-tracker-test] [           main] c.f.e.controller.AuthController          : Registration request received for email: integration@example.com
2025-08-18T10:54:02.424+03:00  INFO 2473 --- [expense-tracker-test] [           main] c.f.expensetracker.service.UserService   : Attempting to register user with email: integration@example.com
2025-08-18T10:54:02.508+03:00  INFO 2473 --- [expense-tracker-test] [           main] c.f.expensetracker.service.UserService   : User registered successfully with ID: 1
2025-08-18T10:54:02.539+03:00  INFO 2473 --- [expense-tracker-test] [           main] c.f.e.controller.AuthController          : User registered successfully: integration@example.com
2025-08-18T10:54:02.658+03:00  INFO 2473 --- [expense-tracker-test] [           main] c.f.e.controller.AuthController          : Registration request received for email: integration@example.com
2025-08-18T10:54:02.659+03:00  INFO 2473 --- [expense-tracker-test] [           main] c.f.expensetracker.service.UserService   : Attempting to register user with email: integration@example.com
2025-08-18T10:54:02.660+03:00  WARN 2473 --- [expense-tracker-test] [           main] c.f.expensetracker.service.UserService   : Registration failed - email already exists: integration@example.com
2025-08-18T10:54:02.664+03:00  WARN 2473 --- [expense-tracker-test] [           main] c.f.e.exception.GlobalExceptionHandler   : Bad request exception: Email address is already in use
2025-08-18T10:54:02.674+03:00  INFO 2473 --- [expense-tracker-test] [           main] c.f.e.controller.AuthController          : Login request received for email: integration@example.com
2025-08-18T10:54:02.674+03:00  INFO 2473 --- [expense-tracker-test] [           main] c.f.expensetracker.service.UserService   : Attempting to authenticate user with email: integration@example.com
2025-08-18T10:54:02.825+03:00  INFO 2473 --- [expense-tracker-test] [           main] c.f.expensetracker.service.UserService   : User authenticated successfully: integration@example.com
2025-08-18T10:54:02.826+03:00  INFO 2473 --- [expense-tracker-test] [           main] c.f.e.controller.AuthController          : User authenticated successfully: integration@example.com
2025-08-18T10:54:02.829+03:00  INFO 2473 --- [expense-tracker-test] [           main] c.f.e.controller.AuthController          : Login request received for email: integration@example.com
2025-08-18T10:54:02.829+03:00  INFO 2473 --- [expense-tracker-test] [           main] c.f.expensetracker.service.UserService   : Attempting to authenticate user with email: integration@example.com
2025-08-18T10:54:02.894+03:00  WARN 2473 --- [expense-tracker-test] [           main] c.f.expensetracker.service.UserService   : Authentication failed for email: integration@example.com
2025-08-18T10:54:02.895+03:00  WARN 2473 --- [expense-tracker-test] [           main] c.f.e.exception.GlobalExceptionHandler   : Authentication failed: Invalid email or password
2025-08-18T10:54:02.936+03:00  INFO 2473 --- [expense-tracker-test] [           main] c.f.e.controller.AccountController       : Creating account for user ID: 1 with name: Integration Test Account
2025-08-18T10:54:02.937+03:00  INFO 2473 --- [expense-tracker-test] [           main] c.f.e.service.AccountService             : Creating account for user ID: 1
2025-08-18T10:54:02.940+03:00  INFO 2473 --- [expense-tracker-test] [           main] c.f.e.service.AccountService             : Successfully created account with ID: 1 for user ID: 1
2025-08-18T10:54:02.956+03:00  INFO 2473 --- [expense-tracker-test] [           main] c.f.e.controller.AccountController       : Successfully created account ID: 1 for user ID: 1
2025-08-18T10:54:02.964+03:00  INFO 2473 --- [expense-tracker-test] [           main] c.f.e.controller.AccountController       : Retrieving accounts for user ID: 1
2025-08-18T10:54:02.965+03:00  INFO 2473 --- [expense-tracker-test] [           main] c.f.e.service.AccountService             : Retrieving accounts for user ID: 1
2025-08-18T10:54:02.974+03:00  INFO 2473 --- [expense-tracker-test] [           main] c.f.e.service.AccountService             : Found 1 accounts for user ID: 1
2025-08-18T10:54:02.980+03:00  INFO 2473 --- [expense-tracker-test] [           main] c.f.e.controller.AccountController       : Retrieved 1 accounts for user ID: 1
2025-08-18T10:54:03.001+03:00  INFO 2473 --- [expense-tracker-test] [           main] c.f.e.controller.AccountController       : Updating account ID: 1 for user ID: 1
2025-08-18T10:54:03.002+03:00  INFO 2473 --- [expense-tracker-test] [           main] c.f.e.service.AccountService             : Updating account ID: 1 for user ID: 1
2025-08-18T10:54:03.006+03:00  INFO 2473 --- [expense-tracker-test] [           main] c.f.e.service.AccountService             : Successfully updated account ID: 1 for user ID: 1
2025-08-18T10:54:03.018+03:00  INFO 2473 --- [expense-tracker-test] [           main] c.f.e.controller.AccountController       : Successfully updated account ID: 1 for user ID: 1
2025-08-18T10:54:03.023+03:00  INFO 2473 --- [expense-tracker-test] [           main] c.f.e.controller.AccountController       : Calculating balance for account ID: 1 for user ID: 1
2025-08-18T10:54:03.024+03:00  INFO 2473 --- [expense-tracker-test] [           main] c.f.e.service.AccountService             : Calculating balance for account ID: 1 for user ID: 1
2025-08-18T10:54:03.026+03:00  INFO 2473 --- [expense-tracker-test] [           main] c.f.e.service.AccountService             : Calculated balance for account ID: 1 is: 1500.00
2025-08-18T10:54:03.027+03:00  INFO 2473 --- [expense-tracker-test] [           main] c.f.e.controller.AccountController       : Calculated balance for account ID: 1 is: 1500.00
2025-08-18T10:54:03.038+03:00  INFO 2473 --- [expense-tracker-test] [           main] c.f.e.controller.TransactionController   : Creating transaction for user ID: 1 with amount: 3000.00 and description: 'Monthly Salary'
2025-08-18T10:54:03.044+03:00  INFO 2473 --- [expense-tracker-test] [           main] c.f.e.service.TransactionService         : Created transaction with ID 1 for user 1
2025-08-18T10:54:03.045+03:00  INFO 2473 --- [expense-tracker-test] [           main] c.f.e.controller.TransactionController   : Successfully created transaction ID: 1 for user ID: 1
2025-08-18T10:54:03.055+03:00  INFO 2473 --- [expense-tracker-test] [           main] c.f.e.controller.TransactionController   : Creating transaction for user ID: 1 with amount: 1200.00 and description: 'Rent'
2025-08-18T10:54:03.065+03:00  WARN 2473 --- [expense-tracker-test] [           main] c.f.e.exception.GlobalExceptionHandler   : Constraint violation: Validation failed for classes [com.fintech.expensetracker.entity.Transaction] during persist time for groups [jakarta.validation.groups.Default, ]
List of constraint violations:[
	ConstraintViolationImpl{interpolatedMessage='Amount must be greater than 0', propertyPath=amount, rootBeanClass=class com.fintech.expensetracker.entity.Transaction, messageTemplate='Amount must be greater than 0'}
]

MockHttpServletRequest:
      HTTP Method = POST
      Request URI = /api/v1/auth/register
       Parameters = {}
          Headers = [Content-Type:"application/json;charset=UTF-8", Content-Length:"91"]
             Body = {"email":"integration@example.com","password":"password123","name":"Integration Test User"}
    Session Attrs = {}

Handler:
             Type = com.fintech.expensetracker.controller.AuthController
           Method = com.fintech.expensetracker.controller.AuthController#registerUser(UserRegistrationRequest)

Async:
    Async started = false
     Async result = null

Resolved Exception:
             Type = null

ModelAndView:
        View name = null
             View = null
            Model = null

FlashMap:
       Attributes = null

MockHttpServletResponse:
           Status = 201
    Error message = null
          Headers = [Vary:"Origin", "Access-Control-Request-Method", "Access-Control-Request-Headers", Content-Type:"application/json", X-Content-Type-Options:"nosniff", X-XSS-Protection:"0", Cache-Control:"no-cache, no-store, max-age=0, must-revalidate", Pragma:"no-cache", Expires:"0"]
     Content type = application/json
             Body = {"token":"eyJhbGciOiJIUzUxMiJ9.eyJzdWIiOiIxIiwiaWF0IjoxNzU1NTAzNjQyLCJleHAiOjE3NTU1MDcyNDJ9.Ldhdyv16fqrVfI9Sh3CiAEXDr8zfdnYXRczm8BjkONZ8WIGOu4N3XfnmDQ-gxGn-ANzYABqps8QXZfgyXjGpzw","tokenType":"Bearer","expiresIn":86400,"user":{"id":1,"email":"integration@example.com","name":"Integration Test User","createdAt":"2025-08-18T10:54:02.505705"}}
    Forwarded URL = null
   Redirected URL = null
          Cookies = []

MockHttpServletRequest:
      HTTP Method = POST
      Request URI = /api/v1/auth/register
       Parameters = {}
          Headers = [Content-Type:"application/json;charset=UTF-8", Content-Length:"91"]
             Body = {"email":"integration@example.com","password":"password123","name":"Integration Test User"}
    Session Attrs = {}

Handler:
             Type = com.fintech.expensetracker.controller.AuthController
           Method = com.fintech.expensetracker.controller.AuthController#registerUser(UserRegistrationRequest)

Async:
    Async started = false
     Async result = null

Resolved Exception:
             Type = com.fintech.expensetracker.exception.BadRequestException

ModelAndView:
        View name = null
             View = null
            Model = null

FlashMap:
       Attributes = null

MockHttpServletResponse:
           Status = 400
    Error message = null
          Headers = [Vary:"Origin", "Access-Control-Request-Method", "Access-Control-Request-Headers", Content-Type:"application/json", X-Content-Type-Options:"nosniff", X-XSS-Protection:"0", Cache-Control:"no-cache, no-store, max-age=0, must-revalidate", Pragma:"no-cache", Expires:"0"]
     Content type = application/json
             Body = {"timestamp":"2025-08-18T10:54:02.665284","status":400,"error":"Bad Request","message":"Email address is already in use","path":"/api/v1/auth/register","details":null}
    Forwarded URL = null
   Redirected URL = null
          Cookies = []

MockHttpServletRequest:
      HTTP Method = POST
      Request URI = /api/v1/auth/login
       Parameters = {}
          Headers = [Content-Type:"application/json;charset=UTF-8", Content-Length:"60"]
             Body = {"email":"integration@example.com","password":"password123"}
    Session Attrs = {}

Handler:
             Type = com.fintech.expensetracker.controller.AuthController
           Method = com.fintech.expensetracker.controller.AuthController#authenticateUser(LoginRequest)

Async:
    Async started = false
     Async result = null

Resolved Exception:
             Type = null

ModelAndView:
        View name = null
             View = null
            Model = null

FlashMap:
       Attributes = null

MockHttpServletResponse:
           Status = 200
    Error message = null
          Headers = [Vary:"Origin", "Access-Control-Request-Method", "Access-Control-Request-Headers", Content-Type:"application/json", X-Content-Type-Options:"nosniff", X-XSS-Protection:"0", Cache-Control:"no-cache, no-store, max-age=0, must-revalidate", Pragma:"no-cache", Expires:"0"]
     Content type = application/json
             Body = {"token":"eyJhbGciOiJIUzUxMiJ9.eyJzdWIiOiIxIiwiaWF0IjoxNzU1NTAzNjQyLCJleHAiOjE3NTU1MDcyNDJ9.Ldhdyv16fqrVfI9Sh3CiAEXDr8zfdnYXRczm8BjkONZ8WIGOu4N3XfnmDQ-gxGn-ANzYABqps8QXZfgyXjGpzw","tokenType":"Bearer","expiresIn":86400,"user":{"id":1,"email":"integration@example.com","name":"Integration Test User","createdAt":"2025-08-18T10:54:02.505705"}}
    Forwarded URL = null
   Redirected URL = null
          Cookies = []

MockHttpServletRequest:
      HTTP Method = POST
      Request URI = /api/v1/auth/login
       Parameters = {}
          Headers = [Content-Type:"application/json;charset=UTF-8", Content-Length:"62"]
             Body = {"email":"integration@example.com","password":"wrongpassword"}
    Session Attrs = {}

Handler:
             Type = com.fintech.expensetracker.controller.AuthController
           Method = com.fintech.expensetracker.controller.AuthController#authenticateUser(LoginRequest)

Async:
    Async started = false
     Async result = null

Resolved Exception:
             Type = org.springframework.security.authentication.BadCredentialsException

ModelAndView:
        View name = null
             View = null
            Model = null

FlashMap:
       Attributes = null

MockHttpServletResponse:
           Status = 401
    Error message = null
          Headers = [Vary:"Origin", "Access-Control-Request-Method", "Access-Control-Request-Headers", Content-Type:"application/json", X-Content-Type-Options:"nosniff", X-XSS-Protection:"0", Cache-Control:"no-cache, no-store, max-age=0, must-revalidate", Pragma:"no-cache", Expires:"0"]
     Content type = application/json
             Body = {"timestamp":"2025-08-18T10:54:02.896012","status":401,"error":"Authentication Failed","message":"Invalid credentials provided","path":"/api/v1/auth/login","details":null}
    Forwarded URL = null
   Redirected URL = null
          Cookies = []

MockHttpServletRequest:
      HTTP Method = GET
      Request URI = /api/v1/accounts
       Parameters = {}
          Headers = []
             Body = null
    Session Attrs = {}

Handler:
             Type = null

Async:
    Async started = false
     Async result = null

Resolved Exception:
             Type = null

ModelAndView:
        View name = null
             View = null
            Model = null

FlashMap:
       Attributes = null

MockHttpServletResponse:
           Status = 403
    Error message = Access Denied
          Headers = [Vary:"Origin", "Access-Control-Request-Method", "Access-Control-Request-Headers", X-Content-Type-Options:"nosniff", X-XSS-Protection:"0", Cache-Control:"no-cache, no-store, max-age=0, must-revalidate", Pragma:"no-cache", Expires:"0"]
     Content type = null
             Body = 
    Forwarded URL = null
   Redirected URL = null
          Cookies = []

MockHttpServletRequest:
      HTTP Method = POST
      Request URI = /api/v1/accounts
       Parameters = {}
          Headers = [Content-Type:"application/json;charset=UTF-8", Authorization:"Bearer eyJhbGciOiJIUzUxMiJ9.eyJzdWIiOiIxIiwiaWF0IjoxNzU1NTAzNjQyLCJleHAiOjE3NTU1MDcyNDJ9.Ldhdyv16fqrVfI9Sh3CiAEXDr8zfdnYXRczm8BjkONZ8WIGOu4N3XfnmDQ-gxGn-ANzYABqps8QXZfgyXjGpzw", Content-Length:"78"]
             Body = {"name":"Integration Test Account","type":"CHECKING","initialBalance":1500.00}
    Session Attrs = {}

Handler:
             Type = com.fintech.expensetracker.controller.AccountController
           Method = com.fintech.expensetracker.controller.AccountController#createAccount(CreateAccountRequest, UserPrincipal)

Async:
    Async started = false
     Async result = null

Resolved Exception:
             Type = null

ModelAndView:
        View name = null
             View = null
            Model = null

FlashMap:
       Attributes = null

MockHttpServletResponse:
           Status = 201
    Error message = null
          Headers = [Vary:"Origin", "Access-Control-Request-Method", "Access-Control-Request-Headers", Content-Type:"application/json", X-Content-Type-Options:"nosniff", X-XSS-Protection:"0", Cache-Control:"no-cache, no-store, max-age=0, must-revalidate", Pragma:"no-cache", Expires:"0"]
     Content type = application/json
             Body = {"id":1,"name":"Integration Test Account","type":"CHECKING","initialBalance":1500.00,"currentBalance":1500.00,"createdAt":"2025-08-18T10:54:02.939027","updatedAt":"2025-08-18T10:54:02.939046"}
    Forwarded URL = null
   Redirected URL = null
          Cookies = []

MockHttpServletRequest:
      HTTP Method = GET
      Request URI = /api/v1/accounts
       Parameters = {}
          Headers = [Authorization:"Bearer eyJhbGciOiJIUzUxMiJ9.eyJzdWIiOiIxIiwiaWF0IjoxNzU1NTAzNjQyLCJleHAiOjE3NTU1MDcyNDJ9.Ldhdyv16fqrVfI9Sh3CiAEXDr8zfdnYXRczm8BjkONZ8WIGOu4N3XfnmDQ-gxGn-ANzYABqps8QXZfgyXjGpzw"]
             Body = null
    Session Attrs = {}

Handler:
             Type = com.fintech.expensetracker.controller.AccountController
           Method = com.fintech.expensetracker.controller.AccountController#getUserAccounts(UserPrincipal)

Async:
    Async started = false
     Async result = null

Resolved Exception:
             Type = null

ModelAndView:
        View name = null
             View = null
            Model = null

FlashMap:
       Attributes = null

MockHttpServletResponse:
           Status = 200
    Error message = null
          Headers = [Vary:"Origin", "Access-Control-Request-Method", "Access-Control-Request-Headers", Content-Type:"application/json", X-Content-Type-Options:"nosniff", X-XSS-Protection:"0", Cache-Control:"no-cache, no-store, max-age=0, must-revalidate", Pragma:"no-cache", Expires:"0"]
     Content type = application/json
             Body = [{"id":1,"name":"Integration Test Account","type":"CHECKING","initialBalance":1500.00,"currentBalance":1500.00,"createdAt":"2025-08-18T10:54:02.939027","updatedAt":"2025-08-18T10:54:02.939046"}]
    Forwarded URL = null
   Redirected URL = null
          Cookies = []

MockHttpServletRequest:
      HTTP Method = PUT
      Request URI = /api/v1/accounts/1
       Parameters = {}
          Headers = [Content-Type:"application/json;charset=UTF-8", Authorization:"Bearer eyJhbGciOiJIUzUxMiJ9.eyJzdWIiOiIxIiwiaWF0IjoxNzU1NTAzNjQyLCJleHAiOjE3NTU1MDcyNDJ9.Ldhdyv16fqrVfI9Sh3CiAEXDr8zfdnYXRczm8BjkONZ8WIGOu4N3XfnmDQ-gxGn-ANzYABqps8QXZfgyXjGpzw", Content-Length:"72"]
             Body = {"name":"Updated Integration Account","type":null,"initialBalance":null}
    Session Attrs = {}

Handler:
             Type = com.fintech.expensetracker.controller.AccountController
           Method = com.fintech.expensetracker.controller.AccountController#updateAccount(Long, UpdateAccountRequest, UserPrincipal)

Async:
    Async started = false
     Async result = null

Resolved Exception:
             Type = null

ModelAndView:
        View name = null
             View = null
            Model = null

FlashMap:
       Attributes = null

MockHttpServletResponse:
           Status = 200
    Error message = null
          Headers = [Vary:"Origin", "Access-Control-Request-Method", "Access-Control-Request-Headers", Content-Type:"application/json", X-Content-Type-Options:"nosniff", X-XSS-Protection:"0", Cache-Control:"no-cache, no-store, max-age=0, must-revalidate", Pragma:"no-cache", Expires:"0"]
     Content type = application/json
             Body = {"id":1,"name":"Updated Integration Account","type":"CHECKING","initialBalance":1500.00,"currentBalance":1500.00,"createdAt":"2025-08-18T10:54:02.939027","updatedAt":"2025-08-18T10:54:03.009338"}
    Forwarded URL = null
   Redirected URL = null
          Cookies = []

MockHttpServletRequest:
      HTTP Method = GET
      Request URI = /api/v1/accounts/1/balance
       Parameters = {}
          Headers = [Authorization:"Bearer eyJhbGciOiJIUzUxMiJ9.eyJzdWIiOiIxIiwiaWF0IjoxNzU1NTAzNjQyLCJleHAiOjE3NTU1MDcyNDJ9.Ldhdyv16fqrVfI9Sh3CiAEXDr8zfdnYXRczm8BjkONZ8WIGOu4N3XfnmDQ-gxGn-ANzYABqps8QXZfgyXjGpzw"]
             Body = null
    Session Attrs = {}

Handler:
             Type = com.fintech.expensetracker.controller.AccountController
           Method = com.fintech.expensetracker.controller.AccountController#getAccountBalance(Long, UserPrincipal)

Async:
    Async started = false
     Async result = null

Resolved Exception:
             Type = null

ModelAndView:
        View name = null
             View = null
            Model = null

FlashMap:
       Attributes = null

MockHttpServletResponse:
           Status = 200
    Error message = null
          Headers = [Vary:"Origin", "Access-Control-Request-Method", "Access-Control-Request-Headers", Content-Type:"application/json", X-Content-Type-Options:"nosniff", X-XSS-Protection:"0", Cache-Control:"no-cache, no-store, max-age=0, must-revalidate", Pragma:"no-cache", Expires:"0"]
     Content type = application/json
             Body = {"accountId":1,"balance":1500.00}
    Forwarded URL = null
   Redirected URL = null
          Cookies = []

MockHttpServletRequest:
      HTTP Method = POST
      Request URI = /api/v1/transactions
       Parameters = {}
          Headers = [Content-Type:"application/json;charset=UTF-8", Authorization:"Bearer eyJhbGciOiJIUzUxMiJ9.eyJzdWIiOiIxIiwiaWF0IjoxNzU1NTAzNjQyLCJleHAiOjE3NTU1MDcyNDJ9.Ldhdyv16fqrVfI9Sh3CiAEXDr8zfdnYXRczm8BjkONZ8WIGOu4N3XfnmDQ-gxGn-ANzYABqps8QXZfgyXjGpzw", Content-Length:"128"]
             Body = {"amount":3000.00,"description":"Monthly Salary","transactionDate":"2025-08-18","accountId":1,"categoryId":null,"type":"INCOME"}
    Session Attrs = {}

Handler:
             Type = com.fintech.expensetracker.controller.TransactionController
           Method = com.fintech.expensetracker.controller.TransactionController#createTransaction(CreateTransactionRequest, UserPrincipal)

Async:
    Async started = false
     Async result = null

Resolved Exception:
             Type = null

ModelAndView:
        View name = null
             View = null
            Model = null

FlashMap:
       Attributes = null

MockHttpServletResponse:
           Status = 201
    Error message = null
          Headers = [Vary:"Origin", "Access-Control-Request-Method", "Access-Control-Request-Headers", Content-Type:"application/json", X-Content-Type-Options:"nosniff", X-XSS-Protection:"0", Cache-Control:"no-cache, no-store, max-age=0, must-revalidate", Pragma:"no-cache", Expires:"0"]
     Content type = application/json
             Body = {"id":1,"amount":3000.00,"description":"Monthly Salary","transactionDate":"2025-08-18","account":{"id":1,"name":"Updated Integration Account","type":"CHECKING","initialBalance":null,"currentBalance":null,"createdAt":null,"updatedAt":null},"category":{"id":1,"name":"Uncategorized","description":"Default category for transactions without a specific category","default":true},"type":"INCOME","createdAt":"2025-08-18T10:54:03.04322","updatedAt":"2025-08-18T10:54:03.043241"}
    Forwarded URL = null
   Redirected URL = null
          Cookies = []

MockHttpServletRequest:
      HTTP Method = POST
      Request URI = /api/v1/transactions
       Parameters = {}
          Headers = [Content-Type:"application/json;charset=UTF-8", Authorization:"Bearer eyJhbGciOiJIUzUxMiJ9.eyJzdWIiOiIxIiwiaWF0IjoxNzU1NTAzNjQyLCJleHAiOjE3NTU1MDcyNDJ9.Ldhdyv16fqrVfI9Sh3CiAEXDr8zfdnYXRczm8BjkONZ8WIGOu4N3XfnmDQ-gxGn-ANzYABqps8QXZfgyXjGpzw", Content-Length:"119"]
             Body = {"amount":1200.00,"description":"Rent","transactionDate":"2025-08-17","accountId":1,"categoryId":null,"type":"EXPENSE"}
    Session Attrs = {}

Handler:
             Type = com.fintech.expensetracker.controller.TransactionController
           Method = com.fintech.expensetracker.controller.TransactionController#createTransaction(CreateTransactionRequest, UserPrincipal)

Async:
    Async started = false
     Async result = null

Resolved Exception:
             Type = jakarta.validation.ConstraintViolationException

ModelAndView:
        View name = null
             View = null
            Model = null

FlashMap:
       Attributes = null

MockHttpServletResponse:
           Status = 400
    Error message = null
          Headers = [Vary:"Origin", "Access-Control-Request-Method", "Access-Control-Request-Headers", Content-Type:"application/json", X-Content-Type-Options:"nosniff", X-XSS-Protection:"0", Cache-Control:"no-cache, no-store, max-age=0, must-revalidate", Pragma:"no-cache", Expires:"0"]
     Content type = application/json
             Body = {"timestamp":"2025-08-18T10:54:03.066334","status":400,"error":"Validation Error","message":"Constraint validation failed","path":"/api/v1/transactions","details":{"amount":"Amount must be greater than 0"}}
    Forwarded URL = null
   Redirected URL = null
          Cookies = []
]]></system-out>
    <system-err><![CDATA[WARNING: A Java agent has been loaded dynamically (/Users/bahadirbozoglu/.m2/repository/net/bytebuddy/byte-buddy-agent/1.14.10/byte-buddy-agent-1.14.10.jar)
WARNING: If a serviceability tool is in use, please run with -XX:+EnableDynamicAgentLoading to hide this warning
WARNING: If a serviceability tool is not in use, please run with -Djdk.instrument.traceUsage for more information
WARNING: Dynamic loading of agents will be disallowed by default in a future release
]]></system-err>
  </testcase>
</testsuite>