<?xml version="1.0" encoding="UTF-8"?>
<testsuite xmlns:xsi="http://www.w3.org/2001/XMLSchema-instance" xsi:noNamespaceSchemaLocation="https://maven.apache.org/surefire/maven-surefire-plugin/xsd/surefire-test-report-3.0.xsd" version="3.0" name="com.fintech.expensetracker.integration.ExpenseTrackerH2IntegrationTest" time="8.413" tests="1" errors="0" skipped="0" failures="1">
  <properties>
[...]
</properties>
  <testcase name="shouldCompleteFullIntegrationWorkflow" classname="com.fintech.expensetracker.integration.ExpenseTrackerH2IntegrationTest" time="1.853">
    <failure message="JSON path &quot;$.length()&quot; expected:&lt;5&gt; but was:&lt;11&gt;" type="java.lang.AssertionError"><![CDATA[java.lang.AssertionError: JSON path "$.length()" expected:<5> but was:<11>
	at org.springframework.test.util.AssertionErrors.fail(AssertionErrors.java:59)
	at org.springframework.test.util.AssertionErrors.assertEquals(AssertionErrors.java:122)
	at org.springframework.test.util.JsonPathExpectationsHelper.assertValue(JsonPathExpectationsHelper.java:123)
	at org.springframework.test.web.servlet.result.JsonPathResultMatchers.lambda$value$2(JsonPathResultMatchers.java:111)
	at org.springframework.test.web.servlet.MockMvc$1.andExpect(MockMvc.java:214)
	at com.fintech.expensetracker.integration.ExpenseTrackerH2IntegrationTest.shouldCompleteFullIntegrationWorkflow(ExpenseTrackerH2IntegrationTest.java:355)
	at java.base/java.lang.reflect.Method.invoke(Method.java:580)
	at java.base/java.util.ArrayList.forEach(ArrayList.java:1596)
	at java.base/java.util.ArrayList.forEach(ArrayList.java:1596)
]]></failure>
    <system-out><![CDATA[15:21:28.894 [main] INFO org.springframework.test.context.support.AnnotationConfigContextLoaderUtils -- Could not detect default configuration classes for test class [com.fintech.expensetracker.integration.ExpenseTrackerH2IntegrationTest]: ExpenseTrackerH2IntegrationTest does not declare any static, non-private, non-final, nested classes annotated with @Configuration.
15:21:29.034 [main] INFO org.springframework.boot.test.context.SpringBootTestContextBootstrapper -- Found @SpringBootConfiguration com.fintech.expensetracker.ExpenseTrackerApplication for test class com.fintech.expensetracker.integration.ExpenseTrackerH2IntegrationTest

  .   ____          _            __ _ _
 /\\ / ___'_ __ _ _(_)_ __  __ _ \ \ \ \
( ( )\___ | '_ | '_| | '_ \/ _` | \ \ \ \
 \\/  ___)| |_)| | | | | || (_| |  ) ) ) )
  '  |____| .__|_| |_|_| |_\__, | / / / /
 =========|_|==============|___/=/_/_/_/
 :: Spring Boot ::                (v3.2.1)

2025-08-19T15:21:29.502+03:00  INFO 21812 --- [expense-tracker-test] [           main] c.f.e.i.ExpenseTrackerH2IntegrationTest  : Starting ExpenseTrackerH2IntegrationTest using Java 21.0.8 with PID 21812 (started by bahadirbozoglu in /Users/bahadirbozoglu/Projects/VScode/kiro-test/kiro-test)
2025-08-19T15:21:29.503+03:00  INFO 21812 --- [expense-tracker-test] [           main] c.f.e.i.ExpenseTrackerH2IntegrationTest  : The following 1 profile is active: "test"
2025-08-19T15:21:30.294+03:00  INFO 21812 --- [expense-tracker-test] [           main] .s.d.r.c.RepositoryConfigurationDelegate : Bootstrapping Spring Data JPA repositories in DEFAULT mode.
2025-08-19T15:21:30.377+03:00  INFO 21812 --- [expense-tracker-test] [           main] .s.d.r.c.RepositoryConfigurationDelegate : Finished Spring Data repository scanning in 74 ms. Found 4 JPA repository interfaces.
2025-08-19T15:21:30.877+03:00  INFO 21812 --- [expense-tracker-test] [           main] o.hibernate.jpa.internal.util.LogHelper  : HHH000204: Processing PersistenceUnitInfo [name: default]
2025-08-19T15:21:30.952+03:00  INFO 21812 --- [expense-tracker-test] [           main] org.hibernate.Version                    : HHH000412: Hibernate ORM core version 6.4.1.Final
2025-08-19T15:21:30.988+03:00  INFO 21812 --- [expense-tracker-test] [           main] o.h.c.internal.RegionFactoryInitiator    : HHH000026: Second-level cache disabled
2025-08-19T15:21:31.293+03:00  INFO 21812 --- [expense-tracker-test] [           main] o.s.o.j.p.SpringPersistenceUnitInfo      : No LoadTimeWeaver setup: ignoring JPA class transformer
2025-08-19T15:21:31.322+03:00  INFO 21812 --- [expense-tracker-test] [           main] com.zaxxer.hikari.HikariDataSource       : HikariPool-1 - Starting...
2025-08-19T15:21:31.520+03:00  INFO 21812 --- [expense-tracker-test] [           main] com.zaxxer.hikari.pool.HikariPool        : HikariPool-1 - Added connection conn0: url=jdbc:h2:mem:testdb user=SA
2025-08-19T15:21:31.521+03:00  INFO 21812 --- [expense-tracker-test] [           main] com.zaxxer.hikari.HikariDataSource       : HikariPool-1 - Start completed.
2025-08-19T15:21:31.557+03:00  WARN 21812 --- [expense-tracker-test] [           main] org.hibernate.orm.deprecation            : HHH90000025: H2Dialect does not need to be specified explicitly using 'hibernate.dialect' (remove the property setting and it will be selected by default)
2025-08-19T15:21:32.632+03:00  INFO 21812 --- [expense-tracker-test] [           main] o.h.e.t.j.p.i.JtaPlatformInitiator       : HHH000489: No JTA platform available (set 'hibernate.transaction.jta.platform' to enable JTA platform integration)
2025-08-19T15:21:32.684+03:00  INFO 21812 --- [expense-tracker-test] [           main] j.LocalContainerEntityManagerFactoryBean : Initialized JPA EntityManagerFactory for persistence unit 'default'
2025-08-19T15:21:32.987+03:00  INFO 21812 --- [expense-tracker-test] [           main] o.s.d.j.r.query.QueryEnhancerFactory     : Hibernate is in classpath; If applicable, HQL parser will be used.
2025-08-19T15:21:34.254+03:00  WARN 21812 --- [expense-tracker-test] [           main] JpaBaseConfiguration$JpaWebConfiguration : spring.jpa.open-in-view is enabled by default. Therefore, database queries may be performed during view rendering. Explicitly configure spring.jpa.open-in-view to disable this warning
2025-08-19T15:21:34.878+03:00  INFO 21812 --- [expense-tracker-test] [           main] o.s.b.a.h2.H2ConsoleAutoConfiguration    : H2 console available at '/h2-console'. Database available at 'jdbc:h2:mem:testdb'
2025-08-19T15:21:34.948+03:00  INFO 21812 --- [expense-tracker-test] [           main] o.s.b.t.m.w.SpringBootMockServletContext : Initializing Spring TestDispatcherServlet ''
2025-08-19T15:21:34.949+03:00  INFO 21812 --- [expense-tracker-test] [           main] o.s.t.web.servlet.TestDispatcherServlet  : Initializing Servlet ''
2025-08-19T15:21:34.950+03:00  INFO 21812 --- [expense-tracker-test] [           main] o.s.t.web.servlet.TestDispatcherServlet  : Completed initialization in 1 ms
2025-08-19T15:21:34.968+03:00  INFO 21812 --- [expense-tracker-test] [           main] c.f.e.i.ExpenseTrackerH2IntegrationTest  : Started ExpenseTrackerH2IntegrationTest in 5.776 seconds (process running for 6.934)
2025-08-19T15:21:34.972+03:00  INFO 21812 --- [expense-tracker-test] [           main] c.f.e.config.DatabaseConfig              : Initializing default categories...
2025-08-19T15:21:35.085+03:00  WARN 21812 --- [expense-tracker-test] [           main] c.f.e.config.DatabaseConfig              : Default category not found, creating 'Uncategorized' category
2025-08-19T15:21:35.150+03:00  INFO 21812 --- [expense-tracker-test] [           main] c.f.e.config.DatabaseConfig              : Created default 'Uncategorized' category
2025-08-19T15:21:35.219+03:00  INFO 21812 --- [expense-tracker-test] [           main] c.f.e.config.DatabaseConfig              : Created 23 missing essential categories
2025-08-19T15:21:35.232+03:00  INFO 21812 --- [expense-tracker-test] [           main] c.f.e.config.DatabaseConfig              : Database initialization complete. Total categories: 24
2025-08-19T15:21:36.112+03:00  INFO 21812 --- [expense-tracker-test] [           main] c.f.e.controller.AuthController          : Registration request received for email: integration@example.com
2025-08-19T15:21:36.114+03:00  INFO 21812 --- [expense-tracker-test] [           main] c.f.expensetracker.service.UserService   : Attempting to register user with email: integration@example.com
2025-08-19T15:21:36.211+03:00  INFO 21812 --- [expense-tracker-test] [           main] c.f.expensetracker.service.UserService   : User registered successfully with ID: 1
2025-08-19T15:21:36.246+03:00  INFO 21812 --- [expense-tracker-test] [           main] c.f.e.controller.AuthController          : User registered successfully: integration@example.com
2025-08-19T15:21:36.373+03:00  INFO 21812 --- [expense-tracker-test] [           main] c.f.e.controller.AuthController          : Registration request received for email: integration@example.com
2025-08-19T15:21:36.373+03:00  INFO 21812 --- [expense-tracker-test] [           main] c.f.expensetracker.service.UserService   : Attempting to register user with email: integration@example.com
2025-08-19T15:21:36.376+03:00  WARN 21812 --- [expense-tracker-test] [           main] c.f.expensetracker.service.UserService   : Registration failed - email already exists: integration@example.com
2025-08-19T15:21:36.380+03:00  WARN 21812 --- [expense-tracker-test] [           main] c.f.e.exception.GlobalExceptionHandler   : Bad request exception: Email address is already in use
2025-08-19T15:21:36.388+03:00  INFO 21812 --- [expense-tracker-test] [           main] c.f.e.controller.AuthController          : Login request received for email: integration@example.com
2025-08-19T15:21:36.388+03:00  INFO 21812 --- [expense-tracker-test] [           main] c.f.expensetracker.service.UserService   : Attempting to authenticate user with email: integration@example.com
2025-08-19T15:21:36.541+03:00  INFO 21812 --- [expense-tracker-test] [           main] c.f.expensetracker.service.UserService   : User authenticated successfully: integration@example.com
2025-08-19T15:21:36.542+03:00  INFO 21812 --- [expense-tracker-test] [           main] c.f.e.controller.AuthController          : User authenticated successfully: integration@example.com
2025-08-19T15:21:36.545+03:00  INFO 21812 --- [expense-tracker-test] [           main] c.f.e.controller.AuthController          : Login request received for email: integration@example.com
2025-08-19T15:21:36.545+03:00  INFO 21812 --- [expense-tracker-test] [           main] c.f.expensetracker.service.UserService   : Attempting to authenticate user with email: integration@example.com
2025-08-19T15:21:36.615+03:00  WARN 21812 --- [expense-tracker-test] [           main] c.f.expensetracker.service.UserService   : Authentication failed for email: integration@example.com
2025-08-19T15:21:36.616+03:00  WARN 21812 --- [expense-tracker-test] [           main] c.f.e.exception.GlobalExceptionHandler   : Authentication failed: Invalid email or password
2025-08-19T15:21:36.659+03:00  INFO 21812 --- [expense-tracker-test] [           main] c.f.e.controller.AccountController       : Creating account for user ID: 1 with name: Integration Test Account
2025-08-19T15:21:36.659+03:00  INFO 21812 --- [expense-tracker-test] [           main] c.f.e.service.AccountService             : Creating account for user ID: 1
2025-08-19T15:21:36.663+03:00  INFO 21812 --- [expense-tracker-test] [           main] c.f.e.service.AccountService             : Successfully created account with ID: 1 for user ID: 1
2025-08-19T15:21:36.678+03:00  INFO 21812 --- [expense-tracker-test] [           main] c.f.e.controller.AccountController       : Successfully created account ID: 1 for user ID: 1
2025-08-19T15:21:36.689+03:00  INFO 21812 --- [expense-tracker-test] [           main] c.f.e.controller.AccountController       : Retrieving accounts for user ID: 1
2025-08-19T15:21:36.689+03:00  INFO 21812 --- [expense-tracker-test] [           main] c.f.e.service.AccountService             : Retrieving accounts for user ID: 1
2025-08-19T15:21:36.699+03:00  INFO 21812 --- [expense-tracker-test] [           main] c.f.e.service.AccountService             : Found 1 accounts for user ID: 1
2025-08-19T15:21:36.706+03:00  INFO 21812 --- [expense-tracker-test] [           main] c.f.e.controller.AccountController       : Retrieved 1 accounts for user ID: 1
2025-08-19T15:21:36.724+03:00  INFO 21812 --- [expense-tracker-test] [           main] c.f.e.controller.AccountController       : Updating account ID: 1 for user ID: 1
2025-08-19T15:21:36.724+03:00  INFO 21812 --- [expense-tracker-test] [           main] c.f.e.service.AccountService             : Updating account ID: 1 for user ID: 1
2025-08-19T15:21:36.728+03:00  INFO 21812 --- [expense-tracker-test] [           main] c.f.e.service.AccountService             : Successfully updated account ID: 1 for user ID: 1
2025-08-19T15:21:36.740+03:00  INFO 21812 --- [expense-tracker-test] [           main] c.f.e.controller.AccountController       : Successfully updated account ID: 1 for user ID: 1
2025-08-19T15:21:36.746+03:00  INFO 21812 --- [expense-tracker-test] [           main] c.f.e.controller.AccountController       : Calculating balance for account ID: 1 for user ID: 1
2025-08-19T15:21:36.747+03:00  INFO 21812 --- [expense-tracker-test] [           main] c.f.e.service.AccountService             : Calculating balance for account ID: 1 for user ID: 1
2025-08-19T15:21:36.751+03:00  INFO 21812 --- [expense-tracker-test] [           main] c.f.e.service.AccountService             : Calculated balance for account ID: 1 is: 1500.00
2025-08-19T15:21:36.751+03:00  INFO 21812 --- [expense-tracker-test] [           main] c.f.e.controller.AccountController       : Calculated balance for account ID: 1 is: 1500.00
2025-08-19T15:21:36.767+03:00  INFO 21812 --- [expense-tracker-test] [           main] c.f.e.controller.TransactionController   : Creating transaction for user ID: 1 with amount: 3000.00 and description: 'Monthly Salary'
2025-08-19T15:21:36.767+03:00  INFO 21812 --- [expense-tracker-test] [           main] c.f.e.service.TransactionService         : DEBUG - Amount received: [3000.00], Type: [INCOME], Class: [java.math.BigDecimal]
2025-08-19T15:21:36.767+03:00  INFO 21812 --- [expense-tracker-test] [           main] c.f.e.service.TransactionService         : DEBUG - Amount details: value=[3000.00], scale=[2], precision=[6], signum=[1]
2025-08-19T15:21:36.772+03:00  INFO 21812 --- [expense-tracker-test] [           main] c.f.e.service.TransactionService         : DEBUG - convertAmountByType called with amount: [3000.00], type: [INCOME]
2025-08-19T15:21:36.772+03:00  INFO 21812 --- [expense-tracker-test] [           main] c.f.e.service.TransactionService         : DEBUG - Amount comparison with zero: amount.compareTo(BigDecimal.ZERO) = [1]
2025-08-19T15:21:36.772+03:00  INFO 21812 --- [expense-tracker-test] [           main] c.f.e.service.TransactionService         : DEBUG - Converted amount: [3000.00] -> [3000.00] for type: [INCOME]
2025-08-19T15:21:36.775+03:00  INFO 21812 --- [expense-tracker-test] [           main] c.f.e.service.TransactionService         : Created transaction with ID 1 for user 1
2025-08-19T15:21:36.777+03:00  INFO 21812 --- [expense-tracker-test] [           main] c.f.e.controller.TransactionController   : Successfully created transaction ID: 1 for user ID: 1
2025-08-19T15:21:36.788+03:00  INFO 21812 --- [expense-tracker-test] [           main] c.f.e.controller.TransactionController   : Creating transaction for user ID: 1 with amount: 1200.00 and description: 'Rent'
2025-08-19T15:21:36.788+03:00  INFO 21812 --- [expense-tracker-test] [           main] c.f.e.service.TransactionService         : DEBUG - Amount received: [1200.00], Type: [EXPENSE], Class: [java.math.BigDecimal]
2025-08-19T15:21:36.788+03:00  INFO 21812 --- [expense-tracker-test] [           main] c.f.e.service.TransactionService         : DEBUG - Amount details: value=[1200.00], scale=[2], precision=[6], signum=[1]
2025-08-19T15:21:36.792+03:00  INFO 21812 --- [expense-tracker-test] [           main] c.f.e.service.TransactionService         : DEBUG - convertAmountByType called with amount: [1200.00], type: [EXPENSE]
2025-08-19T15:21:36.792+03:00  INFO 21812 --- [expense-tracker-test] [           main] c.f.e.service.TransactionService         : DEBUG - Amount comparison with zero: amount.compareTo(BigDecimal.ZERO) = [1]
2025-08-19T15:21:36.792+03:00  INFO 21812 --- [expense-tracker-test] [           main] c.f.e.service.TransactionService         : DEBUG - Converted amount: [1200.00] -> [-1200.00] for type: [EXPENSE]
2025-08-19T15:21:36.793+03:00  INFO 21812 --- [expense-tracker-test] [           main] c.f.e.service.TransactionService         : Created transaction with ID 2 for user 1
2025-08-19T15:21:36.793+03:00  INFO 21812 --- [expense-tracker-test] [           main] c.f.e.controller.TransactionController   : Successfully created transaction ID: 2 for user ID: 1
2025-08-19T15:21:36.799+03:00  INFO 21812 --- [expense-tracker-test] [           main] c.f.e.controller.TransactionController   : Creating transaction for user ID: 1 with amount: 300.00 and description: 'Groceries'
2025-08-19T15:21:36.799+03:00  INFO 21812 --- [expense-tracker-test] [           main] c.f.e.service.TransactionService         : DEBUG - Amount received: [300.00], Type: [EXPENSE], Class: [java.math.BigDecimal]
2025-08-19T15:21:36.799+03:00  INFO 21812 --- [expense-tracker-test] [           main] c.f.e.service.TransactionService         : DEBUG - Amount details: value=[300.00], scale=[2], precision=[5], signum=[1]
2025-08-19T15:21:36.801+03:00  INFO 21812 --- [expense-tracker-test] [           main] c.f.e.service.TransactionService         : DEBUG - convertAmountByType called with amount: [300.00], type: [EXPENSE]
2025-08-19T15:21:36.801+03:00  INFO 21812 --- [expense-tracker-test] [           main] c.f.e.service.TransactionService         : DEBUG - Amount comparison with zero: amount.compareTo(BigDecimal.ZERO) = [1]
2025-08-19T15:21:36.801+03:00  INFO 21812 --- [expense-tracker-test] [           main] c.f.e.service.TransactionService         : DEBUG - Converted amount: [300.00] -> [-300.00] for type: [EXPENSE]
2025-08-19T15:21:36.802+03:00  INFO 21812 --- [expense-tracker-test] [           main] c.f.e.service.TransactionService         : Created transaction with ID 3 for user 1
2025-08-19T15:21:36.803+03:00  INFO 21812 --- [expense-tracker-test] [           main] c.f.e.controller.TransactionController   : Successfully created transaction ID: 3 for user ID: 1
2025-08-19T15:21:36.808+03:00  INFO 21812 --- [expense-tracker-test] [           main] c.f.e.controller.TransactionController   : Creating transaction for user ID: 1 with amount: 150.00 and description: 'Utilities'
2025-08-19T15:21:36.809+03:00  INFO 21812 --- [expense-tracker-test] [           main] c.f.e.service.TransactionService         : DEBUG - Amount received: [150.00], Type: [EXPENSE], Class: [java.math.BigDecimal]
2025-08-19T15:21:36.809+03:00  INFO 21812 --- [expense-tracker-test] [           main] c.f.e.service.TransactionService         : DEBUG - Amount details: value=[150.00], scale=[2], precision=[5], signum=[1]
2025-08-19T15:21:36.811+03:00  INFO 21812 --- [expense-tracker-test] [           main] c.f.e.service.TransactionService         : DEBUG - convertAmountByType called with amount: [150.00], type: [EXPENSE]
2025-08-19T15:21:36.811+03:00  INFO 21812 --- [expense-tracker-test] [           main] c.f.e.service.TransactionService         : DEBUG - Amount comparison with zero: amount.compareTo(BigDecimal.ZERO) = [1]
2025-08-19T15:21:36.811+03:00  INFO 21812 --- [expense-tracker-test] [           main] c.f.e.service.TransactionService         : DEBUG - Converted amount: [150.00] -> [-150.00] for type: [EXPENSE]
2025-08-19T15:21:36.812+03:00  INFO 21812 --- [expense-tracker-test] [           main] c.f.e.service.TransactionService         : Created transaction with ID 4 for user 1
2025-08-19T15:21:36.813+03:00  INFO 21812 --- [expense-tracker-test] [           main] c.f.e.controller.TransactionController   : Successfully created transaction ID: 4 for user ID: 1
2025-08-19T15:21:36.819+03:00  INFO 21812 --- [expense-tracker-test] [           main] c.f.e.controller.TransactionController   : Creating transaction for user ID: 1 with amount: 200.00 and description: 'Transportation'
2025-08-19T15:21:36.820+03:00  INFO 21812 --- [expense-tracker-test] [           main] c.f.e.service.TransactionService         : DEBUG - Amount received: [200.00], Type: [EXPENSE], Class: [java.math.BigDecimal]
2025-08-19T15:21:36.820+03:00  INFO 21812 --- [expense-tracker-test] [           main] c.f.e.service.TransactionService         : DEBUG - Amount details: value=[200.00], scale=[2], precision=[5], signum=[1]
2025-08-19T15:21:36.822+03:00  INFO 21812 --- [expense-tracker-test] [           main] c.f.e.service.TransactionService         : DEBUG - convertAmountByType called with amount: [200.00], type: [EXPENSE]
2025-08-19T15:21:36.822+03:00  INFO 21812 --- [expense-tracker-test] [           main] c.f.e.service.TransactionService         : DEBUG - Amount comparison with zero: amount.compareTo(BigDecimal.ZERO) = [1]
2025-08-19T15:21:36.822+03:00  INFO 21812 --- [expense-tracker-test] [           main] c.f.e.service.TransactionService         : DEBUG - Converted amount: [200.00] -> [-200.00] for type: [EXPENSE]
2025-08-19T15:21:36.823+03:00  INFO 21812 --- [expense-tracker-test] [           main] c.f.e.service.TransactionService         : Created transaction with ID 5 for user 1
2025-08-19T15:21:36.824+03:00  INFO 21812 --- [expense-tracker-test] [           main] c.f.e.controller.TransactionController   : Successfully created transaction ID: 5 for user ID: 1
2025-08-19T15:21:36.831+03:00  INFO 21812 --- [expense-tracker-test] [           main] c.f.e.controller.TransactionController   : Retrieving transactions for user ID: 1 with filters - page: 0, size: 20
2025-08-19T15:21:36.847+03:00  INFO 21812 --- [expense-tracker-test] [           main] c.f.e.controller.TransactionController   : Retrieved 5 transactions for user ID: 1 (page 1/1)
2025-08-19T15:21:36.869+03:00  INFO 21812 --- [expense-tracker-test] [           main] c.f.e.controller.TransactionController   : Updating transaction ID: 1 for user ID: 1
2025-08-19T15:21:36.873+03:00  INFO 21812 --- [expense-tracker-test] [           main] c.f.e.service.TransactionService         : Transaction update audit - User: 1, Transaction ID: 1, Original: [amount=3000.00, description='Monthly Salary', date=2025-08-19, account=1, category=1], Update request: UpdateTransactionRequest{amount=3200.00, description='Updated Monthly Salary', transactionDate=null, accountId=null, categoryId=null, type=INCOME}
2025-08-19T15:21:36.875+03:00  INFO 21812 --- [expense-tracker-test] [           main] c.f.e.service.TransactionService         : DEBUG - convertAmountByType called with amount: [3200.00], type: [INCOME]
2025-08-19T15:21:36.875+03:00  INFO 21812 --- [expense-tracker-test] [           main] c.f.e.service.TransactionService         : DEBUG - Amount comparison with zero: amount.compareTo(BigDecimal.ZERO) = [1]
2025-08-19T15:21:36.875+03:00  INFO 21812 --- [expense-tracker-test] [           main] c.f.e.service.TransactionService         : DEBUG - Converted amount: [3200.00] -> [3200.00] for type: [INCOME]
2025-08-19T15:21:36.876+03:00  INFO 21812 --- [expense-tracker-test] [           main] c.f.e.service.TransactionService         : Updated transaction with ID 1 for user 1
2025-08-19T15:21:36.879+03:00  INFO 21812 --- [expense-tracker-test] [           main] c.f.e.controller.TransactionController   : Successfully updated transaction ID: 1 for user ID: 1

MockHttpServletRequest:
      HTTP Method = PUT
      Request URI = /api/v1/transactions/1
       Parameters = {}
          Headers = [Content-Type:"application/json;charset=UTF-8", Authorization:"Bearer eyJhbGciOiJIUzUxMiJ9.eyJzdWIiOiIxIiwiaWF0IjoxNzU1NjA2MDk2LCJleHAiOjE3NTU2MDk2OTZ9.FZshAaUM8MajHXPOHVhm12zwCAIUjkVhbMTGBgxqNfni2t2DCtvsgKwx4RXGM7-uOHzBhASrbF2OrhtV82UgHQ", Content-Length:"131"]
             Body = {"amount":3200.00,"description":"Updated Monthly Salary","transactionDate":null,"accountId":null,"categoryId":null,"type":"INCOME"}
    Session Attrs = {}

Handler:
             Type = com.fintech.expensetracker.controller.TransactionController
           Method = com.fintech.expensetracker.controller.TransactionController#updateTransaction(Long, UpdateTransactionRequest, UserPrincipal)

Async:
    Async started = false
     Async result = null

Resolved Exception:
             Type = null

ModelAndView:
        View name = null
             View = null
            Model = null

FlashMap:
       Attributes = null

MockHttpServletResponse:
           Status = 200
    Error message = null
          Headers = [Vary:"Origin", "Access-Control-Request-Method", "Access-Control-Request-Headers", Content-Type:"application/json", X-Content-Type-Options:"nosniff", X-XSS-Protection:"0", Cache-Control:"no-cache, no-store, max-age=0, must-revalidate", Pragma:"no-cache", Expires:"0"]
     Content type = application/json
             Body = {"id":1,"amount":3200.00,"description":"Updated Monthly Salary","transactionDate":"2025-08-19","account":{"id":1,"name":"Updated Integration Account","type":"CHECKING","initialBalance":null,"currentBalance":null,"createdAt":null,"updatedAt":null},"category":{"id":1,"name":"Uncategorized","description":"Default category for transactions without a specific category","default":true},"type":"INCOME","createdAt":"2025-08-19T15:21:36.774222","updatedAt":"2025-08-19T15:21:36.77426"}
    Forwarded URL = null
   Redirected URL = null
          Cookies = []
2025-08-19T15:21:36.886+03:00  INFO 21812 --- [expense-tracker-test] [           main] c.f.e.controller.AccountController       : Calculating balance for account ID: 1 for user ID: 1
2025-08-19T15:21:36.886+03:00  INFO 21812 --- [expense-tracker-test] [           main] c.f.e.service.AccountService             : Calculating balance for account ID: 1 for user ID: 1
2025-08-19T15:21:36.890+03:00  INFO 21812 --- [expense-tracker-test] [           main] c.f.e.service.AccountService             : Calculated balance for account ID: 1 is: 2850.00
2025-08-19T15:21:36.891+03:00  INFO 21812 --- [expense-tracker-test] [           main] c.f.e.controller.AccountController       : Calculated balance for account ID: 1 is: 2850.00
2025-08-19T15:21:36.904+03:00  INFO 21812 --- [expense-tracker-test] [           main] c.f.e.controller.AnalyticsController     : Retrieving monthly spending summary for user ID: 1 and month: 2025-08
2025-08-19T15:21:36.911+03:00  INFO 21812 --- [expense-tracker-test] [           main] c.f.e.controller.AnalyticsController     : Retrieved monthly spending summary for user ID: 1 and month: 2025-08 - Income: 3200.00, Expenses: 1850.00, Savings: 1350.00
2025-08-19T15:21:36.919+03:00  INFO 21812 --- [expense-tracker-test] [           main] c.f.e.controller.AnalyticsController     : Retrieving spending by category for user ID: 1 from 2025-07-20 to 2025-08-19
2025-08-19T15:21:36.925+03:00  INFO 21812 --- [expense-tracker-test] [           main] c.f.e.controller.AnalyticsController     : Retrieved spending by category for user ID: 1 - Total expenses: 1850.00, Categories: 1
2025-08-19T15:21:36.932+03:00  INFO 21812 --- [expense-tracker-test] [           main] c.f.e.controller.AnalyticsController     : Calculating savings rate for user ID: 1 from 2025-07-20 to 2025-08-19
2025-08-19T15:21:36.935+03:00  INFO 21812 --- [expense-tracker-test] [           main] c.f.e.controller.AnalyticsController     : Calculated savings rate for user ID: 1 from 2025-07-20 to 2025-08-19: 42.19%
2025-08-19T15:21:36.940+03:00  INFO 21812 --- [expense-tracker-test] [           main] c.f.e.controller.AnalyticsController     : Retrieving monthly spending summary for user ID: 1 and month: 2026-02
2025-08-19T15:21:36.943+03:00  INFO 21812 --- [expense-tracker-test] [           main] c.f.e.controller.AnalyticsController     : Retrieved monthly spending summary for user ID: 1 and month: 2026-02 - Income: 0, Expenses: 0, Savings: 0
2025-08-19T15:21:36.947+03:00  INFO 21812 --- [expense-tracker-test] [           main] c.f.e.controller.AuthController          : Registration request received for email: second@example.com
2025-08-19T15:21:36.947+03:00  INFO 21812 --- [expense-tracker-test] [           main] c.f.expensetracker.service.UserService   : Attempting to register user with email: second@example.com
2025-08-19T15:21:37.017+03:00  INFO 21812 --- [expense-tracker-test] [           main] c.f.expensetracker.service.UserService   : User registered successfully with ID: 2
2025-08-19T15:21:37.018+03:00  INFO 21812 --- [expense-tracker-test] [           main] c.f.e.controller.AuthController          : User registered successfully: second@example.com
2025-08-19T15:21:37.024+03:00  INFO 21812 --- [expense-tracker-test] [           main] c.f.e.controller.AccountController       : Creating account for user ID: 2 with name: Second User Account
2025-08-19T15:21:37.024+03:00  INFO 21812 --- [expense-tracker-test] [           main] c.f.e.service.AccountService             : Creating account for user ID: 2
2025-08-19T15:21:37.026+03:00  INFO 21812 --- [expense-tracker-test] [           main] c.f.e.service.AccountService             : Successfully created account with ID: 2 for user ID: 2
2025-08-19T15:21:37.028+03:00  INFO 21812 --- [expense-tracker-test] [           main] c.f.e.controller.AccountController       : Successfully created account ID: 2 for user ID: 2
2025-08-19T15:21:37.033+03:00  INFO 21812 --- [expense-tracker-test] [           main] c.f.e.controller.TransactionController   : Creating transaction for user ID: 2 with amount: 1000.00 and description: 'Second User Income'
2025-08-19T15:21:37.033+03:00  INFO 21812 --- [expense-tracker-test] [           main] c.f.e.service.TransactionService         : DEBUG - Amount received: [1000.00], Type: [INCOME], Class: [java.math.BigDecimal]
2025-08-19T15:21:37.034+03:00  INFO 21812 --- [expense-tracker-test] [           main] c.f.e.service.TransactionService         : DEBUG - Amount details: value=[1000.00], scale=[2], precision=[6], signum=[1]
2025-08-19T15:21:37.036+03:00  INFO 21812 --- [expense-tracker-test] [           main] c.f.e.service.TransactionService         : DEBUG - convertAmountByType called with amount: [1000.00], type: [INCOME]
2025-08-19T15:21:37.036+03:00  INFO 21812 --- [expense-tracker-test] [           main] c.f.e.service.TransactionService         : DEBUG - Amount comparison with zero: amount.compareTo(BigDecimal.ZERO) = [1]
2025-08-19T15:21:37.036+03:00  INFO 21812 --- [expense-tracker-test] [           main] c.f.e.service.TransactionService         : DEBUG - Converted amount: [1000.00] -> [1000.00] for type: [INCOME]
2025-08-19T15:21:37.037+03:00  INFO 21812 --- [expense-tracker-test] [           main] c.f.e.service.TransactionService         : Created transaction with ID 6 for user 2
2025-08-19T15:21:37.038+03:00  INFO 21812 --- [expense-tracker-test] [           main] c.f.e.controller.TransactionController   : Successfully created transaction ID: 6 for user ID: 2
2025-08-19T15:21:37.042+03:00  INFO 21812 --- [expense-tracker-test] [           main] c.f.e.controller.AccountController       : Retrieving accounts for user ID: 1
2025-08-19T15:21:37.043+03:00  INFO 21812 --- [expense-tracker-test] [           main] c.f.e.service.AccountService             : Retrieving accounts for user ID: 1
2025-08-19T15:21:37.045+03:00  INFO 21812 --- [expense-tracker-test] [           main] c.f.e.service.AccountService             : Found 1 accounts for user ID: 1
2025-08-19T15:21:37.048+03:00  INFO 21812 --- [expense-tracker-test] [           main] c.f.e.controller.AccountController       : Retrieved 1 accounts for user ID: 1
2025-08-19T15:21:37.053+03:00  INFO 21812 --- [expense-tracker-test] [           main] c.f.e.controller.AccountController       : Retrieving accounts for user ID: 2
2025-08-19T15:21:37.053+03:00  INFO 21812 --- [expense-tracker-test] [           main] c.f.e.service.AccountService             : Retrieving accounts for user ID: 2
2025-08-19T15:21:37.055+03:00  INFO 21812 --- [expense-tracker-test] [           main] c.f.e.service.AccountService             : Found 1 accounts for user ID: 2
2025-08-19T15:21:37.056+03:00  INFO 21812 --- [expense-tracker-test] [           main] c.f.e.controller.AccountController       : Retrieved 1 accounts for user ID: 2
2025-08-19T15:21:37.060+03:00  INFO 21812 --- [expense-tracker-test] [           main] c.f.e.controller.TransactionController   : Retrieving transactions for user ID: 1 with filters - page: 0, size: 20
2025-08-19T15:21:37.064+03:00  INFO 21812 --- [expense-tracker-test] [           main] c.f.e.controller.TransactionController   : Retrieved 5 transactions for user ID: 1 (page 1/1)

MockHttpServletRequest:
      HTTP Method = POST
      Request URI = /api/v1/auth/register
       Parameters = {}
          Headers = [Content-Type:"application/json;charset=UTF-8", Content-Length:"91"]
             Body = {"email":"integration@example.com","password":"password123","name":"Integration Test User"}
    Session Attrs = {}

Handler:
             Type = com.fintech.expensetracker.controller.AuthController
           Method = com.fintech.expensetracker.controller.AuthController#registerUser(UserRegistrationRequest)

Async:
    Async started = false
     Async result = null

Resolved Exception:
             Type = null

ModelAndView:
        View name = null
             View = null
            Model = null

FlashMap:
       Attributes = null

MockHttpServletResponse:
           Status = 201
    Error message = null
          Headers = [Vary:"Origin", "Access-Control-Request-Method", "Access-Control-Request-Headers", Content-Type:"application/json", X-Content-Type-Options:"nosniff", X-XSS-Protection:"0", Cache-Control:"no-cache, no-store, max-age=0, must-revalidate", Pragma:"no-cache", Expires:"0"]
     Content type = application/json
             Body = {"token":"eyJhbGciOiJIUzUxMiJ9.eyJzdWIiOiIxIiwiaWF0IjoxNzU1NjA2MDk2LCJleHAiOjE3NTU2MDk2OTZ9.FZshAaUM8MajHXPOHVhm12zwCAIUjkVhbMTGBgxqNfni2t2DCtvsgKwx4RXGM7-uOHzBhASrbF2OrhtV82UgHQ","tokenType":"Bearer","expiresIn":86400,"user":{"id":1,"email":"integration@example.com","name":"Integration Test User","createdAt":"2025-08-19T15:21:36.208416"}}
    Forwarded URL = null
   Redirected URL = null
          Cookies = []

MockHttpServletRequest:
      HTTP Method = POST
      Request URI = /api/v1/auth/register
       Parameters = {}
          Headers = [Content-Type:"application/json;charset=UTF-8", Content-Length:"91"]
             Body = {"email":"integration@example.com","password":"password123","name":"Integration Test User"}
    Session Attrs = {}

Handler:
             Type = com.fintech.expensetracker.controller.AuthController
           Method = com.fintech.expensetracker.controller.AuthController#registerUser(UserRegistrationRequest)

Async:
    Async started = false
     Async result = null

Resolved Exception:
             Type = com.fintech.expensetracker.exception.BadRequestException

ModelAndView:
        View name = null
             View = null
            Model = null

FlashMap:
       Attributes = null

MockHttpServletResponse:
           Status = 400
    Error message = null
          Headers = [Vary:"Origin", "Access-Control-Request-Method", "Access-Control-Request-Headers", Content-Type:"application/json", X-Content-Type-Options:"nosniff", X-XSS-Protection:"0", Cache-Control:"no-cache, no-store, max-age=0, must-revalidate", Pragma:"no-cache", Expires:"0"]
     Content type = application/json
             Body = {"timestamp":"2025-08-19T15:21:36.380616","status":400,"error":"Bad Request","message":"Email address is already in use","path":"/api/v1/auth/register","details":null}
    Forwarded URL = null
   Redirected URL = null
          Cookies = []

MockHttpServletRequest:
      HTTP Method = POST
      Request URI = /api/v1/auth/login
       Parameters = {}
          Headers = [Content-Type:"application/json;charset=UTF-8", Content-Length:"60"]
             Body = {"email":"integration@example.com","password":"password123"}
    Session Attrs = {}

Handler:
             Type = com.fintech.expensetracker.controller.AuthController
           Method = com.fintech.expensetracker.controller.AuthController#authenticateUser(LoginRequest)

Async:
    Async started = false
     Async result = null

Resolved Exception:
             Type = null

ModelAndView:
        View name = null
             View = null
            Model = null

FlashMap:
       Attributes = null

MockHttpServletResponse:
           Status = 200
    Error message = null
          Headers = [Vary:"Origin", "Access-Control-Request-Method", "Access-Control-Request-Headers", Content-Type:"application/json", X-Content-Type-Options:"nosniff", X-XSS-Protection:"0", Cache-Control:"no-cache, no-store, max-age=0, must-revalidate", Pragma:"no-cache", Expires:"0"]
     Content type = application/json
             Body = {"token":"eyJhbGciOiJIUzUxMiJ9.eyJzdWIiOiIxIiwiaWF0IjoxNzU1NjA2MDk2LCJleHAiOjE3NTU2MDk2OTZ9.FZshAaUM8MajHXPOHVhm12zwCAIUjkVhbMTGBgxqNfni2t2DCtvsgKwx4RXGM7-uOHzBhASrbF2OrhtV82UgHQ","tokenType":"Bearer","expiresIn":86400,"user":{"id":1,"email":"integration@example.com","name":"Integration Test User","createdAt":"2025-08-19T15:21:36.208416"}}
    Forwarded URL = null
   Redirected URL = null
          Cookies = []

MockHttpServletRequest:
      HTTP Method = POST
      Request URI = /api/v1/auth/login
       Parameters = {}
          Headers = [Content-Type:"application/json;charset=UTF-8", Content-Length:"62"]
             Body = {"email":"integration@example.com","password":"wrongpassword"}
    Session Attrs = {}

Handler:
             Type = com.fintech.expensetracker.controller.AuthController
           Method = com.fintech.expensetracker.controller.AuthController#authenticateUser(LoginRequest)

Async:
    Async started = false
     Async result = null

Resolved Exception:
             Type = org.springframework.security.authentication.BadCredentialsException

ModelAndView:
        View name = null
             View = null
            Model = null

FlashMap:
       Attributes = null

MockHttpServletResponse:
           Status = 401
    Error message = null
          Headers = [Vary:"Origin", "Access-Control-Request-Method", "Access-Control-Request-Headers", Content-Type:"application/json", X-Content-Type-Options:"nosniff", X-XSS-Protection:"0", Cache-Control:"no-cache, no-store, max-age=0, must-revalidate", Pragma:"no-cache", Expires:"0"]
     Content type = application/json
             Body = {"timestamp":"2025-08-19T15:21:36.616939","status":401,"error":"Authentication Failed","message":"Invalid credentials provided","path":"/api/v1/auth/login","details":null}
    Forwarded URL = null
   Redirected URL = null
          Cookies = []

MockHttpServletRequest:
      HTTP Method = GET
      Request URI = /api/v1/accounts
       Parameters = {}
          Headers = []
             Body = null
    Session Attrs = {}

Handler:
             Type = null

Async:
    Async started = false
     Async result = null

Resolved Exception:
             Type = null

ModelAndView:
        View name = null
             View = null
            Model = null

FlashMap:
       Attributes = null

MockHttpServletResponse:
           Status = 403
    Error message = Access Denied
          Headers = [Vary:"Origin", "Access-Control-Request-Method", "Access-Control-Request-Headers", X-Content-Type-Options:"nosniff", X-XSS-Protection:"0", Cache-Control:"no-cache, no-store, max-age=0, must-revalidate", Pragma:"no-cache", Expires:"0"]
     Content type = null
             Body = 
    Forwarded URL = null
   Redirected URL = null
          Cookies = []

MockHttpServletRequest:
      HTTP Method = POST
      Request URI = /api/v1/accounts
       Parameters = {}
          Headers = [Content-Type:"application/json;charset=UTF-8", Authorization:"Bearer eyJhbGciOiJIUzUxMiJ9.eyJzdWIiOiIxIiwiaWF0IjoxNzU1NjA2MDk2LCJleHAiOjE3NTU2MDk2OTZ9.FZshAaUM8MajHXPOHVhm12zwCAIUjkVhbMTGBgxqNfni2t2DCtvsgKwx4RXGM7-uOHzBhASrbF2OrhtV82UgHQ", Content-Length:"78"]
             Body = {"name":"Integration Test Account","type":"CHECKING","initialBalance":1500.00}
    Session Attrs = {}

Handler:
             Type = com.fintech.expensetracker.controller.AccountController
           Method = com.fintech.expensetracker.controller.AccountController#createAccount(CreateAccountRequest, UserPrincipal)

Async:
    Async started = false
     Async result = null

Resolved Exception:
             Type = null

ModelAndView:
        View name = null
             View = null
            Model = null

FlashMap:
       Attributes = null

MockHttpServletResponse:
           Status = 201
    Error message = null
          Headers = [Vary:"Origin", "Access-Control-Request-Method", "Access-Control-Request-Headers", Content-Type:"application/json", X-Content-Type-Options:"nosniff", X-XSS-Protection:"0", Cache-Control:"no-cache, no-store, max-age=0, must-revalidate", Pragma:"no-cache", Expires:"0"]
     Content type = application/json
             Body = {"id":1,"name":"Integration Test Account","type":"CHECKING","initialBalance":1500.00,"currentBalance":1500.00,"createdAt":"2025-08-19T15:21:36.662267","updatedAt":"2025-08-19T15:21:36.66229"}
    Forwarded URL = null
   Redirected URL = null
          Cookies = []

MockHttpServletRequest:
      HTTP Method = GET
      Request URI = /api/v1/accounts
       Parameters = {}
          Headers = [Authorization:"Bearer eyJhbGciOiJIUzUxMiJ9.eyJzdWIiOiIxIiwiaWF0IjoxNzU1NjA2MDk2LCJleHAiOjE3NTU2MDk2OTZ9.FZshAaUM8MajHXPOHVhm12zwCAIUjkVhbMTGBgxqNfni2t2DCtvsgKwx4RXGM7-uOHzBhASrbF2OrhtV82UgHQ"]
             Body = null
    Session Attrs = {}

Handler:
             Type = com.fintech.expensetracker.controller.AccountController
           Method = com.fintech.expensetracker.controller.AccountController#getUserAccounts(UserPrincipal)

Async:
    Async started = false
     Async result = null

Resolved Exception:
             Type = null

ModelAndView:
        View name = null
             View = null
            Model = null

FlashMap:
       Attributes = null

MockHttpServletResponse:
           Status = 200
    Error message = null
          Headers = [Vary:"Origin", "Access-Control-Request-Method", "Access-Control-Request-Headers", Content-Type:"application/json", X-Content-Type-Options:"nosniff", X-XSS-Protection:"0", Cache-Control:"no-cache, no-store, max-age=0, must-revalidate", Pragma:"no-cache", Expires:"0"]
     Content type = application/json
             Body = [{"id":1,"name":"Integration Test Account","type":"CHECKING","initialBalance":1500.00,"currentBalance":1500.00,"createdAt":"2025-08-19T15:21:36.662267","updatedAt":"2025-08-19T15:21:36.66229"}]
    Forwarded URL = null
   Redirected URL = null
          Cookies = []

MockHttpServletRequest:
      HTTP Method = PUT
      Request URI = /api/v1/accounts/1
       Parameters = {}
          Headers = [Content-Type:"application/json;charset=UTF-8", Authorization:"Bearer eyJhbGciOiJIUzUxMiJ9.eyJzdWIiOiIxIiwiaWF0IjoxNzU1NjA2MDk2LCJleHAiOjE3NTU2MDk2OTZ9.FZshAaUM8MajHXPOHVhm12zwCAIUjkVhbMTGBgxqNfni2t2DCtvsgKwx4RXGM7-uOHzBhASrbF2OrhtV82UgHQ", Content-Length:"72"]
             Body = {"name":"Updated Integration Account","type":null,"initialBalance":null}
    Session Attrs = {}

Handler:
             Type = com.fintech.expensetracker.controller.AccountController
           Method = com.fintech.expensetracker.controller.AccountController#updateAccount(Long, UpdateAccountRequest, UserPrincipal)

Async:
    Async started = false
     Async result = null

Resolved Exception:
             Type = null

ModelAndView:
        View name = null
             View = null
            Model = null

FlashMap:
       Attributes = null

MockHttpServletResponse:
           Status = 200
    Error message = null
          Headers = [Vary:"Origin", "Access-Control-Request-Method", "Access-Control-Request-Headers", Content-Type:"application/json", X-Content-Type-Options:"nosniff", X-XSS-Protection:"0", Cache-Control:"no-cache, no-store, max-age=0, must-revalidate", Pragma:"no-cache", Expires:"0"]
     Content type = application/json
             Body = {"id":1,"name":"Updated Integration Account","type":"CHECKING","initialBalance":1500.00,"currentBalance":1500.00,"createdAt":"2025-08-19T15:21:36.662267","updatedAt":"2025-08-19T15:21:36.731525"}
    Forwarded URL = null
   Redirected URL = null
          Cookies = []

MockHttpServletRequest:
      HTTP Method = GET
      Request URI = /api/v1/accounts/1/balance
       Parameters = {}
          Headers = [Authorization:"Bearer eyJhbGciOiJIUzUxMiJ9.eyJzdWIiOiIxIiwiaWF0IjoxNzU1NjA2MDk2LCJleHAiOjE3NTU2MDk2OTZ9.FZshAaUM8MajHXPOHVhm12zwCAIUjkVhbMTGBgxqNfni2t2DCtvsgKwx4RXGM7-uOHzBhASrbF2OrhtV82UgHQ"]
             Body = null
    Session Attrs = {}

Handler:
             Type = com.fintech.expensetracker.controller.AccountController
           Method = com.fintech.expensetracker.controller.AccountController#getAccountBalance(Long, UserPrincipal)

Async:
    Async started = false
     Async result = null

Resolved Exception:
             Type = null

ModelAndView:
        View name = null
             View = null
            Model = null

FlashMap:
       Attributes = null

MockHttpServletResponse:
           Status = 200
    Error message = null
          Headers = [Vary:"Origin", "Access-Control-Request-Method", "Access-Control-Request-Headers", Content-Type:"application/json", X-Content-Type-Options:"nosniff", X-XSS-Protection:"0", Cache-Control:"no-cache, no-store, max-age=0, must-revalidate", Pragma:"no-cache", Expires:"0"]
     Content type = application/json
             Body = {"accountId":1,"balance":1500.00}
    Forwarded URL = null
   Redirected URL = null
          Cookies = []

MockHttpServletRequest:
      HTTP Method = POST
      Request URI = /api/v1/transactions
       Parameters = {}
          Headers = [Content-Type:"application/json;charset=UTF-8", Authorization:"Bearer eyJhbGciOiJIUzUxMiJ9.eyJzdWIiOiIxIiwiaWF0IjoxNzU1NjA2MDk2LCJleHAiOjE3NTU2MDk2OTZ9.FZshAaUM8MajHXPOHVhm12zwCAIUjkVhbMTGBgxqNfni2t2DCtvsgKwx4RXGM7-uOHzBhASrbF2OrhtV82UgHQ", Content-Length:"128"]
             Body = {"amount":3000.00,"description":"Monthly Salary","transactionDate":"2025-08-19","accountId":1,"categoryId":null,"type":"INCOME"}
    Session Attrs = {}

Handler:
             Type = com.fintech.expensetracker.controller.TransactionController
           Method = com.fintech.expensetracker.controller.TransactionController#createTransaction(CreateTransactionRequest, UserPrincipal)

Async:
    Async started = false
     Async result = null

Resolved Exception:
             Type = null

ModelAndView:
        View name = null
             View = null
            Model = null

FlashMap:
       Attributes = null

MockHttpServletResponse:
           Status = 201
    Error message = null
          Headers = [Vary:"Origin", "Access-Control-Request-Method", "Access-Control-Request-Headers", Content-Type:"application/json", X-Content-Type-Options:"nosniff", X-XSS-Protection:"0", Cache-Control:"no-cache, no-store, max-age=0, must-revalidate", Pragma:"no-cache", Expires:"0"]
     Content type = application/json
             Body = {"id":1,"amount":3000.00,"description":"Monthly Salary","transactionDate":"2025-08-19","account":{"id":1,"name":"Updated Integration Account","type":"CHECKING","initialBalance":null,"currentBalance":null,"createdAt":null,"updatedAt":null},"category":{"id":1,"name":"Uncategorized","description":"Default category for transactions without a specific category","default":true},"type":"INCOME","createdAt":"2025-08-19T15:21:36.774222","updatedAt":"2025-08-19T15:21:36.77426"}
    Forwarded URL = null
   Redirected URL = null
          Cookies = []

MockHttpServletRequest:
      HTTP Method = POST
      Request URI = /api/v1/transactions
       Parameters = {}
          Headers = [Content-Type:"application/json;charset=UTF-8", Authorization:"Bearer eyJhbGciOiJIUzUxMiJ9.eyJzdWIiOiIxIiwiaWF0IjoxNzU1NjA2MDk2LCJleHAiOjE3NTU2MDk2OTZ9.FZshAaUM8MajHXPOHVhm12zwCAIUjkVhbMTGBgxqNfni2t2DCtvsgKwx4RXGM7-uOHzBhASrbF2OrhtV82UgHQ", Content-Length:"119"]
             Body = {"amount":1200.00,"description":"Rent","transactionDate":"2025-08-18","accountId":1,"categoryId":null,"type":"EXPENSE"}
    Session Attrs = {}

Handler:
             Type = com.fintech.expensetracker.controller.TransactionController
           Method = com.fintech.expensetracker.controller.TransactionController#createTransaction(CreateTransactionRequest, UserPrincipal)

Async:
    Async started = false
     Async result = null

Resolved Exception:
             Type = null

ModelAndView:
        View name = null
             View = null
            Model = null

FlashMap:
       Attributes = null

MockHttpServletResponse:
           Status = 201
    Error message = null
          Headers = [Vary:"Origin", "Access-Control-Request-Method", "Access-Control-Request-Headers", Content-Type:"application/json", X-Content-Type-Options:"nosniff", X-XSS-Protection:"0", Cache-Control:"no-cache, no-store, max-age=0, must-revalidate", Pragma:"no-cache", Expires:"0"]
     Content type = application/json
             Body = {"id":2,"amount":-1200.00,"description":"Rent","transactionDate":"2025-08-18","account":{"id":1,"name":"Updated Integration Account","type":"CHECKING","initialBalance":null,"currentBalance":null,"createdAt":null,"updatedAt":null},"category":{"id":1,"name":"Uncategorized","description":"Default category for transactions without a specific category","default":true},"type":"EXPENSE","createdAt":"2025-08-19T15:21:36.792863","updatedAt":"2025-08-19T15:21:36.792892"}
    Forwarded URL = null
   Redirected URL = null
          Cookies = []

MockHttpServletRequest:
      HTTP Method = POST
      Request URI = /api/v1/transactions
       Parameters = {}
          Headers = [Content-Type:"application/json;charset=UTF-8", Authorization:"Bearer eyJhbGciOiJIUzUxMiJ9.eyJzdWIiOiIxIiwiaWF0IjoxNzU1NjA2MDk2LCJleHAiOjE3NTU2MDk2OTZ9.FZshAaUM8MajHXPOHVhm12zwCAIUjkVhbMTGBgxqNfni2t2DCtvsgKwx4RXGM7-uOHzBhASrbF2OrhtV82UgHQ", Content-Length:"123"]
             Body = {"amount":300.00,"description":"Groceries","transactionDate":"2025-08-17","accountId":1,"categoryId":null,"type":"EXPENSE"}
    Session Attrs = {}

Handler:
             Type = com.fintech.expensetracker.controller.TransactionController
           Method = com.fintech.expensetracker.controller.TransactionController#createTransaction(CreateTransactionRequest, UserPrincipal)

Async:
    Async started = false
     Async result = null

Resolved Exception:
             Type = null

ModelAndView:
        View name = null
             View = null
            Model = null

FlashMap:
       Attributes = null

MockHttpServletResponse:
           Status = 201
    Error message = null
          Headers = [Vary:"Origin", "Access-Control-Request-Method", "Access-Control-Request-Headers", Content-Type:"application/json", X-Content-Type-Options:"nosniff", X-XSS-Protection:"0", Cache-Control:"no-cache, no-store, max-age=0, must-revalidate", Pragma:"no-cache", Expires:"0"]
     Content type = application/json
             Body = {"id":3,"amount":-300.00,"description":"Groceries","transactionDate":"2025-08-17","account":{"id":1,"name":"Updated Integration Account","type":"CHECKING","initialBalance":null,"currentBalance":null,"createdAt":null,"updatedAt":null},"category":{"id":1,"name":"Uncategorized","description":"Default category for transactions without a specific category","default":true},"type":"EXPENSE","createdAt":"2025-08-19T15:21:36.802182","updatedAt":"2025-08-19T15:21:36.802195"}
    Forwarded URL = null
   Redirected URL = null
          Cookies = []

MockHttpServletRequest:
      HTTP Method = POST
      Request URI = /api/v1/transactions
       Parameters = {}
          Headers = [Content-Type:"application/json;charset=UTF-8", Authorization:"Bearer eyJhbGciOiJIUzUxMiJ9.eyJzdWIiOiIxIiwiaWF0IjoxNzU1NjA2MDk2LCJleHAiOjE3NTU2MDk2OTZ9.FZshAaUM8MajHXPOHVhm12zwCAIUjkVhbMTGBgxqNfni2t2DCtvsgKwx4RXGM7-uOHzBhASrbF2OrhtV82UgHQ", Content-Length:"123"]
             Body = {"amount":150.00,"description":"Utilities","transactionDate":"2025-08-16","accountId":1,"categoryId":null,"type":"EXPENSE"}
    Session Attrs = {}

Handler:
             Type = com.fintech.expensetracker.controller.TransactionController
           Method = com.fintech.expensetracker.controller.TransactionController#createTransaction(CreateTransactionRequest, UserPrincipal)

Async:
    Async started = false
     Async result = null

Resolved Exception:
             Type = null

ModelAndView:
        View name = null
             View = null
            Model = null

FlashMap:
       Attributes = null

MockHttpServletResponse:
           Status = 201
    Error message = null
          Headers = [Vary:"Origin", "Access-Control-Request-Method", "Access-Control-Request-Headers", Content-Type:"application/json", X-Content-Type-Options:"nosniff", X-XSS-Protection:"0", Cache-Control:"no-cache, no-store, max-age=0, must-revalidate", Pragma:"no-cache", Expires:"0"]
     Content type = application/json
             Body = {"id":4,"amount":-150.00,"description":"Utilities","transactionDate":"2025-08-16","account":{"id":1,"name":"Updated Integration Account","type":"CHECKING","initialBalance":null,"currentBalance":null,"createdAt":null,"updatedAt":null},"category":{"id":1,"name":"Uncategorized","description":"Default category for transactions without a specific category","default":true},"type":"EXPENSE","createdAt":"2025-08-19T15:21:36.812133","updatedAt":"2025-08-19T15:21:36.81217"}
    Forwarded URL = null
   Redirected URL = null
          Cookies = []

MockHttpServletRequest:
      HTTP Method = POST
      Request URI = /api/v1/transactions
       Parameters = {}
          Headers = [Content-Type:"application/json;charset=UTF-8", Authorization:"Bearer eyJhbGciOiJIUzUxMiJ9.eyJzdWIiOiIxIiwiaWF0IjoxNzU1NjA2MDk2LCJleHAiOjE3NTU2MDk2OTZ9.FZshAaUM8MajHXPOHVhm12zwCAIUjkVhbMTGBgxqNfni2t2DCtvsgKwx4RXGM7-uOHzBhASrbF2OrhtV82UgHQ", Content-Length:"128"]
             Body = {"amount":200.00,"description":"Transportation","transactionDate":"2025-08-15","accountId":1,"categoryId":null,"type":"EXPENSE"}
    Session Attrs = {}

Handler:
             Type = com.fintech.expensetracker.controller.TransactionController
           Method = com.fintech.expensetracker.controller.TransactionController#createTransaction(CreateTransactionRequest, UserPrincipal)

Async:
    Async started = false
     Async result = null

Resolved Exception:
             Type = null

ModelAndView:
        View name = null
             View = null
            Model = null

FlashMap:
       Attributes = null

MockHttpServletResponse:
           Status = 201
    Error message = null
          Headers = [Vary:"Origin", "Access-Control-Request-Method", "Access-Control-Request-Headers", Content-Type:"application/json", X-Content-Type-Options:"nosniff", X-XSS-Protection:"0", Cache-Control:"no-cache, no-store, max-age=0, must-revalidate", Pragma:"no-cache", Expires:"0"]
     Content type = application/json
             Body = {"id":5,"amount":-200.00,"description":"Transportation","transactionDate":"2025-08-15","account":{"id":1,"name":"Updated Integration Account","type":"CHECKING","initialBalance":null,"currentBalance":null,"createdAt":null,"updatedAt":null},"category":{"id":1,"name":"Uncategorized","description":"Default category for transactions without a specific category","default":true},"type":"EXPENSE","createdAt":"2025-08-19T15:21:36.823088","updatedAt":"2025-08-19T15:21:36.823103"}
    Forwarded URL = null
   Redirected URL = null
          Cookies = []

MockHttpServletRequest:
      HTTP Method = GET
      Request URI = /api/v1/transactions
       Parameters = {}
          Headers = [Authorization:"Bearer eyJhbGciOiJIUzUxMiJ9.eyJzdWIiOiIxIiwiaWF0IjoxNzU1NjA2MDk2LCJleHAiOjE3NTU2MDk2OTZ9.FZshAaUM8MajHXPOHVhm12zwCAIUjkVhbMTGBgxqNfni2t2DCtvsgKwx4RXGM7-uOHzBhASrbF2OrhtV82UgHQ"]
             Body = null
    Session Attrs = {}

Handler:
             Type = com.fintech.expensetracker.controller.TransactionController
           Method = com.fintech.expensetracker.controller.TransactionController#getUserTransactions(UserPrincipal, Long, Long, String, String, String, String, String, int, int)

Async:
    Async started = false
     Async result = null

Resolved Exception:
             Type = null

ModelAndView:
        View name = null
             View = null
            Model = null

FlashMap:
       Attributes = null

MockHttpServletResponse:
           Status = 200
    Error message = null
          Headers = [Vary:"Origin", "Access-Control-Request-Method", "Access-Control-Request-Headers", Content-Type:"application/json", X-Content-Type-Options:"nosniff", X-XSS-Protection:"0", Cache-Control:"no-cache, no-store, max-age=0, must-revalidate", Pragma:"no-cache", Expires:"0"]
     Content type = application/json
             Body = {"content":[{"id":1,"amount":3000.00,"description":"Monthly Salary","transactionDate":"2025-08-19","account":{"id":1,"name":"Updated Integration Account","type":"CHECKING","initialBalance":null,"currentBalance":null,"createdAt":null,"updatedAt":null},"category":{"id":1,"name":"Uncategorized","description":"Default category for transactions without a specific category","default":true},"type":"INCOME","createdAt":"2025-08-19T15:21:36.774222","updatedAt":"2025-08-19T15:21:36.77426"},{"id":2,"amount":-1200.00,"description":"Rent","transactionDate":"2025-08-18","account":{"id":1,"name":"Updated Integration Account","type":"CHECKING","initialBalance":null,"currentBalance":null,"createdAt":null,"updatedAt":null},"category":{"id":1,"name":"Uncategorized","description":"Default category for transactions without a specific category","default":true},"type":"EXPENSE","createdAt":"2025-08-19T15:21:36.792863","updatedAt":"2025-08-19T15:21:36.792892"},{"id":3,"amount":-300.00,"description":"Groceries","transactionDate":"2025-08-17","account":{"id":1,"name":"Updated Integration Account","type":"CHECKING","initialBalance":null,"currentBalance":null,"createdAt":null,"updatedAt":null},"category":{"id":1,"name":"Uncategorized","description":"Default category for transactions without a specific category","default":true},"type":"EXPENSE","createdAt":"2025-08-19T15:21:36.802182","updatedAt":"2025-08-19T15:21:36.802195"},{"id":4,"amount":-150.00,"description":"Utilities","transactionDate":"2025-08-16","account":{"id":1,"name":"Updated Integration Account","type":"CHECKING","initialBalance":null,"currentBalance":null,"createdAt":null,"updatedAt":null},"category":{"id":1,"name":"Uncategorized","description":"Default category for transactions without a specific category","default":true},"type":"EXPENSE","createdAt":"2025-08-19T15:21:36.812133","updatedAt":"2025-08-19T15:21:36.81217"},{"id":5,"amount":-200.00,"description":"Transportation","transactionDate":"2025-08-15","account":{"id":1,"name":"Updated Integration Account","type":"CHECKING","initialBalance":null,"currentBalance":null,"createdAt":null,"updatedAt":null},"category":{"id":1,"name":"Uncategorized","description":"Default category for transactions without a specific category","default":true},"type":"EXPENSE","createdAt":"2025-08-19T15:21:36.823088","updatedAt":"2025-08-19T15:21:36.823103"}],"pageable":{"pageNumber":0,"pageSize":20,"sort":{"empty":false,"unsorted":false,"sorted":true},"offset":0,"paged":true,"unpaged":false},"last":true,"totalElements":5,"totalPages":1,"size":20,"number":0,"sort":{"empty":false,"unsorted":false,"sorted":true},"first":true,"numberOfElements":5,"empty":false}
    Forwarded URL = null
   Redirected URL = null
          Cookies = []

MockHttpServletRequest:
      HTTP Method = PUT
      Request URI = /api/v1/transactions/1
       Parameters = {}
          Headers = [Content-Type:"application/json;charset=UTF-8", Authorization:"Bearer eyJhbGciOiJIUzUxMiJ9.eyJzdWIiOiIxIiwiaWF0IjoxNzU1NjA2MDk2LCJleHAiOjE3NTU2MDk2OTZ9.FZshAaUM8MajHXPOHVhm12zwCAIUjkVhbMTGBgxqNfni2t2DCtvsgKwx4RXGM7-uOHzBhASrbF2OrhtV82UgHQ", Content-Length:"131"]
             Body = {"amount":3200.00,"description":"Updated Monthly Salary","transactionDate":null,"accountId":null,"categoryId":null,"type":"INCOME"}
    Session Attrs = {}

Handler:
             Type = com.fintech.expensetracker.controller.TransactionController
           Method = com.fintech.expensetracker.controller.TransactionController#updateTransaction(Long, UpdateTransactionRequest, UserPrincipal)

Async:
    Async started = false
     Async result = null

Resolved Exception:
             Type = null

ModelAndView:
        View name = null
             View = null
            Model = null

FlashMap:
       Attributes = null

MockHttpServletResponse:
           Status = 200
    Error message = null
          Headers = [Vary:"Origin", "Access-Control-Request-Method", "Access-Control-Request-Headers", Content-Type:"application/json", X-Content-Type-Options:"nosniff", X-XSS-Protection:"0", Cache-Control:"no-cache, no-store, max-age=0, must-revalidate", Pragma:"no-cache", Expires:"0"]
     Content type = application/json
             Body = {"id":1,"amount":3200.00,"description":"Updated Monthly Salary","transactionDate":"2025-08-19","account":{"id":1,"name":"Updated Integration Account","type":"CHECKING","initialBalance":null,"currentBalance":null,"createdAt":null,"updatedAt":null},"category":{"id":1,"name":"Uncategorized","description":"Default category for transactions without a specific category","default":true},"type":"INCOME","createdAt":"2025-08-19T15:21:36.774222","updatedAt":"2025-08-19T15:21:36.77426"}
    Forwarded URL = null
   Redirected URL = null
          Cookies = []

MockHttpServletRequest:
      HTTP Method = GET
      Request URI = /api/v1/accounts/1/balance
       Parameters = {}
          Headers = [Authorization:"Bearer eyJhbGciOiJIUzUxMiJ9.eyJzdWIiOiIxIiwiaWF0IjoxNzU1NjA2MDk2LCJleHAiOjE3NTU2MDk2OTZ9.FZshAaUM8MajHXPOHVhm12zwCAIUjkVhbMTGBgxqNfni2t2DCtvsgKwx4RXGM7-uOHzBhASrbF2OrhtV82UgHQ"]
             Body = null
    Session Attrs = {}

Handler:
             Type = com.fintech.expensetracker.controller.AccountController
           Method = com.fintech.expensetracker.controller.AccountController#getAccountBalance(Long, UserPrincipal)

Async:
    Async started = false
     Async result = null

Resolved Exception:
             Type = null

ModelAndView:
        View name = null
             View = null
            Model = null

FlashMap:
       Attributes = null

MockHttpServletResponse:
           Status = 200
    Error message = null
          Headers = [Vary:"Origin", "Access-Control-Request-Method", "Access-Control-Request-Headers", Content-Type:"application/json", X-Content-Type-Options:"nosniff", X-XSS-Protection:"0", Cache-Control:"no-cache, no-store, max-age=0, must-revalidate", Pragma:"no-cache", Expires:"0"]
     Content type = application/json
             Body = {"accountId":1,"balance":2850.00}
    Forwarded URL = null
   Redirected URL = null
          Cookies = []

MockHttpServletRequest:
      HTTP Method = GET
      Request URI = /api/v1/analytics/monthly-summary
       Parameters = {month=[2025-08]}
          Headers = [Authorization:"Bearer eyJhbGciOiJIUzUxMiJ9.eyJzdWIiOiIxIiwiaWF0IjoxNzU1NjA2MDk2LCJleHAiOjE3NTU2MDk2OTZ9.FZshAaUM8MajHXPOHVhm12zwCAIUjkVhbMTGBgxqNfni2t2DCtvsgKwx4RXGM7-uOHzBhASrbF2OrhtV82UgHQ"]
             Body = null
    Session Attrs = {}

Handler:
             Type = com.fintech.expensetracker.controller.AnalyticsController
           Method = com.fintech.expensetracker.controller.AnalyticsController#getMonthlySpendingSummary(YearMonth, UserPrincipal)

Async:
    Async started = false
     Async result = null

Resolved Exception:
             Type = null

ModelAndView:
        View name = null
             View = null
            Model = null

FlashMap:
       Attributes = null

MockHttpServletResponse:
           Status = 200
    Error message = null
          Headers = [Vary:"Origin", "Access-Control-Request-Method", "Access-Control-Request-Headers", Content-Type:"application/json", X-Content-Type-Options:"nosniff", X-XSS-Protection:"0", Cache-Control:"no-cache, no-store, max-age=0, must-revalidate", Pragma:"no-cache", Expires:"0"]
     Content type = application/json
             Body = {"month":"2025-08","totalIncome":3200.00,"totalExpenses":1850.00,"netSavings":1350.00,"savingsRate":42.19}
    Forwarded URL = null
   Redirected URL = null
          Cookies = []

MockHttpServletRequest:
      HTTP Method = GET
      Request URI = /api/v1/analytics/spending-by-category
       Parameters = {startDate=[2025-07-20], endDate=[2025-08-19]}
          Headers = [Authorization:"Bearer eyJhbGciOiJIUzUxMiJ9.eyJzdWIiOiIxIiwiaWF0IjoxNzU1NjA2MDk2LCJleHAiOjE3NTU2MDk2OTZ9.FZshAaUM8MajHXPOHVhm12zwCAIUjkVhbMTGBgxqNfni2t2DCtvsgKwx4RXGM7-uOHzBhASrbF2OrhtV82UgHQ"]
             Body = null
    Session Attrs = {}

Handler:
             Type = com.fintech.expensetracker.controller.AnalyticsController
           Method = com.fintech.expensetracker.controller.AnalyticsController#getSpendingByCategory(LocalDate, LocalDate, UserPrincipal)

Async:
    Async started = false
     Async result = null

Resolved Exception:
             Type = null

ModelAndView:
        View name = null
             View = null
            Model = null

FlashMap:
       Attributes = null

MockHttpServletResponse:
           Status = 200
    Error message = null
          Headers = [Vary:"Origin", "Access-Control-Request-Method", "Access-Control-Request-Headers", Content-Type:"application/json", X-Content-Type-Options:"nosniff", X-XSS-Protection:"0", Cache-Control:"no-cache, no-store, max-age=0, must-revalidate", Pragma:"no-cache", Expires:"0"]
     Content type = application/json
             Body = {"startDate":"2025-07-20","endDate":"2025-08-19","totalExpenses":1850.00,"categoryBreakdown":[{"category":{"id":1,"name":"Uncategorized","description":null,"default":false},"amount":1850.00,"percentage":100.00,"transactionCount":0}]}
    Forwarded URL = null
   Redirected URL = null
          Cookies = []

MockHttpServletRequest:
      HTTP Method = GET
      Request URI = /api/v1/analytics/savings-rate
       Parameters = {startDate=[2025-07-20], endDate=[2025-08-19]}
          Headers = [Authorization:"Bearer eyJhbGciOiJIUzUxMiJ9.eyJzdWIiOiIxIiwiaWF0IjoxNzU1NjA2MDk2LCJleHAiOjE3NTU2MDk2OTZ9.FZshAaUM8MajHXPOHVhm12zwCAIUjkVhbMTGBgxqNfni2t2DCtvsgKwx4RXGM7-uOHzBhASrbF2OrhtV82UgHQ"]
             Body = null
    Session Attrs = {}

Handler:
             Type = com.fintech.expensetracker.controller.AnalyticsController
           Method = com.fintech.expensetracker.controller.AnalyticsController#getSavingsRate(LocalDate, LocalDate, UserPrincipal)

Async:
    Async started = false
     Async result = null

Resolved Exception:
             Type = null

ModelAndView:
        View name = null
             View = null
            Model = null

FlashMap:
       Attributes = null

MockHttpServletResponse:
           Status = 200
    Error message = null
          Headers = [Vary:"Origin", "Access-Control-Request-Method", "Access-Control-Request-Headers", Content-Type:"application/json", X-Content-Type-Options:"nosniff", X-XSS-Protection:"0", Cache-Control:"no-cache, no-store, max-age=0, must-revalidate", Pragma:"no-cache", Expires:"0"]
     Content type = application/json
             Body = {"startDate":"2025-07-20","endDate":"2025-08-19","savingsRate":42.19}
    Forwarded URL = null
   Redirected URL = null
          Cookies = []

MockHttpServletRequest:
      HTTP Method = GET
      Request URI = /api/v1/analytics/monthly-summary
       Parameters = {month=[2026-02]}
          Headers = [Authorization:"Bearer eyJhbGciOiJIUzUxMiJ9.eyJzdWIiOiIxIiwiaWF0IjoxNzU1NjA2MDk2LCJleHAiOjE3NTU2MDk2OTZ9.FZshAaUM8MajHXPOHVhm12zwCAIUjkVhbMTGBgxqNfni2t2DCtvsgKwx4RXGM7-uOHzBhASrbF2OrhtV82UgHQ"]
             Body = null
    Session Attrs = {}

Handler:
             Type = com.fintech.expensetracker.controller.AnalyticsController
           Method = com.fintech.expensetracker.controller.AnalyticsController#getMonthlySpendingSummary(YearMonth, UserPrincipal)

Async:
    Async started = false
     Async result = null

Resolved Exception:
             Type = null

ModelAndView:
        View name = null
             View = null
            Model = null

FlashMap:
       Attributes = null

MockHttpServletResponse:
           Status = 200
    Error message = null
          Headers = [Vary:"Origin", "Access-Control-Request-Method", "Access-Control-Request-Headers", Content-Type:"application/json", X-Content-Type-Options:"nosniff", X-XSS-Protection:"0", Cache-Control:"no-cache, no-store, max-age=0, must-revalidate", Pragma:"no-cache", Expires:"0"]
     Content type = application/json
             Body = {"month":"2026-02","totalIncome":0,"totalExpenses":0,"netSavings":0,"savingsRate":0}
    Forwarded URL = null
   Redirected URL = null
          Cookies = []

MockHttpServletRequest:
      HTTP Method = POST
      Request URI = /api/v1/auth/register
       Parameters = {}
          Headers = [Content-Type:"application/json;charset=UTF-8", Content-Length:"76"]
             Body = {"email":"second@example.com","password":"password123","name":"Second User"}
    Session Attrs = {}

Handler:
             Type = com.fintech.expensetracker.controller.AuthController
           Method = com.fintech.expensetracker.controller.AuthController#registerUser(UserRegistrationRequest)

Async:
    Async started = false
     Async result = null

Resolved Exception:
             Type = null

ModelAndView:
        View name = null
             View = null
            Model = null

FlashMap:
       Attributes = null

MockHttpServletResponse:
           Status = 201
    Error message = null
          Headers = [Vary:"Origin", "Access-Control-Request-Method", "Access-Control-Request-Headers", Content-Type:"application/json", X-Content-Type-Options:"nosniff", X-XSS-Protection:"0", Cache-Control:"no-cache, no-store, max-age=0, must-revalidate", Pragma:"no-cache", Expires:"0"]
     Content type = application/json
             Body = {"token":"eyJhbGciOiJIUzUxMiJ9.eyJzdWIiOiIyIiwiaWF0IjoxNzU1NjA2MDk3LCJleHAiOjE3NTU2MDk2OTd9.dxXM1CjJk8Fw0QCwhC1JP6_hPKoaUd-Pl4gHzVm4JmEz8h7KFZgmMr692jNw9gXtOdNEHlqO7nMFm8ekTferxg","tokenType":"Bearer","expiresIn":86400,"user":{"id":2,"email":"second@example.com","name":"Second User","createdAt":"2025-08-19T15:21:37.016206"}}
    Forwarded URL = null
   Redirected URL = null
          Cookies = []

MockHttpServletRequest:
      HTTP Method = POST
      Request URI = /api/v1/accounts
       Parameters = {}
          Headers = [Content-Type:"application/json;charset=UTF-8", Authorization:"Bearer eyJhbGciOiJIUzUxMiJ9.eyJzdWIiOiIyIiwiaWF0IjoxNzU1NjA2MDk3LCJleHAiOjE3NTU2MDk2OTd9.dxXM1CjJk8Fw0QCwhC1JP6_hPKoaUd-Pl4gHzVm4JmEz8h7KFZgmMr692jNw9gXtOdNEHlqO7nMFm8ekTferxg", Content-Length:"72"]
             Body = {"name":"Second User Account","type":"SAVINGS","initialBalance":5000.00}
    Session Attrs = {}

Handler:
             Type = com.fintech.expensetracker.controller.AccountController
           Method = com.fintech.expensetracker.controller.AccountController#createAccount(CreateAccountRequest, UserPrincipal)

Async:
    Async started = false
     Async result = null

Resolved Exception:
             Type = null

ModelAndView:
        View name = null
             View = null
            Model = null

FlashMap:
       Attributes = null

MockHttpServletResponse:
           Status = 201
    Error message = null
          Headers = [Vary:"Origin", "Access-Control-Request-Method", "Access-Control-Request-Headers", Content-Type:"application/json", X-Content-Type-Options:"nosniff", X-XSS-Protection:"0", Cache-Control:"no-cache, no-store, max-age=0, must-revalidate", Pragma:"no-cache", Expires:"0"]
     Content type = application/json
             Body = {"id":2,"name":"Second User Account","type":"SAVINGS","initialBalance":5000.00,"currentBalance":5000.00,"createdAt":"2025-08-19T15:21:37.025865","updatedAt":"2025-08-19T15:21:37.025878"}
    Forwarded URL = null
   Redirected URL = null
          Cookies = []

MockHttpServletRequest:
      HTTP Method = POST
      Request URI = /api/v1/transactions
       Parameters = {}
          Headers = [Content-Type:"application/json;charset=UTF-8", Authorization:"Bearer eyJhbGciOiJIUzUxMiJ9.eyJzdWIiOiIyIiwiaWF0IjoxNzU1NjA2MDk3LCJleHAiOjE3NTU2MDk2OTd9.dxXM1CjJk8Fw0QCwhC1JP6_hPKoaUd-Pl4gHzVm4JmEz8h7KFZgmMr692jNw9gXtOdNEHlqO7nMFm8ekTferxg", Content-Length:"132"]
             Body = {"amount":1000.00,"description":"Second User Income","transactionDate":"2025-08-19","accountId":2,"categoryId":null,"type":"INCOME"}
    Session Attrs = {}

Handler:
             Type = com.fintech.expensetracker.controller.TransactionController
           Method = com.fintech.expensetracker.controller.TransactionController#createTransaction(CreateTransactionRequest, UserPrincipal)

Async:
    Async started = false
     Async result = null

Resolved Exception:
             Type = null

ModelAndView:
        View name = null
             View = null
            Model = null

FlashMap:
       Attributes = null

MockHttpServletResponse:
           Status = 201
    Error message = null
          Headers = [Vary:"Origin", "Access-Control-Request-Method", "Access-Control-Request-Headers", Content-Type:"application/json", X-Content-Type-Options:"nosniff", X-XSS-Protection:"0", Cache-Control:"no-cache, no-store, max-age=0, must-revalidate", Pragma:"no-cache", Expires:"0"]
     Content type = application/json
             Body = {"id":6,"amount":1000.00,"description":"Second User Income","transactionDate":"2025-08-19","account":{"id":2,"name":"Second User Account","type":"SAVINGS","initialBalance":null,"currentBalance":null,"createdAt":null,"updatedAt":null},"category":{"id":1,"name":"Uncategorized","description":"Default category for transactions without a specific category","default":true},"type":"INCOME","createdAt":"2025-08-19T15:21:37.037206","updatedAt":"2025-08-19T15:21:37.03722"}
    Forwarded URL = null
   Redirected URL = null
          Cookies = []

MockHttpServletRequest:
      HTTP Method = GET
      Request URI = /api/v1/accounts
       Parameters = {}
          Headers = [Authorization:"Bearer eyJhbGciOiJIUzUxMiJ9.eyJzdWIiOiIxIiwiaWF0IjoxNzU1NjA2MDk2LCJleHAiOjE3NTU2MDk2OTZ9.FZshAaUM8MajHXPOHVhm12zwCAIUjkVhbMTGBgxqNfni2t2DCtvsgKwx4RXGM7-uOHzBhASrbF2OrhtV82UgHQ"]
             Body = null
    Session Attrs = {}

Handler:
             Type = com.fintech.expensetracker.controller.AccountController
           Method = com.fintech.expensetracker.controller.AccountController#getUserAccounts(UserPrincipal)

Async:
    Async started = false
     Async result = null

Resolved Exception:
             Type = null

ModelAndView:
        View name = null
             View = null
            Model = null

FlashMap:
       Attributes = null

MockHttpServletResponse:
           Status = 200
    Error message = null
          Headers = [Vary:"Origin", "Access-Control-Request-Method", "Access-Control-Request-Headers", Content-Type:"application/json", X-Content-Type-Options:"nosniff", X-XSS-Protection:"0", Cache-Control:"no-cache, no-store, max-age=0, must-revalidate", Pragma:"no-cache", Expires:"0"]
     Content type = application/json
             Body = [{"id":1,"name":"Updated Integration Account","type":"CHECKING","initialBalance":1500.00,"currentBalance":2850.00,"createdAt":"2025-08-19T15:21:36.662267","updatedAt":"2025-08-19T15:21:36.731525"}]
    Forwarded URL = null
   Redirected URL = null
          Cookies = []

MockHttpServletRequest:
      HTTP Method = GET
      Request URI = /api/v1/accounts
       Parameters = {}
          Headers = [Authorization:"Bearer eyJhbGciOiJIUzUxMiJ9.eyJzdWIiOiIyIiwiaWF0IjoxNzU1NjA2MDk3LCJleHAiOjE3NTU2MDk2OTd9.dxXM1CjJk8Fw0QCwhC1JP6_hPKoaUd-Pl4gHzVm4JmEz8h7KFZgmMr692jNw9gXtOdNEHlqO7nMFm8ekTferxg"]
             Body = null
    Session Attrs = {}

Handler:
             Type = com.fintech.expensetracker.controller.AccountController
           Method = com.fintech.expensetracker.controller.AccountController#getUserAccounts(UserPrincipal)

Async:
    Async started = false
     Async result = null

Resolved Exception:
             Type = null

ModelAndView:
        View name = null
             View = null
            Model = null

FlashMap:
       Attributes = null

MockHttpServletResponse:
           Status = 200
    Error message = null
          Headers = [Vary:"Origin", "Access-Control-Request-Method", "Access-Control-Request-Headers", Content-Type:"application/json", X-Content-Type-Options:"nosniff", X-XSS-Protection:"0", Cache-Control:"no-cache, no-store, max-age=0, must-revalidate", Pragma:"no-cache", Expires:"0"]
     Content type = application/json
             Body = [{"id":2,"name":"Second User Account","type":"SAVINGS","initialBalance":5000.00,"currentBalance":6000.00,"createdAt":"2025-08-19T15:21:37.025865","updatedAt":"2025-08-19T15:21:37.025878"}]
    Forwarded URL = null
   Redirected URL = null
          Cookies = []

MockHttpServletRequest:
      HTTP Method = GET
      Request URI = /api/v1/transactions
       Parameters = {}
          Headers = [Authorization:"Bearer eyJhbGciOiJIUzUxMiJ9.eyJzdWIiOiIxIiwiaWF0IjoxNzU1NjA2MDk2LCJleHAiOjE3NTU2MDk2OTZ9.FZshAaUM8MajHXPOHVhm12zwCAIUjkVhbMTGBgxqNfni2t2DCtvsgKwx4RXGM7-uOHzBhASrbF2OrhtV82UgHQ"]
             Body = null
    Session Attrs = {}

Handler:
             Type = com.fintech.expensetracker.controller.TransactionController
           Method = com.fintech.expensetracker.controller.TransactionController#getUserTransactions(UserPrincipal, Long, Long, String, String, String, String, String, int, int)

Async:
    Async started = false
     Async result = null

Resolved Exception:
             Type = null

ModelAndView:
        View name = null
             View = null
            Model = null

FlashMap:
       Attributes = null

MockHttpServletResponse:
           Status = 200
    Error message = null
          Headers = [Vary:"Origin", "Access-Control-Request-Method", "Access-Control-Request-Headers", Content-Type:"application/json", X-Content-Type-Options:"nosniff", X-XSS-Protection:"0", Cache-Control:"no-cache, no-store, max-age=0, must-revalidate", Pragma:"no-cache", Expires:"0"]
     Content type = application/json
             Body = {"content":[{"id":1,"amount":3200.00,"description":"Updated Monthly Salary","transactionDate":"2025-08-19","account":{"id":1,"name":"Updated Integration Account","type":"CHECKING","initialBalance":null,"currentBalance":null,"createdAt":null,"updatedAt":null},"category":{"id":1,"name":"Uncategorized","description":"Default category for transactions without a specific category","default":true},"type":"INCOME","createdAt":"2025-08-19T15:21:36.774222","updatedAt":"2025-08-19T15:21:36.877978"},{"id":2,"amount":-1200.00,"description":"Rent","transactionDate":"2025-08-18","account":{"id":1,"name":"Updated Integration Account","type":"CHECKING","initialBalance":null,"currentBalance":null,"createdAt":null,"updatedAt":null},"category":{"id":1,"name":"Uncategorized","description":"Default category for transactions without a specific category","default":true},"type":"EXPENSE","createdAt":"2025-08-19T15:21:36.792863","updatedAt":"2025-08-19T15:21:36.792892"},{"id":3,"amount":-300.00,"description":"Groceries","transactionDate":"2025-08-17","account":{"id":1,"name":"Updated Integration Account","type":"CHECKING","initialBalance":null,"currentBalance":null,"createdAt":null,"updatedAt":null},"category":{"id":1,"name":"Uncategorized","description":"Default category for transactions without a specific category","default":true},"type":"EXPENSE","createdAt":"2025-08-19T15:21:36.802182","updatedAt":"2025-08-19T15:21:36.802195"},{"id":4,"amount":-150.00,"description":"Utilities","transactionDate":"2025-08-16","account":{"id":1,"name":"Updated Integration Account","type":"CHECKING","initialBalance":null,"currentBalance":null,"createdAt":null,"updatedAt":null},"category":{"id":1,"name":"Uncategorized","description":"Default category for transactions without a specific category","default":true},"type":"EXPENSE","createdAt":"2025-08-19T15:21:36.812133","updatedAt":"2025-08-19T15:21:36.81217"},{"id":5,"amount":-200.00,"description":"Transportation","transactionDate":"2025-08-15","account":{"id":1,"name":"Updated Integration Account","type":"CHECKING","initialBalance":null,"currentBalance":null,"createdAt":null,"updatedAt":null},"category":{"id":1,"name":"Uncategorized","description":"Default category for transactions without a specific category","default":true},"type":"EXPENSE","createdAt":"2025-08-19T15:21:36.823088","updatedAt":"2025-08-19T15:21:36.823103"}],"pageable":{"pageNumber":0,"pageSize":20,"sort":{"empty":false,"unsorted":false,"sorted":true},"offset":0,"paged":true,"unpaged":false},"last":true,"totalElements":5,"totalPages":1,"size":20,"number":0,"sort":{"empty":false,"unsorted":false,"sorted":true},"first":true,"numberOfElements":5,"empty":false}
    Forwarded URL = null
   Redirected URL = null
          Cookies = []
]]></system-out>
    <system-err><![CDATA[WARNING: A Java agent has been loaded dynamically (/Users/bahadirbozoglu/.m2/repository/net/bytebuddy/byte-buddy-agent/1.14.10/byte-buddy-agent-1.14.10.jar)
WARNING: If a serviceability tool is in use, please run with -XX:+EnableDynamicAgentLoading to hide this warning
WARNING: If a serviceability tool is not in use, please run with -Djdk.instrument.traceUsage for more information
WARNING: Dynamic loading of agents will be disallowed by default in a future release
]]></system-err>
  </testcase>
</testsuite>