<?xml version="1.0" encoding="UTF-8"?>
<testsuite xmlns:xsi="http://www.w3.org/2001/XMLSchema-instance" xsi:noNamespaceSchemaLocation="https://maven.apache.org/surefire/maven-surefire-plugin/xsd/surefire-test-report-3.0.xsd" version="3.0" name="com.fintech.expensetracker.integration.ExpenseTrackerH2IntegrationTest" time="14.308" tests="1" errors="0" skipped="0" failures="1">
  <properties>
[...]
</properties>
  <testcase name="shouldCompleteFullIntegrationWorkflow" classname="com.fintech.expensetracker.integration.ExpenseTrackerH2IntegrationTest" time="2.189">
    <failure message="No value at JSON path &quot;$.year&quot;" type="java.lang.AssertionError"><![CDATA[java.lang.AssertionError: No value at JSON path "$.year"
	at org.springframework.test.util.JsonPathExpectationsHelper.evaluateJsonPath(JsonPathExpectationsHelper.java:302)
	at org.springframework.test.util.JsonPathExpectationsHelper.assertValue(JsonPathExpectationsHelper.java:99)
	at org.springframework.test.web.servlet.result.JsonPathResultMatchers.lambda$value$2(JsonPathResultMatchers.java:111)
	at org.springframework.test.web.servlet.MockMvc$1.andExpect(MockMvc.java:214)
	at com.fintech.expensetracker.integration.ExpenseTrackerH2IntegrationTest.shouldCompleteFullIntegrationWorkflow(ExpenseTrackerH2IntegrationTest.java:248)
	at java.base/java.lang.reflect.Method.invoke(Method.java:580)
	at java.base/java.util.ArrayList.forEach(ArrayList.java:1596)
	at java.base/java.util.ArrayList.forEach(ArrayList.java:1596)
Caused by: com.jayway.jsonpath.PathNotFoundException: No results for path: $['year']
]]></failure>
    <system-out><![CDATA[15:00:14.340 [main] INFO org.springframework.test.context.support.AnnotationConfigContextLoaderUtils -- Could not detect default configuration classes for test class [com.fintech.expensetracker.integration.ExpenseTrackerH2IntegrationTest]: ExpenseTrackerH2IntegrationTest does not declare any static, non-private, non-final, nested classes annotated with @Configuration.
15:00:14.800 [main] INFO org.springframework.boot.test.context.SpringBootTestContextBootstrapper -- Found @SpringBootConfiguration com.fintech.expensetracker.ExpenseTrackerApplication for test class com.fintech.expensetracker.integration.ExpenseTrackerH2IntegrationTest

  .   ____          _            __ _ _
 /\\ / ___'_ __ _ _(_)_ __  __ _ \ \ \ \
( ( )\___ | '_ | '_| | '_ \/ _` | \ \ \ \
 \\/  ___)| |_)| | | | | || (_| |  ) ) ) )
  '  |____| .__|_| |_|_| |_\__, | / / / /
 =========|_|==============|___/=/_/_/_/
 :: Spring Boot ::                (v3.2.1)

2025-08-19T15:00:15.687+03:00  INFO 20797 --- [expense-tracker-test] [           main] c.f.e.i.ExpenseTrackerH2IntegrationTest  : Starting ExpenseTrackerH2IntegrationTest using Java 21.0.8 with PID 20797 (started by bahadirbozoglu in /Users/bahadirbozoglu/Projects/VScode/kiro-test/kiro-test)
2025-08-19T15:00:15.690+03:00  INFO 20797 --- [expense-tracker-test] [           main] c.f.e.i.ExpenseTrackerH2IntegrationTest  : The following 1 profile is active: "test"
2025-08-19T15:00:16.973+03:00  INFO 20797 --- [expense-tracker-test] [           main] .s.d.r.c.RepositoryConfigurationDelegate : Bootstrapping Spring Data JPA repositories in DEFAULT mode.
2025-08-19T15:00:17.089+03:00  INFO 20797 --- [expense-tracker-test] [           main] .s.d.r.c.RepositoryConfigurationDelegate : Finished Spring Data repository scanning in 104 ms. Found 4 JPA repository interfaces.
2025-08-19T15:00:17.916+03:00  INFO 20797 --- [expense-tracker-test] [           main] o.hibernate.jpa.internal.util.LogHelper  : HHH000204: Processing PersistenceUnitInfo [name: default]
2025-08-19T15:00:18.013+03:00  INFO 20797 --- [expense-tracker-test] [           main] org.hibernate.Version                    : HHH000412: Hibernate ORM core version 6.4.1.Final
2025-08-19T15:00:18.083+03:00  INFO 20797 --- [expense-tracker-test] [           main] o.h.c.internal.RegionFactoryInitiator    : HHH000026: Second-level cache disabled
2025-08-19T15:00:18.484+03:00  INFO 20797 --- [expense-tracker-test] [           main] o.s.o.j.p.SpringPersistenceUnitInfo      : No LoadTimeWeaver setup: ignoring JPA class transformer
2025-08-19T15:00:18.532+03:00  INFO 20797 --- [expense-tracker-test] [           main] com.zaxxer.hikari.HikariDataSource       : HikariPool-1 - Starting...
2025-08-19T15:00:18.849+03:00  INFO 20797 --- [expense-tracker-test] [           main] com.zaxxer.hikari.pool.HikariPool        : HikariPool-1 - Added connection conn0: url=jdbc:h2:mem:testdb user=SA
2025-08-19T15:00:18.851+03:00  INFO 20797 --- [expense-tracker-test] [           main] com.zaxxer.hikari.HikariDataSource       : HikariPool-1 - Start completed.
2025-08-19T15:00:18.896+03:00  WARN 20797 --- [expense-tracker-test] [           main] org.hibernate.orm.deprecation            : HHH90000025: H2Dialect does not need to be specified explicitly using 'hibernate.dialect' (remove the property setting and it will be selected by default)
2025-08-19T15:00:20.591+03:00  INFO 20797 --- [expense-tracker-test] [           main] o.h.e.t.j.p.i.JtaPlatformInitiator       : HHH000489: No JTA platform available (set 'hibernate.transaction.jta.platform' to enable JTA platform integration)
2025-08-19T15:00:20.717+03:00  INFO 20797 --- [expense-tracker-test] [           main] j.LocalContainerEntityManagerFactoryBean : Initialized JPA EntityManagerFactory for persistence unit 'default'
2025-08-19T15:00:21.336+03:00  INFO 20797 --- [expense-tracker-test] [           main] o.s.d.j.r.query.QueryEnhancerFactory     : Hibernate is in classpath; If applicable, HQL parser will be used.
2025-08-19T15:00:24.207+03:00  WARN 20797 --- [expense-tracker-test] [           main] JpaBaseConfiguration$JpaWebConfiguration : spring.jpa.open-in-view is enabled by default. Therefore, database queries may be performed during view rendering. Explicitly configure spring.jpa.open-in-view to disable this warning
2025-08-19T15:00:25.197+03:00  INFO 20797 --- [expense-tracker-test] [           main] o.s.b.a.h2.H2ConsoleAutoConfiguration    : H2 console available at '/h2-console'. Database available at 'jdbc:h2:mem:testdb'
2025-08-19T15:00:25.290+03:00  INFO 20797 --- [expense-tracker-test] [           main] o.s.b.t.m.w.SpringBootMockServletContext : Initializing Spring TestDispatcherServlet ''
2025-08-19T15:00:25.290+03:00  INFO 20797 --- [expense-tracker-test] [           main] o.s.t.web.servlet.TestDispatcherServlet  : Initializing Servlet ''
2025-08-19T15:00:25.292+03:00  INFO 20797 --- [expense-tracker-test] [           main] o.s.t.web.servlet.TestDispatcherServlet  : Completed initialization in 2 ms
2025-08-19T15:00:25.323+03:00  INFO 20797 --- [expense-tracker-test] [           main] c.f.e.i.ExpenseTrackerH2IntegrationTest  : Started ExpenseTrackerH2IntegrationTest in 10.169 seconds (process running for 12.57)
2025-08-19T15:00:25.327+03:00  INFO 20797 --- [expense-tracker-test] [           main] c.f.e.config.DatabaseConfig              : Initializing default categories...
2025-08-19T15:00:25.506+03:00  WARN 20797 --- [expense-tracker-test] [           main] c.f.e.config.DatabaseConfig              : Default category not found, creating 'Uncategorized' category
2025-08-19T15:00:25.659+03:00  INFO 20797 --- [expense-tracker-test] [           main] c.f.e.config.DatabaseConfig              : Created default 'Uncategorized' category
2025-08-19T15:00:25.772+03:00  INFO 20797 --- [expense-tracker-test] [           main] c.f.e.config.DatabaseConfig              : Created 23 missing essential categories
2025-08-19T15:00:25.792+03:00  INFO 20797 --- [expense-tracker-test] [           main] c.f.e.config.DatabaseConfig              : Database initialization complete. Total categories: 24
2025-08-19T15:00:26.887+03:00  INFO 20797 --- [expense-tracker-test] [           main] c.f.e.controller.AuthController          : Registration request received for email: integration@example.com
2025-08-19T15:00:26.888+03:00  INFO 20797 --- [expense-tracker-test] [           main] c.f.expensetracker.service.UserService   : Attempting to register user with email: integration@example.com
2025-08-19T15:00:27.007+03:00  INFO 20797 --- [expense-tracker-test] [           main] c.f.expensetracker.service.UserService   : User registered successfully with ID: 1
2025-08-19T15:00:27.043+03:00  INFO 20797 --- [expense-tracker-test] [           main] c.f.e.controller.AuthController          : User registered successfully: integration@example.com
2025-08-19T15:00:27.189+03:00  INFO 20797 --- [expense-tracker-test] [           main] c.f.e.controller.AuthController          : Registration request received for email: integration@example.com
2025-08-19T15:00:27.189+03:00  INFO 20797 --- [expense-tracker-test] [           main] c.f.expensetracker.service.UserService   : Attempting to register user with email: integration@example.com
2025-08-19T15:00:27.192+03:00  WARN 20797 --- [expense-tracker-test] [           main] c.f.expensetracker.service.UserService   : Registration failed - email already exists: integration@example.com
2025-08-19T15:00:27.197+03:00  WARN 20797 --- [expense-tracker-test] [           main] c.f.e.exception.GlobalExceptionHandler   : Bad request exception: Email address is already in use
2025-08-19T15:00:27.210+03:00  INFO 20797 --- [expense-tracker-test] [           main] c.f.e.controller.AuthController          : Login request received for email: integration@example.com
2025-08-19T15:00:27.211+03:00  INFO 20797 --- [expense-tracker-test] [           main] c.f.expensetracker.service.UserService   : Attempting to authenticate user with email: integration@example.com
2025-08-19T15:00:27.435+03:00  INFO 20797 --- [expense-tracker-test] [           main] c.f.expensetracker.service.UserService   : User authenticated successfully: integration@example.com
2025-08-19T15:00:27.435+03:00  INFO 20797 --- [expense-tracker-test] [           main] c.f.e.controller.AuthController          : User authenticated successfully: integration@example.com
2025-08-19T15:00:27.439+03:00  INFO 20797 --- [expense-tracker-test] [           main] c.f.e.controller.AuthController          : Login request received for email: integration@example.com
2025-08-19T15:00:27.440+03:00  INFO 20797 --- [expense-tracker-test] [           main] c.f.expensetracker.service.UserService   : Attempting to authenticate user with email: integration@example.com
2025-08-19T15:00:27.537+03:00  WARN 20797 --- [expense-tracker-test] [           main] c.f.expensetracker.service.UserService   : Authentication failed for email: integration@example.com
2025-08-19T15:00:27.538+03:00  WARN 20797 --- [expense-tracker-test] [           main] c.f.e.exception.GlobalExceptionHandler   : Authentication failed: Invalid email or password
2025-08-19T15:00:27.592+03:00  INFO 20797 --- [expense-tracker-test] [           main] c.f.e.controller.AccountController       : Creating account for user ID: 1 with name: Integration Test Account
2025-08-19T15:00:27.592+03:00  INFO 20797 --- [expense-tracker-test] [           main] c.f.e.service.AccountService             : Creating account for user ID: 1
2025-08-19T15:00:27.597+03:00  INFO 20797 --- [expense-tracker-test] [           main] c.f.e.service.AccountService             : Successfully created account with ID: 1 for user ID: 1
2025-08-19T15:00:27.623+03:00  INFO 20797 --- [expense-tracker-test] [           main] c.f.e.controller.AccountController       : Successfully created account ID: 1 for user ID: 1
2025-08-19T15:00:27.637+03:00  INFO 20797 --- [expense-tracker-test] [           main] c.f.e.controller.AccountController       : Retrieving accounts for user ID: 1
2025-08-19T15:00:27.637+03:00  INFO 20797 --- [expense-tracker-test] [           main] c.f.e.service.AccountService             : Retrieving accounts for user ID: 1
2025-08-19T15:00:27.652+03:00  INFO 20797 --- [expense-tracker-test] [           main] c.f.e.service.AccountService             : Found 1 accounts for user ID: 1
2025-08-19T15:00:27.660+03:00  INFO 20797 --- [expense-tracker-test] [           main] c.f.e.controller.AccountController       : Retrieved 1 accounts for user ID: 1
2025-08-19T15:00:27.684+03:00  INFO 20797 --- [expense-tracker-test] [           main] c.f.e.controller.AccountController       : Updating account ID: 1 for user ID: 1
2025-08-19T15:00:27.685+03:00  INFO 20797 --- [expense-tracker-test] [           main] c.f.e.service.AccountService             : Updating account ID: 1 for user ID: 1
2025-08-19T15:00:27.691+03:00  INFO 20797 --- [expense-tracker-test] [           main] c.f.e.service.AccountService             : Successfully updated account ID: 1 for user ID: 1
2025-08-19T15:00:27.713+03:00  INFO 20797 --- [expense-tracker-test] [           main] c.f.e.controller.AccountController       : Successfully updated account ID: 1 for user ID: 1
2025-08-19T15:00:27.722+03:00  INFO 20797 --- [expense-tracker-test] [           main] c.f.e.controller.AccountController       : Calculating balance for account ID: 1 for user ID: 1
2025-08-19T15:00:27.723+03:00  INFO 20797 --- [expense-tracker-test] [           main] c.f.e.service.AccountService             : Calculating balance for account ID: 1 for user ID: 1
2025-08-19T15:00:27.727+03:00  INFO 20797 --- [expense-tracker-test] [           main] c.f.e.service.AccountService             : Calculated balance for account ID: 1 is: 1500.00
2025-08-19T15:00:27.728+03:00  INFO 20797 --- [expense-tracker-test] [           main] c.f.e.controller.AccountController       : Calculated balance for account ID: 1 is: 1500.00
2025-08-19T15:00:27.746+03:00  INFO 20797 --- [expense-tracker-test] [           main] c.f.e.controller.TransactionController   : Creating transaction for user ID: 1 with amount: 3000.00 and description: 'Monthly Salary'
2025-08-19T15:00:27.746+03:00  INFO 20797 --- [expense-tracker-test] [           main] c.f.e.service.TransactionService         : DEBUG - Amount received: [3000.00], Type: [INCOME], Class: [java.math.BigDecimal]
2025-08-19T15:00:27.746+03:00  INFO 20797 --- [expense-tracker-test] [           main] c.f.e.service.TransactionService         : DEBUG - Amount details: value=[3000.00], scale=[2], precision=[6], signum=[1]
2025-08-19T15:00:27.751+03:00  INFO 20797 --- [expense-tracker-test] [           main] c.f.e.service.TransactionService         : DEBUG - convertAmountByType called with amount: [3000.00], type: [INCOME]
2025-08-19T15:00:27.751+03:00  INFO 20797 --- [expense-tracker-test] [           main] c.f.e.service.TransactionService         : DEBUG - Amount comparison with zero: amount.compareTo(BigDecimal.ZERO) = [1]
2025-08-19T15:00:27.752+03:00  INFO 20797 --- [expense-tracker-test] [           main] c.f.e.service.TransactionService         : DEBUG - Converted amount: [3000.00] -> [3000.00] for type: [INCOME]
2025-08-19T15:00:27.755+03:00  INFO 20797 --- [expense-tracker-test] [           main] c.f.e.service.TransactionService         : Created transaction with ID 1 for user 1
2025-08-19T15:00:27.756+03:00  INFO 20797 --- [expense-tracker-test] [           main] c.f.e.controller.TransactionController   : Successfully created transaction ID: 1 for user ID: 1
2025-08-19T15:00:27.772+03:00  INFO 20797 --- [expense-tracker-test] [           main] c.f.e.controller.TransactionController   : Creating transaction for user ID: 1 with amount: 1200.00 and description: 'Rent'
2025-08-19T15:00:27.772+03:00  INFO 20797 --- [expense-tracker-test] [           main] c.f.e.service.TransactionService         : DEBUG - Amount received: [1200.00], Type: [EXPENSE], Class: [java.math.BigDecimal]
2025-08-19T15:00:27.772+03:00  INFO 20797 --- [expense-tracker-test] [           main] c.f.e.service.TransactionService         : DEBUG - Amount details: value=[1200.00], scale=[2], precision=[6], signum=[1]
2025-08-19T15:00:27.776+03:00  INFO 20797 --- [expense-tracker-test] [           main] c.f.e.service.TransactionService         : DEBUG - convertAmountByType called with amount: [1200.00], type: [EXPENSE]
2025-08-19T15:00:27.776+03:00  INFO 20797 --- [expense-tracker-test] [           main] c.f.e.service.TransactionService         : DEBUG - Amount comparison with zero: amount.compareTo(BigDecimal.ZERO) = [1]
2025-08-19T15:00:27.776+03:00  INFO 20797 --- [expense-tracker-test] [           main] c.f.e.service.TransactionService         : DEBUG - Converted amount: [1200.00] -> [-1200.00] for type: [EXPENSE]
2025-08-19T15:00:27.778+03:00  INFO 20797 --- [expense-tracker-test] [           main] c.f.e.service.TransactionService         : Created transaction with ID 2 for user 1
2025-08-19T15:00:27.779+03:00  INFO 20797 --- [expense-tracker-test] [           main] c.f.e.controller.TransactionController   : Successfully created transaction ID: 2 for user ID: 1
2025-08-19T15:00:27.786+03:00  INFO 20797 --- [expense-tracker-test] [           main] c.f.e.controller.TransactionController   : Creating transaction for user ID: 1 with amount: 300.00 and description: 'Groceries'
2025-08-19T15:00:27.787+03:00  INFO 20797 --- [expense-tracker-test] [           main] c.f.e.service.TransactionService         : DEBUG - Amount received: [300.00], Type: [EXPENSE], Class: [java.math.BigDecimal]
2025-08-19T15:00:27.787+03:00  INFO 20797 --- [expense-tracker-test] [           main] c.f.e.service.TransactionService         : DEBUG - Amount details: value=[300.00], scale=[2], precision=[5], signum=[1]
2025-08-19T15:00:27.790+03:00  INFO 20797 --- [expense-tracker-test] [           main] c.f.e.service.TransactionService         : DEBUG - convertAmountByType called with amount: [300.00], type: [EXPENSE]
2025-08-19T15:00:27.790+03:00  INFO 20797 --- [expense-tracker-test] [           main] c.f.e.service.TransactionService         : DEBUG - Amount comparison with zero: amount.compareTo(BigDecimal.ZERO) = [1]
2025-08-19T15:00:27.791+03:00  INFO 20797 --- [expense-tracker-test] [           main] c.f.e.service.TransactionService         : DEBUG - Converted amount: [300.00] -> [-300.00] for type: [EXPENSE]
2025-08-19T15:00:27.792+03:00  INFO 20797 --- [expense-tracker-test] [           main] c.f.e.service.TransactionService         : Created transaction with ID 3 for user 1
2025-08-19T15:00:27.793+03:00  INFO 20797 --- [expense-tracker-test] [           main] c.f.e.controller.TransactionController   : Successfully created transaction ID: 3 for user ID: 1
2025-08-19T15:00:27.802+03:00  INFO 20797 --- [expense-tracker-test] [           main] c.f.e.controller.TransactionController   : Creating transaction for user ID: 1 with amount: 150.00 and description: 'Utilities'
2025-08-19T15:00:27.802+03:00  INFO 20797 --- [expense-tracker-test] [           main] c.f.e.service.TransactionService         : DEBUG - Amount received: [150.00], Type: [EXPENSE], Class: [java.math.BigDecimal]
2025-08-19T15:00:27.802+03:00  INFO 20797 --- [expense-tracker-test] [           main] c.f.e.service.TransactionService         : DEBUG - Amount details: value=[150.00], scale=[2], precision=[5], signum=[1]
2025-08-19T15:00:27.806+03:00  INFO 20797 --- [expense-tracker-test] [           main] c.f.e.service.TransactionService         : DEBUG - convertAmountByType called with amount: [150.00], type: [EXPENSE]
2025-08-19T15:00:27.807+03:00  INFO 20797 --- [expense-tracker-test] [           main] c.f.e.service.TransactionService         : DEBUG - Amount comparison with zero: amount.compareTo(BigDecimal.ZERO) = [1]
2025-08-19T15:00:27.807+03:00  INFO 20797 --- [expense-tracker-test] [           main] c.f.e.service.TransactionService         : DEBUG - Converted amount: [150.00] -> [-150.00] for type: [EXPENSE]
2025-08-19T15:00:27.812+03:00  INFO 20797 --- [expense-tracker-test] [           main] c.f.e.service.TransactionService         : Created transaction with ID 4 for user 1
2025-08-19T15:00:27.815+03:00  INFO 20797 --- [expense-tracker-test] [           main] c.f.e.controller.TransactionController   : Successfully created transaction ID: 4 for user ID: 1
2025-08-19T15:00:27.823+03:00  INFO 20797 --- [expense-tracker-test] [           main] c.f.e.controller.TransactionController   : Creating transaction for user ID: 1 with amount: 200.00 and description: 'Transportation'
2025-08-19T15:00:27.824+03:00  INFO 20797 --- [expense-tracker-test] [           main] c.f.e.service.TransactionService         : DEBUG - Amount received: [200.00], Type: [EXPENSE], Class: [java.math.BigDecimal]
2025-08-19T15:00:27.824+03:00  INFO 20797 --- [expense-tracker-test] [           main] c.f.e.service.TransactionService         : DEBUG - Amount details: value=[200.00], scale=[2], precision=[5], signum=[1]
2025-08-19T15:00:27.828+03:00  INFO 20797 --- [expense-tracker-test] [           main] c.f.e.service.TransactionService         : DEBUG - convertAmountByType called with amount: [200.00], type: [EXPENSE]
2025-08-19T15:00:27.828+03:00  INFO 20797 --- [expense-tracker-test] [           main] c.f.e.service.TransactionService         : DEBUG - Amount comparison with zero: amount.compareTo(BigDecimal.ZERO) = [1]
2025-08-19T15:00:27.828+03:00  INFO 20797 --- [expense-tracker-test] [           main] c.f.e.service.TransactionService         : DEBUG - Converted amount: [200.00] -> [-200.00] for type: [EXPENSE]
2025-08-19T15:00:27.830+03:00  INFO 20797 --- [expense-tracker-test] [           main] c.f.e.service.TransactionService         : Created transaction with ID 5 for user 1
2025-08-19T15:00:27.831+03:00  INFO 20797 --- [expense-tracker-test] [           main] c.f.e.controller.TransactionController   : Successfully created transaction ID: 5 for user ID: 1
2025-08-19T15:00:27.842+03:00  INFO 20797 --- [expense-tracker-test] [           main] c.f.e.controller.TransactionController   : Retrieving transactions for user ID: 1 with filters - page: 0, size: 20
2025-08-19T15:00:27.864+03:00  INFO 20797 --- [expense-tracker-test] [           main] c.f.e.controller.TransactionController   : Retrieved 5 transactions for user ID: 1 (page 1/1)
2025-08-19T15:00:27.893+03:00  INFO 20797 --- [expense-tracker-test] [           main] c.f.e.controller.TransactionController   : Updating transaction ID: 1 for user ID: 1
2025-08-19T15:00:27.898+03:00  INFO 20797 --- [expense-tracker-test] [           main] c.f.e.service.TransactionService         : Transaction update audit - User: 1, Transaction ID: 1, Original: [amount=3000.00, description='Monthly Salary', date=2025-08-19, account=1, category=1], Update request: UpdateTransactionRequest{amount=3200.00, description='Updated Monthly Salary', transactionDate=null, accountId=null, categoryId=null, type=INCOME}
2025-08-19T15:00:27.901+03:00  INFO 20797 --- [expense-tracker-test] [           main] c.f.e.service.TransactionService         : DEBUG - convertAmountByType called with amount: [3200.00], type: [INCOME]
2025-08-19T15:00:27.901+03:00  INFO 20797 --- [expense-tracker-test] [           main] c.f.e.service.TransactionService         : DEBUG - Amount comparison with zero: amount.compareTo(BigDecimal.ZERO) = [1]
2025-08-19T15:00:27.901+03:00  INFO 20797 --- [expense-tracker-test] [           main] c.f.e.service.TransactionService         : DEBUG - Converted amount: [3200.00] -> [3200.00] for type: [INCOME]
2025-08-19T15:00:27.901+03:00  INFO 20797 --- [expense-tracker-test] [           main] c.f.e.service.TransactionService         : Updated transaction with ID 1 for user 1
2025-08-19T15:00:27.905+03:00  INFO 20797 --- [expense-tracker-test] [           main] c.f.e.controller.TransactionController   : Successfully updated transaction ID: 1 for user ID: 1

MockHttpServletRequest:
      HTTP Method = PUT
      Request URI = /api/v1/transactions/1
       Parameters = {}
          Headers = [Content-Type:"application/json;charset=UTF-8", Authorization:"Bearer eyJhbGciOiJIUzUxMiJ9.eyJzdWIiOiIxIiwiaWF0IjoxNzU1NjA0ODI3LCJleHAiOjE3NTU2MDg0Mjd9.V8iNr64tIVu17a222BtUB3Z3we0KxvqJ77tsuNfWqB414WZ9JZK5b6zL22xCELdP9YdBDaCGFnAGKfuVfDmkJQ", Content-Length:"131"]
             Body = {"amount":3200.00,"description":"Updated Monthly Salary","transactionDate":null,"accountId":null,"categoryId":null,"type":"INCOME"}
    Session Attrs = {}

Handler:
             Type = com.fintech.expensetracker.controller.TransactionController
           Method = com.fintech.expensetracker.controller.TransactionController#updateTransaction(Long, UpdateTransactionRequest, UserPrincipal)

Async:
    Async started = false
     Async result = null

Resolved Exception:
             Type = null

ModelAndView:
        View name = null
             View = null
            Model = null

FlashMap:
       Attributes = null

MockHttpServletResponse:
           Status = 200
    Error message = null
          Headers = [Vary:"Origin", "Access-Control-Request-Method", "Access-Control-Request-Headers", Content-Type:"application/json", X-Content-Type-Options:"nosniff", X-XSS-Protection:"0", Cache-Control:"no-cache, no-store, max-age=0, must-revalidate", Pragma:"no-cache", Expires:"0"]
     Content type = application/json
             Body = {"id":1,"amount":3200.00,"description":"Updated Monthly Salary","transactionDate":"2025-08-19","account":{"id":1,"name":"Updated Integration Account","type":"CHECKING","initialBalance":null,"currentBalance":null,"createdAt":null,"updatedAt":null},"category":{"id":1,"name":"Uncategorized","description":"Default category for transactions without a specific category","default":true},"type":"INCOME","createdAt":"2025-08-19T15:00:27.753449","updatedAt":"2025-08-19T15:00:27.753478"}
    Forwarded URL = null
   Redirected URL = null
          Cookies = []
2025-08-19T15:00:27.919+03:00  INFO 20797 --- [expense-tracker-test] [           main] c.f.e.controller.AccountController       : Calculating balance for account ID: 1 for user ID: 1
2025-08-19T15:00:27.919+03:00  INFO 20797 --- [expense-tracker-test] [           main] c.f.e.service.AccountService             : Calculating balance for account ID: 1 for user ID: 1
2025-08-19T15:00:27.925+03:00  INFO 20797 --- [expense-tracker-test] [           main] c.f.e.service.AccountService             : Calculated balance for account ID: 1 is: 2850.00
2025-08-19T15:00:27.926+03:00  INFO 20797 --- [expense-tracker-test] [           main] c.f.e.controller.AccountController       : Calculated balance for account ID: 1 is: 2850.00
2025-08-19T15:00:27.946+03:00  INFO 20797 --- [expense-tracker-test] [           main] c.f.e.controller.AnalyticsController     : Retrieving monthly spending summary for user ID: 1 and month: 2025-08
2025-08-19T15:00:27.957+03:00  INFO 20797 --- [expense-tracker-test] [           main] c.f.e.controller.AnalyticsController     : Retrieved monthly spending summary for user ID: 1 and month: 2025-08 - Income: 3200.00, Expenses: 1850.00, Savings: 1350.00

MockHttpServletRequest:
      HTTP Method = POST
      Request URI = /api/v1/auth/register
       Parameters = {}
          Headers = [Content-Type:"application/json;charset=UTF-8", Content-Length:"91"]
             Body = {"email":"integration@example.com","password":"password123","name":"Integration Test User"}
    Session Attrs = {}

Handler:
             Type = com.fintech.expensetracker.controller.AuthController
           Method = com.fintech.expensetracker.controller.AuthController#registerUser(UserRegistrationRequest)

Async:
    Async started = false
     Async result = null

Resolved Exception:
             Type = null

ModelAndView:
        View name = null
             View = null
            Model = null

FlashMap:
       Attributes = null

MockHttpServletResponse:
           Status = 201
    Error message = null
          Headers = [Vary:"Origin", "Access-Control-Request-Method", "Access-Control-Request-Headers", Content-Type:"application/json", X-Content-Type-Options:"nosniff", X-XSS-Protection:"0", Cache-Control:"no-cache, no-store, max-age=0, must-revalidate", Pragma:"no-cache", Expires:"0"]
     Content type = application/json
             Body = {"token":"eyJhbGciOiJIUzUxMiJ9.eyJzdWIiOiIxIiwiaWF0IjoxNzU1NjA0ODI3LCJleHAiOjE3NTU2MDg0Mjd9.V8iNr64tIVu17a222BtUB3Z3we0KxvqJ77tsuNfWqB414WZ9JZK5b6zL22xCELdP9YdBDaCGFnAGKfuVfDmkJQ","tokenType":"Bearer","expiresIn":86400,"user":{"id":1,"email":"integration@example.com","name":"Integration Test User","createdAt":"2025-08-19T15:00:27.00423"}}
    Forwarded URL = null
   Redirected URL = null
          Cookies = []

MockHttpServletRequest:
      HTTP Method = POST
      Request URI = /api/v1/auth/register
       Parameters = {}
          Headers = [Content-Type:"application/json;charset=UTF-8", Content-Length:"91"]
             Body = {"email":"integration@example.com","password":"password123","name":"Integration Test User"}
    Session Attrs = {}

Handler:
             Type = com.fintech.expensetracker.controller.AuthController
           Method = com.fintech.expensetracker.controller.AuthController#registerUser(UserRegistrationRequest)

Async:
    Async started = false
     Async result = null

Resolved Exception:
             Type = com.fintech.expensetracker.exception.BadRequestException

ModelAndView:
        View name = null
             View = null
            Model = null

FlashMap:
       Attributes = null

MockHttpServletResponse:
           Status = 400
    Error message = null
          Headers = [Vary:"Origin", "Access-Control-Request-Method", "Access-Control-Request-Headers", Content-Type:"application/json", X-Content-Type-Options:"nosniff", X-XSS-Protection:"0", Cache-Control:"no-cache, no-store, max-age=0, must-revalidate", Pragma:"no-cache", Expires:"0"]
     Content type = application/json
             Body = {"timestamp":"2025-08-19T15:00:27.198722","status":400,"error":"Bad Request","message":"Email address is already in use","path":"/api/v1/auth/register","details":null}
    Forwarded URL = null
   Redirected URL = null
          Cookies = []

MockHttpServletRequest:
      HTTP Method = POST
      Request URI = /api/v1/auth/login
       Parameters = {}
          Headers = [Content-Type:"application/json;charset=UTF-8", Content-Length:"60"]
             Body = {"email":"integration@example.com","password":"password123"}
    Session Attrs = {}

Handler:
             Type = com.fintech.expensetracker.controller.AuthController
           Method = com.fintech.expensetracker.controller.AuthController#authenticateUser(LoginRequest)

Async:
    Async started = false
     Async result = null

Resolved Exception:
             Type = null

ModelAndView:
        View name = null
             View = null
            Model = null

FlashMap:
       Attributes = null

MockHttpServletResponse:
           Status = 200
    Error message = null
          Headers = [Vary:"Origin", "Access-Control-Request-Method", "Access-Control-Request-Headers", Content-Type:"application/json", X-Content-Type-Options:"nosniff", X-XSS-Protection:"0", Cache-Control:"no-cache, no-store, max-age=0, must-revalidate", Pragma:"no-cache", Expires:"0"]
     Content type = application/json
             Body = {"token":"eyJhbGciOiJIUzUxMiJ9.eyJzdWIiOiIxIiwiaWF0IjoxNzU1NjA0ODI3LCJleHAiOjE3NTU2MDg0Mjd9.V8iNr64tIVu17a222BtUB3Z3we0KxvqJ77tsuNfWqB414WZ9JZK5b6zL22xCELdP9YdBDaCGFnAGKfuVfDmkJQ","tokenType":"Bearer","expiresIn":86400,"user":{"id":1,"email":"integration@example.com","name":"Integration Test User","createdAt":"2025-08-19T15:00:27.00423"}}
    Forwarded URL = null
   Redirected URL = null
          Cookies = []

MockHttpServletRequest:
      HTTP Method = POST
      Request URI = /api/v1/auth/login
       Parameters = {}
          Headers = [Content-Type:"application/json;charset=UTF-8", Content-Length:"62"]
             Body = {"email":"integration@example.com","password":"wrongpassword"}
    Session Attrs = {}

Handler:
             Type = com.fintech.expensetracker.controller.AuthController
           Method = com.fintech.expensetracker.controller.AuthController#authenticateUser(LoginRequest)

Async:
    Async started = false
     Async result = null

Resolved Exception:
             Type = org.springframework.security.authentication.BadCredentialsException

ModelAndView:
        View name = null
             View = null
            Model = null

FlashMap:
       Attributes = null

MockHttpServletResponse:
           Status = 401
    Error message = null
          Headers = [Vary:"Origin", "Access-Control-Request-Method", "Access-Control-Request-Headers", Content-Type:"application/json", X-Content-Type-Options:"nosniff", X-XSS-Protection:"0", Cache-Control:"no-cache, no-store, max-age=0, must-revalidate", Pragma:"no-cache", Expires:"0"]
     Content type = application/json
             Body = {"timestamp":"2025-08-19T15:00:27.538534","status":401,"error":"Authentication Failed","message":"Invalid credentials provided","path":"/api/v1/auth/login","details":null}
    Forwarded URL = null
   Redirected URL = null
          Cookies = []

MockHttpServletRequest:
      HTTP Method = GET
      Request URI = /api/v1/accounts
       Parameters = {}
          Headers = []
             Body = null
    Session Attrs = {}

Handler:
             Type = null

Async:
    Async started = false
     Async result = null

Resolved Exception:
             Type = null

ModelAndView:
        View name = null
             View = null
            Model = null

FlashMap:
       Attributes = null

MockHttpServletResponse:
           Status = 403
    Error message = Access Denied
          Headers = [Vary:"Origin", "Access-Control-Request-Method", "Access-Control-Request-Headers", X-Content-Type-Options:"nosniff", X-XSS-Protection:"0", Cache-Control:"no-cache, no-store, max-age=0, must-revalidate", Pragma:"no-cache", Expires:"0"]
     Content type = null
             Body = 
    Forwarded URL = null
   Redirected URL = null
          Cookies = []

MockHttpServletRequest:
      HTTP Method = POST
      Request URI = /api/v1/accounts
       Parameters = {}
          Headers = [Content-Type:"application/json;charset=UTF-8", Authorization:"Bearer eyJhbGciOiJIUzUxMiJ9.eyJzdWIiOiIxIiwiaWF0IjoxNzU1NjA0ODI3LCJleHAiOjE3NTU2MDg0Mjd9.V8iNr64tIVu17a222BtUB3Z3we0KxvqJ77tsuNfWqB414WZ9JZK5b6zL22xCELdP9YdBDaCGFnAGKfuVfDmkJQ", Content-Length:"78"]
             Body = {"name":"Integration Test Account","type":"CHECKING","initialBalance":1500.00}
    Session Attrs = {}

Handler:
             Type = com.fintech.expensetracker.controller.AccountController
           Method = com.fintech.expensetracker.controller.AccountController#createAccount(CreateAccountRequest, UserPrincipal)

Async:
    Async started = false
     Async result = null

Resolved Exception:
             Type = null

ModelAndView:
        View name = null
             View = null
            Model = null

FlashMap:
       Attributes = null

MockHttpServletResponse:
           Status = 201
    Error message = null
          Headers = [Vary:"Origin", "Access-Control-Request-Method", "Access-Control-Request-Headers", Content-Type:"application/json", X-Content-Type-Options:"nosniff", X-XSS-Protection:"0", Cache-Control:"no-cache, no-store, max-age=0, must-revalidate", Pragma:"no-cache", Expires:"0"]
     Content type = application/json
             Body = {"id":1,"name":"Integration Test Account","type":"CHECKING","initialBalance":1500.00,"currentBalance":1500.00,"createdAt":"2025-08-19T15:00:27.595463","updatedAt":"2025-08-19T15:00:27.595492"}
    Forwarded URL = null
   Redirected URL = null
          Cookies = []

MockHttpServletRequest:
      HTTP Method = GET
      Request URI = /api/v1/accounts
       Parameters = {}
          Headers = [Authorization:"Bearer eyJhbGciOiJIUzUxMiJ9.eyJzdWIiOiIxIiwiaWF0IjoxNzU1NjA0ODI3LCJleHAiOjE3NTU2MDg0Mjd9.V8iNr64tIVu17a222BtUB3Z3we0KxvqJ77tsuNfWqB414WZ9JZK5b6zL22xCELdP9YdBDaCGFnAGKfuVfDmkJQ"]
             Body = null
    Session Attrs = {}

Handler:
             Type = com.fintech.expensetracker.controller.AccountController
           Method = com.fintech.expensetracker.controller.AccountController#getUserAccounts(UserPrincipal)

Async:
    Async started = false
     Async result = null

Resolved Exception:
             Type = null

ModelAndView:
        View name = null
             View = null
            Model = null

FlashMap:
       Attributes = null

MockHttpServletResponse:
           Status = 200
    Error message = null
          Headers = [Vary:"Origin", "Access-Control-Request-Method", "Access-Control-Request-Headers", Content-Type:"application/json", X-Content-Type-Options:"nosniff", X-XSS-Protection:"0", Cache-Control:"no-cache, no-store, max-age=0, must-revalidate", Pragma:"no-cache", Expires:"0"]
     Content type = application/json
             Body = [{"id":1,"name":"Integration Test Account","type":"CHECKING","initialBalance":1500.00,"currentBalance":1500.00,"createdAt":"2025-08-19T15:00:27.595463","updatedAt":"2025-08-19T15:00:27.595492"}]
    Forwarded URL = null
   Redirected URL = null
          Cookies = []

MockHttpServletRequest:
      HTTP Method = PUT
      Request URI = /api/v1/accounts/1
       Parameters = {}
          Headers = [Content-Type:"application/json;charset=UTF-8", Authorization:"Bearer eyJhbGciOiJIUzUxMiJ9.eyJzdWIiOiIxIiwiaWF0IjoxNzU1NjA0ODI3LCJleHAiOjE3NTU2MDg0Mjd9.V8iNr64tIVu17a222BtUB3Z3we0KxvqJ77tsuNfWqB414WZ9JZK5b6zL22xCELdP9YdBDaCGFnAGKfuVfDmkJQ", Content-Length:"72"]
             Body = {"name":"Updated Integration Account","type":null,"initialBalance":null}
    Session Attrs = {}

Handler:
             Type = com.fintech.expensetracker.controller.AccountController
           Method = com.fintech.expensetracker.controller.AccountController#updateAccount(Long, UpdateAccountRequest, UserPrincipal)

Async:
    Async started = false
     Async result = null

Resolved Exception:
             Type = null

ModelAndView:
        View name = null
             View = null
            Model = null

FlashMap:
       Attributes = null

MockHttpServletResponse:
           Status = 200
    Error message = null
          Headers = [Vary:"Origin", "Access-Control-Request-Method", "Access-Control-Request-Headers", Content-Type:"application/json", X-Content-Type-Options:"nosniff", X-XSS-Protection:"0", Cache-Control:"no-cache, no-store, max-age=0, must-revalidate", Pragma:"no-cache", Expires:"0"]
     Content type = application/json
             Body = {"id":1,"name":"Updated Integration Account","type":"CHECKING","initialBalance":1500.00,"currentBalance":1500.00,"createdAt":"2025-08-19T15:00:27.595463","updatedAt":"2025-08-19T15:00:27.696373"}
    Forwarded URL = null
   Redirected URL = null
          Cookies = []

MockHttpServletRequest:
      HTTP Method = GET
      Request URI = /api/v1/accounts/1/balance
       Parameters = {}
          Headers = [Authorization:"Bearer eyJhbGciOiJIUzUxMiJ9.eyJzdWIiOiIxIiwiaWF0IjoxNzU1NjA0ODI3LCJleHAiOjE3NTU2MDg0Mjd9.V8iNr64tIVu17a222BtUB3Z3we0KxvqJ77tsuNfWqB414WZ9JZK5b6zL22xCELdP9YdBDaCGFnAGKfuVfDmkJQ"]
             Body = null
    Session Attrs = {}

Handler:
             Type = com.fintech.expensetracker.controller.AccountController
           Method = com.fintech.expensetracker.controller.AccountController#getAccountBalance(Long, UserPrincipal)

Async:
    Async started = false
     Async result = null

Resolved Exception:
             Type = null

ModelAndView:
        View name = null
             View = null
            Model = null

FlashMap:
       Attributes = null

MockHttpServletResponse:
           Status = 200
    Error message = null
          Headers = [Vary:"Origin", "Access-Control-Request-Method", "Access-Control-Request-Headers", Content-Type:"application/json", X-Content-Type-Options:"nosniff", X-XSS-Protection:"0", Cache-Control:"no-cache, no-store, max-age=0, must-revalidate", Pragma:"no-cache", Expires:"0"]
     Content type = application/json
             Body = {"accountId":1,"balance":1500.00}
    Forwarded URL = null
   Redirected URL = null
          Cookies = []

MockHttpServletRequest:
      HTTP Method = POST
      Request URI = /api/v1/transactions
       Parameters = {}
          Headers = [Content-Type:"application/json;charset=UTF-8", Authorization:"Bearer eyJhbGciOiJIUzUxMiJ9.eyJzdWIiOiIxIiwiaWF0IjoxNzU1NjA0ODI3LCJleHAiOjE3NTU2MDg0Mjd9.V8iNr64tIVu17a222BtUB3Z3we0KxvqJ77tsuNfWqB414WZ9JZK5b6zL22xCELdP9YdBDaCGFnAGKfuVfDmkJQ", Content-Length:"128"]
             Body = {"amount":3000.00,"description":"Monthly Salary","transactionDate":"2025-08-19","accountId":1,"categoryId":null,"type":"INCOME"}
    Session Attrs = {}

Handler:
             Type = com.fintech.expensetracker.controller.TransactionController
           Method = com.fintech.expensetracker.controller.TransactionController#createTransaction(CreateTransactionRequest, UserPrincipal)

Async:
    Async started = false
     Async result = null

Resolved Exception:
             Type = null

ModelAndView:
        View name = null
             View = null
            Model = null

FlashMap:
       Attributes = null

MockHttpServletResponse:
           Status = 201
    Error message = null
          Headers = [Vary:"Origin", "Access-Control-Request-Method", "Access-Control-Request-Headers", Content-Type:"application/json", X-Content-Type-Options:"nosniff", X-XSS-Protection:"0", Cache-Control:"no-cache, no-store, max-age=0, must-revalidate", Pragma:"no-cache", Expires:"0"]
     Content type = application/json
             Body = {"id":1,"amount":3000.00,"description":"Monthly Salary","transactionDate":"2025-08-19","account":{"id":1,"name":"Updated Integration Account","type":"CHECKING","initialBalance":null,"currentBalance":null,"createdAt":null,"updatedAt":null},"category":{"id":1,"name":"Uncategorized","description":"Default category for transactions without a specific category","default":true},"type":"INCOME","createdAt":"2025-08-19T15:00:27.753449","updatedAt":"2025-08-19T15:00:27.753478"}
    Forwarded URL = null
   Redirected URL = null
          Cookies = []

MockHttpServletRequest:
      HTTP Method = POST
      Request URI = /api/v1/transactions
       Parameters = {}
          Headers = [Content-Type:"application/json;charset=UTF-8", Authorization:"Bearer eyJhbGciOiJIUzUxMiJ9.eyJzdWIiOiIxIiwiaWF0IjoxNzU1NjA0ODI3LCJleHAiOjE3NTU2MDg0Mjd9.V8iNr64tIVu17a222BtUB3Z3we0KxvqJ77tsuNfWqB414WZ9JZK5b6zL22xCELdP9YdBDaCGFnAGKfuVfDmkJQ", Content-Length:"119"]
             Body = {"amount":1200.00,"description":"Rent","transactionDate":"2025-08-18","accountId":1,"categoryId":null,"type":"EXPENSE"}
    Session Attrs = {}

Handler:
             Type = com.fintech.expensetracker.controller.TransactionController
           Method = com.fintech.expensetracker.controller.TransactionController#createTransaction(CreateTransactionRequest, UserPrincipal)

Async:
    Async started = false
     Async result = null

Resolved Exception:
             Type = null

ModelAndView:
        View name = null
             View = null
            Model = null

FlashMap:
       Attributes = null

MockHttpServletResponse:
           Status = 201
    Error message = null
          Headers = [Vary:"Origin", "Access-Control-Request-Method", "Access-Control-Request-Headers", Content-Type:"application/json", X-Content-Type-Options:"nosniff", X-XSS-Protection:"0", Cache-Control:"no-cache, no-store, max-age=0, must-revalidate", Pragma:"no-cache", Expires:"0"]
     Content type = application/json
             Body = {"id":2,"amount":-1200.00,"description":"Rent","transactionDate":"2025-08-18","account":{"id":1,"name":"Updated Integration Account","type":"CHECKING","initialBalance":null,"currentBalance":null,"createdAt":null,"updatedAt":null},"category":{"id":1,"name":"Uncategorized","description":"Default category for transactions without a specific category","default":true},"type":"EXPENSE","createdAt":"2025-08-19T15:00:27.77724","updatedAt":"2025-08-19T15:00:27.777283"}
    Forwarded URL = null
   Redirected URL = null
          Cookies = []

MockHttpServletRequest:
      HTTP Method = POST
      Request URI = /api/v1/transactions
       Parameters = {}
          Headers = [Content-Type:"application/json;charset=UTF-8", Authorization:"Bearer eyJhbGciOiJIUzUxMiJ9.eyJzdWIiOiIxIiwiaWF0IjoxNzU1NjA0ODI3LCJleHAiOjE3NTU2MDg0Mjd9.V8iNr64tIVu17a222BtUB3Z3we0KxvqJ77tsuNfWqB414WZ9JZK5b6zL22xCELdP9YdBDaCGFnAGKfuVfDmkJQ", Content-Length:"123"]
             Body = {"amount":300.00,"description":"Groceries","transactionDate":"2025-08-17","accountId":1,"categoryId":null,"type":"EXPENSE"}
    Session Attrs = {}

Handler:
             Type = com.fintech.expensetracker.controller.TransactionController
           Method = com.fintech.expensetracker.controller.TransactionController#createTransaction(CreateTransactionRequest, UserPrincipal)

Async:
    Async started = false
     Async result = null

Resolved Exception:
             Type = null

ModelAndView:
        View name = null
             View = null
            Model = null

FlashMap:
       Attributes = null

MockHttpServletResponse:
           Status = 201
    Error message = null
          Headers = [Vary:"Origin", "Access-Control-Request-Method", "Access-Control-Request-Headers", Content-Type:"application/json", X-Content-Type-Options:"nosniff", X-XSS-Protection:"0", Cache-Control:"no-cache, no-store, max-age=0, must-revalidate", Pragma:"no-cache", Expires:"0"]
     Content type = application/json
             Body = {"id":3,"amount":-300.00,"description":"Groceries","transactionDate":"2025-08-17","account":{"id":1,"name":"Updated Integration Account","type":"CHECKING","initialBalance":null,"currentBalance":null,"createdAt":null,"updatedAt":null},"category":{"id":1,"name":"Uncategorized","description":"Default category for transactions without a specific category","default":true},"type":"EXPENSE","createdAt":"2025-08-19T15:00:27.79164","updatedAt":"2025-08-19T15:00:27.79166"}
    Forwarded URL = null
   Redirected URL = null
          Cookies = []

MockHttpServletRequest:
      HTTP Method = POST
      Request URI = /api/v1/transactions
       Parameters = {}
          Headers = [Content-Type:"application/json;charset=UTF-8", Authorization:"Bearer eyJhbGciOiJIUzUxMiJ9.eyJzdWIiOiIxIiwiaWF0IjoxNzU1NjA0ODI3LCJleHAiOjE3NTU2MDg0Mjd9.V8iNr64tIVu17a222BtUB3Z3we0KxvqJ77tsuNfWqB414WZ9JZK5b6zL22xCELdP9YdBDaCGFnAGKfuVfDmkJQ", Content-Length:"123"]
             Body = {"amount":150.00,"description":"Utilities","transactionDate":"2025-08-16","accountId":1,"categoryId":null,"type":"EXPENSE"}
    Session Attrs = {}

Handler:
             Type = com.fintech.expensetracker.controller.TransactionController
           Method = com.fintech.expensetracker.controller.TransactionController#createTransaction(CreateTransactionRequest, UserPrincipal)

Async:
    Async started = false
     Async result = null

Resolved Exception:
             Type = null

ModelAndView:
        View name = null
             View = null
            Model = null

FlashMap:
       Attributes = null

MockHttpServletResponse:
           Status = 201
    Error message = null
          Headers = [Vary:"Origin", "Access-Control-Request-Method", "Access-Control-Request-Headers", Content-Type:"application/json", X-Content-Type-Options:"nosniff", X-XSS-Protection:"0", Cache-Control:"no-cache, no-store, max-age=0, must-revalidate", Pragma:"no-cache", Expires:"0"]
     Content type = application/json
             Body = {"id":4,"amount":-150.00,"description":"Utilities","transactionDate":"2025-08-16","account":{"id":1,"name":"Updated Integration Account","type":"CHECKING","initialBalance":null,"currentBalance":null,"createdAt":null,"updatedAt":null},"category":{"id":1,"name":"Uncategorized","description":"Default category for transactions without a specific category","default":true},"type":"EXPENSE","createdAt":"2025-08-19T15:00:27.808117","updatedAt":"2025-08-19T15:00:27.808172"}
    Forwarded URL = null
   Redirected URL = null
          Cookies = []

MockHttpServletRequest:
      HTTP Method = POST
      Request URI = /api/v1/transactions
       Parameters = {}
          Headers = [Content-Type:"application/json;charset=UTF-8", Authorization:"Bearer eyJhbGciOiJIUzUxMiJ9.eyJzdWIiOiIxIiwiaWF0IjoxNzU1NjA0ODI3LCJleHAiOjE3NTU2MDg0Mjd9.V8iNr64tIVu17a222BtUB3Z3we0KxvqJ77tsuNfWqB414WZ9JZK5b6zL22xCELdP9YdBDaCGFnAGKfuVfDmkJQ", Content-Length:"128"]
             Body = {"amount":200.00,"description":"Transportation","transactionDate":"2025-08-15","accountId":1,"categoryId":null,"type":"EXPENSE"}
    Session Attrs = {}

Handler:
             Type = com.fintech.expensetracker.controller.TransactionController
           Method = com.fintech.expensetracker.controller.TransactionController#createTransaction(CreateTransactionRequest, UserPrincipal)

Async:
    Async started = false
     Async result = null

Resolved Exception:
             Type = null

ModelAndView:
        View name = null
             View = null
            Model = null

FlashMap:
       Attributes = null

MockHttpServletResponse:
           Status = 201
    Error message = null
          Headers = [Vary:"Origin", "Access-Control-Request-Method", "Access-Control-Request-Headers", Content-Type:"application/json", X-Content-Type-Options:"nosniff", X-XSS-Protection:"0", Cache-Control:"no-cache, no-store, max-age=0, must-revalidate", Pragma:"no-cache", Expires:"0"]
     Content type = application/json
             Body = {"id":5,"amount":-200.00,"description":"Transportation","transactionDate":"2025-08-15","account":{"id":1,"name":"Updated Integration Account","type":"CHECKING","initialBalance":null,"currentBalance":null,"createdAt":null,"updatedAt":null},"category":{"id":1,"name":"Uncategorized","description":"Default category for transactions without a specific category","default":true},"type":"EXPENSE","createdAt":"2025-08-19T15:00:27.829675","updatedAt":"2025-08-19T15:00:27.829704"}
    Forwarded URL = null
   Redirected URL = null
          Cookies = []

MockHttpServletRequest:
      HTTP Method = GET
      Request URI = /api/v1/transactions
       Parameters = {}
          Headers = [Authorization:"Bearer eyJhbGciOiJIUzUxMiJ9.eyJzdWIiOiIxIiwiaWF0IjoxNzU1NjA0ODI3LCJleHAiOjE3NTU2MDg0Mjd9.V8iNr64tIVu17a222BtUB3Z3we0KxvqJ77tsuNfWqB414WZ9JZK5b6zL22xCELdP9YdBDaCGFnAGKfuVfDmkJQ"]
             Body = null
    Session Attrs = {}

Handler:
             Type = com.fintech.expensetracker.controller.TransactionController
           Method = com.fintech.expensetracker.controller.TransactionController#getUserTransactions(UserPrincipal, Long, Long, String, String, String, String, String, int, int)

Async:
    Async started = false
     Async result = null

Resolved Exception:
             Type = null

ModelAndView:
        View name = null
             View = null
            Model = null

FlashMap:
       Attributes = null

MockHttpServletResponse:
           Status = 200
    Error message = null
          Headers = [Vary:"Origin", "Access-Control-Request-Method", "Access-Control-Request-Headers", Content-Type:"application/json", X-Content-Type-Options:"nosniff", X-XSS-Protection:"0", Cache-Control:"no-cache, no-store, max-age=0, must-revalidate", Pragma:"no-cache", Expires:"0"]
     Content type = application/json
             Body = {"content":[{"id":1,"amount":3000.00,"description":"Monthly Salary","transactionDate":"2025-08-19","account":{"id":1,"name":"Updated Integration Account","type":"CHECKING","initialBalance":null,"currentBalance":null,"createdAt":null,"updatedAt":null},"category":{"id":1,"name":"Uncategorized","description":"Default category for transactions without a specific category","default":true},"type":"INCOME","createdAt":"2025-08-19T15:00:27.753449","updatedAt":"2025-08-19T15:00:27.753478"},{"id":2,"amount":-1200.00,"description":"Rent","transactionDate":"2025-08-18","account":{"id":1,"name":"Updated Integration Account","type":"CHECKING","initialBalance":null,"currentBalance":null,"createdAt":null,"updatedAt":null},"category":{"id":1,"name":"Uncategorized","description":"Default category for transactions without a specific category","default":true},"type":"EXPENSE","createdAt":"2025-08-19T15:00:27.77724","updatedAt":"2025-08-19T15:00:27.777283"},{"id":3,"amount":-300.00,"description":"Groceries","transactionDate":"2025-08-17","account":{"id":1,"name":"Updated Integration Account","type":"CHECKING","initialBalance":null,"currentBalance":null,"createdAt":null,"updatedAt":null},"category":{"id":1,"name":"Uncategorized","description":"Default category for transactions without a specific category","default":true},"type":"EXPENSE","createdAt":"2025-08-19T15:00:27.79164","updatedAt":"2025-08-19T15:00:27.79166"},{"id":4,"amount":-150.00,"description":"Utilities","transactionDate":"2025-08-16","account":{"id":1,"name":"Updated Integration Account","type":"CHECKING","initialBalance":null,"currentBalance":null,"createdAt":null,"updatedAt":null},"category":{"id":1,"name":"Uncategorized","description":"Default category for transactions without a specific category","default":true},"type":"EXPENSE","createdAt":"2025-08-19T15:00:27.808117","updatedAt":"2025-08-19T15:00:27.808172"},{"id":5,"amount":-200.00,"description":"Transportation","transactionDate":"2025-08-15","account":{"id":1,"name":"Updated Integration Account","type":"CHECKING","initialBalance":null,"currentBalance":null,"createdAt":null,"updatedAt":null},"category":{"id":1,"name":"Uncategorized","description":"Default category for transactions without a specific category","default":true},"type":"EXPENSE","createdAt":"2025-08-19T15:00:27.829675","updatedAt":"2025-08-19T15:00:27.829704"}],"pageable":{"pageNumber":0,"pageSize":20,"sort":{"empty":false,"sorted":true,"unsorted":false},"offset":0,"unpaged":false,"paged":true},"last":true,"totalPages":1,"totalElements":5,"size":20,"number":0,"sort":{"empty":false,"sorted":true,"unsorted":false},"first":true,"numberOfElements":5,"empty":false}
    Forwarded URL = null
   Redirected URL = null
          Cookies = []

MockHttpServletRequest:
      HTTP Method = PUT
      Request URI = /api/v1/transactions/1
       Parameters = {}
          Headers = [Content-Type:"application/json;charset=UTF-8", Authorization:"Bearer eyJhbGciOiJIUzUxMiJ9.eyJzdWIiOiIxIiwiaWF0IjoxNzU1NjA0ODI3LCJleHAiOjE3NTU2MDg0Mjd9.V8iNr64tIVu17a222BtUB3Z3we0KxvqJ77tsuNfWqB414WZ9JZK5b6zL22xCELdP9YdBDaCGFnAGKfuVfDmkJQ", Content-Length:"131"]
             Body = {"amount":3200.00,"description":"Updated Monthly Salary","transactionDate":null,"accountId":null,"categoryId":null,"type":"INCOME"}
    Session Attrs = {}

Handler:
             Type = com.fintech.expensetracker.controller.TransactionController
           Method = com.fintech.expensetracker.controller.TransactionController#updateTransaction(Long, UpdateTransactionRequest, UserPrincipal)

Async:
    Async started = false
     Async result = null

Resolved Exception:
             Type = null

ModelAndView:
        View name = null
             View = null
            Model = null

FlashMap:
       Attributes = null

MockHttpServletResponse:
           Status = 200
    Error message = null
          Headers = [Vary:"Origin", "Access-Control-Request-Method", "Access-Control-Request-Headers", Content-Type:"application/json", X-Content-Type-Options:"nosniff", X-XSS-Protection:"0", Cache-Control:"no-cache, no-store, max-age=0, must-revalidate", Pragma:"no-cache", Expires:"0"]
     Content type = application/json
             Body = {"id":1,"amount":3200.00,"description":"Updated Monthly Salary","transactionDate":"2025-08-19","account":{"id":1,"name":"Updated Integration Account","type":"CHECKING","initialBalance":null,"currentBalance":null,"createdAt":null,"updatedAt":null},"category":{"id":1,"name":"Uncategorized","description":"Default category for transactions without a specific category","default":true},"type":"INCOME","createdAt":"2025-08-19T15:00:27.753449","updatedAt":"2025-08-19T15:00:27.753478"}
    Forwarded URL = null
   Redirected URL = null
          Cookies = []

MockHttpServletRequest:
      HTTP Method = GET
      Request URI = /api/v1/accounts/1/balance
       Parameters = {}
          Headers = [Authorization:"Bearer eyJhbGciOiJIUzUxMiJ9.eyJzdWIiOiIxIiwiaWF0IjoxNzU1NjA0ODI3LCJleHAiOjE3NTU2MDg0Mjd9.V8iNr64tIVu17a222BtUB3Z3we0KxvqJ77tsuNfWqB414WZ9JZK5b6zL22xCELdP9YdBDaCGFnAGKfuVfDmkJQ"]
             Body = null
    Session Attrs = {}

Handler:
             Type = com.fintech.expensetracker.controller.AccountController
           Method = com.fintech.expensetracker.controller.AccountController#getAccountBalance(Long, UserPrincipal)

Async:
    Async started = false
     Async result = null

Resolved Exception:
             Type = null

ModelAndView:
        View name = null
             View = null
            Model = null

FlashMap:
       Attributes = null

MockHttpServletResponse:
           Status = 200
    Error message = null
          Headers = [Vary:"Origin", "Access-Control-Request-Method", "Access-Control-Request-Headers", Content-Type:"application/json", X-Content-Type-Options:"nosniff", X-XSS-Protection:"0", Cache-Control:"no-cache, no-store, max-age=0, must-revalidate", Pragma:"no-cache", Expires:"0"]
     Content type = application/json
             Body = {"accountId":1,"balance":2850.00}
    Forwarded URL = null
   Redirected URL = null
          Cookies = []

MockHttpServletRequest:
      HTTP Method = GET
      Request URI = /api/v1/analytics/monthly-summary
       Parameters = {month=[2025-08]}
          Headers = [Authorization:"Bearer eyJhbGciOiJIUzUxMiJ9.eyJzdWIiOiIxIiwiaWF0IjoxNzU1NjA0ODI3LCJleHAiOjE3NTU2MDg0Mjd9.V8iNr64tIVu17a222BtUB3Z3we0KxvqJ77tsuNfWqB414WZ9JZK5b6zL22xCELdP9YdBDaCGFnAGKfuVfDmkJQ"]
             Body = null
    Session Attrs = {}

Handler:
             Type = com.fintech.expensetracker.controller.AnalyticsController
           Method = com.fintech.expensetracker.controller.AnalyticsController#getMonthlySpendingSummary(YearMonth, UserPrincipal)

Async:
    Async started = false
     Async result = null

Resolved Exception:
             Type = null

ModelAndView:
        View name = null
             View = null
            Model = null

FlashMap:
       Attributes = null

MockHttpServletResponse:
           Status = 200
    Error message = null
          Headers = [Vary:"Origin", "Access-Control-Request-Method", "Access-Control-Request-Headers", Content-Type:"application/json", X-Content-Type-Options:"nosniff", X-XSS-Protection:"0", Cache-Control:"no-cache, no-store, max-age=0, must-revalidate", Pragma:"no-cache", Expires:"0"]
     Content type = application/json
             Body = {"month":"2025-08","totalIncome":3200.00,"totalExpenses":1850.00,"netSavings":1350.00,"savingsRate":42.19}
    Forwarded URL = null
   Redirected URL = null
          Cookies = []
]]></system-out>
    <system-err><![CDATA[WARNING: A Java agent has been loaded dynamically (/Users/bahadirbozoglu/.m2/repository/net/bytebuddy/byte-buddy-agent/1.14.10/byte-buddy-agent-1.14.10.jar)
WARNING: If a serviceability tool is in use, please run with -XX:+EnableDynamicAgentLoading to hide this warning
WARNING: If a serviceability tool is not in use, please run with -Djdk.instrument.traceUsage for more information
WARNING: Dynamic loading of agents will be disallowed by default in a future release
]]></system-err>
  </testcase>
</testsuite>