<?xml version="1.0" encoding="UTF-8"?>
<testsuite xmlns:xsi="http://www.w3.org/2001/XMLSchema-instance" xsi:noNamespaceSchemaLocation="https://maven.apache.org/surefire/maven-surefire-plugin/xsd/surefire-test-report-3.0.xsd" version="3.0" name="com.fintech.expensetracker.integration.ExpenseTrackerH2IntegrationTest" time="7.665" tests="1" errors="0" skipped="0" failures="1">
  <properties>
[...]
</properties>
  <testcase name="shouldCompleteFullIntegrationWorkflow" classname="com.fintech.expensetracker.integration.ExpenseTrackerH2IntegrationTest" time="1.564">
    <failure message="No value at JSON path &quot;$.totalIncome&quot;" type="java.lang.AssertionError"><![CDATA[java.lang.AssertionError: No value at JSON path "$.totalIncome"
	at org.springframework.test.util.JsonPathExpectationsHelper.evaluateJsonPath(JsonPathExpectationsHelper.java:302)
	at org.springframework.test.util.JsonPathExpectationsHelper.assertValue(JsonPathExpectationsHelper.java:99)
	at org.springframework.test.web.servlet.result.JsonPathResultMatchers.lambda$value$2(JsonPathResultMatchers.java:111)
	at org.springframework.test.web.servlet.MockMvc$1.andExpect(MockMvc.java:214)
	at com.fintech.expensetracker.integration.ExpenseTrackerH2IntegrationTest.shouldCompleteFullIntegrationWorkflow(ExpenseTrackerH2IntegrationTest.java:271)
	at java.base/java.lang.reflect.Method.invoke(Method.java:580)
	at java.base/java.util.ArrayList.forEach(ArrayList.java:1596)
	at java.base/java.util.ArrayList.forEach(ArrayList.java:1596)
Caused by: com.jayway.jsonpath.PathNotFoundException: No results for path: $['totalIncome']
]]></failure>
    <system-out><![CDATA[15:10:11.356 [main] INFO org.springframework.test.context.support.AnnotationConfigContextLoaderUtils -- Could not detect default configuration classes for test class [com.fintech.expensetracker.integration.ExpenseTrackerH2IntegrationTest]: ExpenseTrackerH2IntegrationTest does not declare any static, non-private, non-final, nested classes annotated with @Configuration.
15:10:11.485 [main] INFO org.springframework.boot.test.context.SpringBootTestContextBootstrapper -- Found @SpringBootConfiguration com.fintech.expensetracker.ExpenseTrackerApplication for test class com.fintech.expensetracker.integration.ExpenseTrackerH2IntegrationTest

  .   ____          _            __ _ _
 /\\ / ___'_ __ _ _(_)_ __  __ _ \ \ \ \
( ( )\___ | '_ | '_| | '_ \/ _` | \ \ \ \
 \\/  ___)| |_)| | | | | || (_| |  ) ) ) )
  '  |____| .__|_| |_|_| |_\__, | / / / /
 =========|_|==============|___/=/_/_/_/
 :: Spring Boot ::                (v3.2.1)

2025-08-19T15:10:11.923+03:00  INFO 21303 --- [expense-tracker-test] [           main] c.f.e.i.ExpenseTrackerH2IntegrationTest  : Starting ExpenseTrackerH2IntegrationTest using Java 21.0.8 with PID 21303 (started by bahadirbozoglu in /Users/bahadirbozoglu/Projects/VScode/kiro-test/kiro-test)
2025-08-19T15:10:11.924+03:00  INFO 21303 --- [expense-tracker-test] [           main] c.f.e.i.ExpenseTrackerH2IntegrationTest  : The following 1 profile is active: "test"
2025-08-19T15:10:12.653+03:00  INFO 21303 --- [expense-tracker-test] [           main] .s.d.r.c.RepositoryConfigurationDelegate : Bootstrapping Spring Data JPA repositories in DEFAULT mode.
2025-08-19T15:10:12.730+03:00  INFO 21303 --- [expense-tracker-test] [           main] .s.d.r.c.RepositoryConfigurationDelegate : Finished Spring Data repository scanning in 68 ms. Found 4 JPA repository interfaces.
2025-08-19T15:10:13.203+03:00  INFO 21303 --- [expense-tracker-test] [           main] o.hibernate.jpa.internal.util.LogHelper  : HHH000204: Processing PersistenceUnitInfo [name: default]
2025-08-19T15:10:13.279+03:00  INFO 21303 --- [expense-tracker-test] [           main] org.hibernate.Version                    : HHH000412: Hibernate ORM core version 6.4.1.Final
2025-08-19T15:10:13.316+03:00  INFO 21303 --- [expense-tracker-test] [           main] o.h.c.internal.RegionFactoryInitiator    : HHH000026: Second-level cache disabled
2025-08-19T15:10:13.585+03:00  INFO 21303 --- [expense-tracker-test] [           main] o.s.o.j.p.SpringPersistenceUnitInfo      : No LoadTimeWeaver setup: ignoring JPA class transformer
2025-08-19T15:10:13.612+03:00  INFO 21303 --- [expense-tracker-test] [           main] com.zaxxer.hikari.HikariDataSource       : HikariPool-1 - Starting...
2025-08-19T15:10:13.800+03:00  INFO 21303 --- [expense-tracker-test] [           main] com.zaxxer.hikari.pool.HikariPool        : HikariPool-1 - Added connection conn0: url=jdbc:h2:mem:testdb user=SA
2025-08-19T15:10:13.802+03:00  INFO 21303 --- [expense-tracker-test] [           main] com.zaxxer.hikari.HikariDataSource       : HikariPool-1 - Start completed.
2025-08-19T15:10:13.833+03:00  WARN 21303 --- [expense-tracker-test] [           main] org.hibernate.orm.deprecation            : HHH90000025: H2Dialect does not need to be specified explicitly using 'hibernate.dialect' (remove the property setting and it will be selected by default)
2025-08-19T15:10:14.803+03:00  INFO 21303 --- [expense-tracker-test] [           main] o.h.e.t.j.p.i.JtaPlatformInitiator       : HHH000489: No JTA platform available (set 'hibernate.transaction.jta.platform' to enable JTA platform integration)
2025-08-19T15:10:14.855+03:00  INFO 21303 --- [expense-tracker-test] [           main] j.LocalContainerEntityManagerFactoryBean : Initialized JPA EntityManagerFactory for persistence unit 'default'
2025-08-19T15:10:15.160+03:00  INFO 21303 --- [expense-tracker-test] [           main] o.s.d.j.r.query.QueryEnhancerFactory     : Hibernate is in classpath; If applicable, HQL parser will be used.
2025-08-19T15:10:16.352+03:00  WARN 21303 --- [expense-tracker-test] [           main] JpaBaseConfiguration$JpaWebConfiguration : spring.jpa.open-in-view is enabled by default. Therefore, database queries may be performed during view rendering. Explicitly configure spring.jpa.open-in-view to disable this warning
2025-08-19T15:10:16.900+03:00  INFO 21303 --- [expense-tracker-test] [           main] o.s.b.a.h2.H2ConsoleAutoConfiguration    : H2 console available at '/h2-console'. Database available at 'jdbc:h2:mem:testdb'
2025-08-19T15:10:16.962+03:00  INFO 21303 --- [expense-tracker-test] [           main] o.s.b.t.m.w.SpringBootMockServletContext : Initializing Spring TestDispatcherServlet ''
2025-08-19T15:10:16.962+03:00  INFO 21303 --- [expense-tracker-test] [           main] o.s.t.web.servlet.TestDispatcherServlet  : Initializing Servlet ''
2025-08-19T15:10:16.964+03:00  INFO 21303 --- [expense-tracker-test] [           main] o.s.t.web.servlet.TestDispatcherServlet  : Completed initialization in 1 ms
2025-08-19T15:10:16.982+03:00  INFO 21303 --- [expense-tracker-test] [           main] c.f.e.i.ExpenseTrackerH2IntegrationTest  : Started ExpenseTrackerH2IntegrationTest in 5.333 seconds (process running for 6.595)
2025-08-19T15:10:16.986+03:00  INFO 21303 --- [expense-tracker-test] [           main] c.f.e.config.DatabaseConfig              : Initializing default categories...
2025-08-19T15:10:17.110+03:00  WARN 21303 --- [expense-tracker-test] [           main] c.f.e.config.DatabaseConfig              : Default category not found, creating 'Uncategorized' category
2025-08-19T15:10:17.175+03:00  INFO 21303 --- [expense-tracker-test] [           main] c.f.e.config.DatabaseConfig              : Created default 'Uncategorized' category
2025-08-19T15:10:17.233+03:00  INFO 21303 --- [expense-tracker-test] [           main] c.f.e.config.DatabaseConfig              : Created 23 missing essential categories
2025-08-19T15:10:17.245+03:00  INFO 21303 --- [expense-tracker-test] [           main] c.f.e.config.DatabaseConfig              : Database initialization complete. Total categories: 24
2025-08-19T15:10:17.968+03:00  INFO 21303 --- [expense-tracker-test] [           main] c.f.e.controller.AuthController          : Registration request received for email: integration@example.com
2025-08-19T15:10:17.969+03:00  INFO 21303 --- [expense-tracker-test] [           main] c.f.expensetracker.service.UserService   : Attempting to register user with email: integration@example.com
2025-08-19T15:10:18.058+03:00  INFO 21303 --- [expense-tracker-test] [           main] c.f.expensetracker.service.UserService   : User registered successfully with ID: 1
2025-08-19T15:10:18.090+03:00  INFO 21303 --- [expense-tracker-test] [           main] c.f.e.controller.AuthController          : User registered successfully: integration@example.com
2025-08-19T15:10:18.218+03:00  INFO 21303 --- [expense-tracker-test] [           main] c.f.e.controller.AuthController          : Registration request received for email: integration@example.com
2025-08-19T15:10:18.218+03:00  INFO 21303 --- [expense-tracker-test] [           main] c.f.expensetracker.service.UserService   : Attempting to register user with email: integration@example.com
2025-08-19T15:10:18.220+03:00  WARN 21303 --- [expense-tracker-test] [           main] c.f.expensetracker.service.UserService   : Registration failed - email already exists: integration@example.com
2025-08-19T15:10:18.224+03:00  WARN 21303 --- [expense-tracker-test] [           main] c.f.e.exception.GlobalExceptionHandler   : Bad request exception: Email address is already in use
2025-08-19T15:10:18.232+03:00  INFO 21303 --- [expense-tracker-test] [           main] c.f.e.controller.AuthController          : Login request received for email: integration@example.com
2025-08-19T15:10:18.232+03:00  INFO 21303 --- [expense-tracker-test] [           main] c.f.expensetracker.service.UserService   : Attempting to authenticate user with email: integration@example.com
2025-08-19T15:10:18.387+03:00  INFO 21303 --- [expense-tracker-test] [           main] c.f.expensetracker.service.UserService   : User authenticated successfully: integration@example.com
2025-08-19T15:10:18.387+03:00  INFO 21303 --- [expense-tracker-test] [           main] c.f.e.controller.AuthController          : User authenticated successfully: integration@example.com
2025-08-19T15:10:18.390+03:00  INFO 21303 --- [expense-tracker-test] [           main] c.f.e.controller.AuthController          : Login request received for email: integration@example.com
2025-08-19T15:10:18.390+03:00  INFO 21303 --- [expense-tracker-test] [           main] c.f.expensetracker.service.UserService   : Attempting to authenticate user with email: integration@example.com
2025-08-19T15:10:18.456+03:00  WARN 21303 --- [expense-tracker-test] [           main] c.f.expensetracker.service.UserService   : Authentication failed for email: integration@example.com
2025-08-19T15:10:18.457+03:00  WARN 21303 --- [expense-tracker-test] [           main] c.f.e.exception.GlobalExceptionHandler   : Authentication failed: Invalid email or password
2025-08-19T15:10:18.499+03:00  INFO 21303 --- [expense-tracker-test] [           main] c.f.e.controller.AccountController       : Creating account for user ID: 1 with name: Integration Test Account
2025-08-19T15:10:18.500+03:00  INFO 21303 --- [expense-tracker-test] [           main] c.f.e.service.AccountService             : Creating account for user ID: 1
2025-08-19T15:10:18.504+03:00  INFO 21303 --- [expense-tracker-test] [           main] c.f.e.service.AccountService             : Successfully created account with ID: 1 for user ID: 1
2025-08-19T15:10:18.520+03:00  INFO 21303 --- [expense-tracker-test] [           main] c.f.e.controller.AccountController       : Successfully created account ID: 1 for user ID: 1
2025-08-19T15:10:18.528+03:00  INFO 21303 --- [expense-tracker-test] [           main] c.f.e.controller.AccountController       : Retrieving accounts for user ID: 1
2025-08-19T15:10:18.528+03:00  INFO 21303 --- [expense-tracker-test] [           main] c.f.e.service.AccountService             : Retrieving accounts for user ID: 1
2025-08-19T15:10:18.538+03:00  INFO 21303 --- [expense-tracker-test] [           main] c.f.e.service.AccountService             : Found 1 accounts for user ID: 1
2025-08-19T15:10:18.543+03:00  INFO 21303 --- [expense-tracker-test] [           main] c.f.e.controller.AccountController       : Retrieved 1 accounts for user ID: 1
2025-08-19T15:10:18.560+03:00  INFO 21303 --- [expense-tracker-test] [           main] c.f.e.controller.AccountController       : Updating account ID: 1 for user ID: 1
2025-08-19T15:10:18.561+03:00  INFO 21303 --- [expense-tracker-test] [           main] c.f.e.service.AccountService             : Updating account ID: 1 for user ID: 1
2025-08-19T15:10:18.565+03:00  INFO 21303 --- [expense-tracker-test] [           main] c.f.e.service.AccountService             : Successfully updated account ID: 1 for user ID: 1
2025-08-19T15:10:18.593+03:00  INFO 21303 --- [expense-tracker-test] [           main] c.f.e.controller.AccountController       : Successfully updated account ID: 1 for user ID: 1
2025-08-19T15:10:18.603+03:00  INFO 21303 --- [expense-tracker-test] [           main] c.f.e.controller.AccountController       : Calculating balance for account ID: 1 for user ID: 1
2025-08-19T15:10:18.604+03:00  INFO 21303 --- [expense-tracker-test] [           main] c.f.e.service.AccountService             : Calculating balance for account ID: 1 for user ID: 1
2025-08-19T15:10:18.607+03:00  INFO 21303 --- [expense-tracker-test] [           main] c.f.e.service.AccountService             : Calculated balance for account ID: 1 is: 1500.00
2025-08-19T15:10:18.607+03:00  INFO 21303 --- [expense-tracker-test] [           main] c.f.e.controller.AccountController       : Calculated balance for account ID: 1 is: 1500.00
2025-08-19T15:10:18.630+03:00  INFO 21303 --- [expense-tracker-test] [           main] c.f.e.controller.TransactionController   : Creating transaction for user ID: 1 with amount: 3000.00 and description: 'Monthly Salary'
2025-08-19T15:10:18.630+03:00  INFO 21303 --- [expense-tracker-test] [           main] c.f.e.service.TransactionService         : DEBUG - Amount received: [3000.00], Type: [INCOME], Class: [java.math.BigDecimal]
2025-08-19T15:10:18.630+03:00  INFO 21303 --- [expense-tracker-test] [           main] c.f.e.service.TransactionService         : DEBUG - Amount details: value=[3000.00], scale=[2], precision=[6], signum=[1]
2025-08-19T15:10:18.635+03:00  INFO 21303 --- [expense-tracker-test] [           main] c.f.e.service.TransactionService         : DEBUG - convertAmountByType called with amount: [3000.00], type: [INCOME]
2025-08-19T15:10:18.635+03:00  INFO 21303 --- [expense-tracker-test] [           main] c.f.e.service.TransactionService         : DEBUG - Amount comparison with zero: amount.compareTo(BigDecimal.ZERO) = [1]
2025-08-19T15:10:18.635+03:00  INFO 21303 --- [expense-tracker-test] [           main] c.f.e.service.TransactionService         : DEBUG - Converted amount: [3000.00] -> [3000.00] for type: [INCOME]
2025-08-19T15:10:18.637+03:00  INFO 21303 --- [expense-tracker-test] [           main] c.f.e.service.TransactionService         : Created transaction with ID 1 for user 1
2025-08-19T15:10:18.639+03:00  INFO 21303 --- [expense-tracker-test] [           main] c.f.e.controller.TransactionController   : Successfully created transaction ID: 1 for user ID: 1
2025-08-19T15:10:18.649+03:00  INFO 21303 --- [expense-tracker-test] [           main] c.f.e.controller.TransactionController   : Creating transaction for user ID: 1 with amount: 1200.00 and description: 'Rent'
2025-08-19T15:10:18.650+03:00  INFO 21303 --- [expense-tracker-test] [           main] c.f.e.service.TransactionService         : DEBUG - Amount received: [1200.00], Type: [EXPENSE], Class: [java.math.BigDecimal]
2025-08-19T15:10:18.650+03:00  INFO 21303 --- [expense-tracker-test] [           main] c.f.e.service.TransactionService         : DEBUG - Amount details: value=[1200.00], scale=[2], precision=[6], signum=[1]
2025-08-19T15:10:18.652+03:00  INFO 21303 --- [expense-tracker-test] [           main] c.f.e.service.TransactionService         : DEBUG - convertAmountByType called with amount: [1200.00], type: [EXPENSE]
2025-08-19T15:10:18.652+03:00  INFO 21303 --- [expense-tracker-test] [           main] c.f.e.service.TransactionService         : DEBUG - Amount comparison with zero: amount.compareTo(BigDecimal.ZERO) = [1]
2025-08-19T15:10:18.652+03:00  INFO 21303 --- [expense-tracker-test] [           main] c.f.e.service.TransactionService         : DEBUG - Converted amount: [1200.00] -> [-1200.00] for type: [EXPENSE]
2025-08-19T15:10:18.653+03:00  INFO 21303 --- [expense-tracker-test] [           main] c.f.e.service.TransactionService         : Created transaction with ID 2 for user 1
2025-08-19T15:10:18.654+03:00  INFO 21303 --- [expense-tracker-test] [           main] c.f.e.controller.TransactionController   : Successfully created transaction ID: 2 for user ID: 1
2025-08-19T15:10:18.659+03:00  INFO 21303 --- [expense-tracker-test] [           main] c.f.e.controller.TransactionController   : Creating transaction for user ID: 1 with amount: 300.00 and description: 'Groceries'
2025-08-19T15:10:18.659+03:00  INFO 21303 --- [expense-tracker-test] [           main] c.f.e.service.TransactionService         : DEBUG - Amount received: [300.00], Type: [EXPENSE], Class: [java.math.BigDecimal]
2025-08-19T15:10:18.659+03:00  INFO 21303 --- [expense-tracker-test] [           main] c.f.e.service.TransactionService         : DEBUG - Amount details: value=[300.00], scale=[2], precision=[5], signum=[1]
2025-08-19T15:10:18.662+03:00  INFO 21303 --- [expense-tracker-test] [           main] c.f.e.service.TransactionService         : DEBUG - convertAmountByType called with amount: [300.00], type: [EXPENSE]
2025-08-19T15:10:18.662+03:00  INFO 21303 --- [expense-tracker-test] [           main] c.f.e.service.TransactionService         : DEBUG - Amount comparison with zero: amount.compareTo(BigDecimal.ZERO) = [1]
2025-08-19T15:10:18.662+03:00  INFO 21303 --- [expense-tracker-test] [           main] c.f.e.service.TransactionService         : DEBUG - Converted amount: [300.00] -> [-300.00] for type: [EXPENSE]
2025-08-19T15:10:18.663+03:00  INFO 21303 --- [expense-tracker-test] [           main] c.f.e.service.TransactionService         : Created transaction with ID 3 for user 1
2025-08-19T15:10:18.663+03:00  INFO 21303 --- [expense-tracker-test] [           main] c.f.e.controller.TransactionController   : Successfully created transaction ID: 3 for user ID: 1
2025-08-19T15:10:18.668+03:00  INFO 21303 --- [expense-tracker-test] [           main] c.f.e.controller.TransactionController   : Creating transaction for user ID: 1 with amount: 150.00 and description: 'Utilities'
2025-08-19T15:10:18.669+03:00  INFO 21303 --- [expense-tracker-test] [           main] c.f.e.service.TransactionService         : DEBUG - Amount received: [150.00], Type: [EXPENSE], Class: [java.math.BigDecimal]
2025-08-19T15:10:18.669+03:00  INFO 21303 --- [expense-tracker-test] [           main] c.f.e.service.TransactionService         : DEBUG - Amount details: value=[150.00], scale=[2], precision=[5], signum=[1]
2025-08-19T15:10:18.671+03:00  INFO 21303 --- [expense-tracker-test] [           main] c.f.e.service.TransactionService         : DEBUG - convertAmountByType called with amount: [150.00], type: [EXPENSE]
2025-08-19T15:10:18.671+03:00  INFO 21303 --- [expense-tracker-test] [           main] c.f.e.service.TransactionService         : DEBUG - Amount comparison with zero: amount.compareTo(BigDecimal.ZERO) = [1]
2025-08-19T15:10:18.671+03:00  INFO 21303 --- [expense-tracker-test] [           main] c.f.e.service.TransactionService         : DEBUG - Converted amount: [150.00] -> [-150.00] for type: [EXPENSE]
2025-08-19T15:10:18.672+03:00  INFO 21303 --- [expense-tracker-test] [           main] c.f.e.service.TransactionService         : Created transaction with ID 4 for user 1
2025-08-19T15:10:18.673+03:00  INFO 21303 --- [expense-tracker-test] [           main] c.f.e.controller.TransactionController   : Successfully created transaction ID: 4 for user ID: 1
2025-08-19T15:10:18.679+03:00  INFO 21303 --- [expense-tracker-test] [           main] c.f.e.controller.TransactionController   : Creating transaction for user ID: 1 with amount: 200.00 and description: 'Transportation'
2025-08-19T15:10:18.679+03:00  INFO 21303 --- [expense-tracker-test] [           main] c.f.e.service.TransactionService         : DEBUG - Amount received: [200.00], Type: [EXPENSE], Class: [java.math.BigDecimal]
2025-08-19T15:10:18.679+03:00  INFO 21303 --- [expense-tracker-test] [           main] c.f.e.service.TransactionService         : DEBUG - Amount details: value=[200.00], scale=[2], precision=[5], signum=[1]
2025-08-19T15:10:18.682+03:00  INFO 21303 --- [expense-tracker-test] [           main] c.f.e.service.TransactionService         : DEBUG - convertAmountByType called with amount: [200.00], type: [EXPENSE]
2025-08-19T15:10:18.682+03:00  INFO 21303 --- [expense-tracker-test] [           main] c.f.e.service.TransactionService         : DEBUG - Amount comparison with zero: amount.compareTo(BigDecimal.ZERO) = [1]
2025-08-19T15:10:18.682+03:00  INFO 21303 --- [expense-tracker-test] [           main] c.f.e.service.TransactionService         : DEBUG - Converted amount: [200.00] -> [-200.00] for type: [EXPENSE]
2025-08-19T15:10:18.683+03:00  INFO 21303 --- [expense-tracker-test] [           main] c.f.e.service.TransactionService         : Created transaction with ID 5 for user 1
2025-08-19T15:10:18.683+03:00  INFO 21303 --- [expense-tracker-test] [           main] c.f.e.controller.TransactionController   : Successfully created transaction ID: 5 for user ID: 1
2025-08-19T15:10:18.692+03:00  INFO 21303 --- [expense-tracker-test] [           main] c.f.e.controller.TransactionController   : Retrieving transactions for user ID: 1 with filters - page: 0, size: 20
2025-08-19T15:10:18.711+03:00  INFO 21303 --- [expense-tracker-test] [           main] c.f.e.controller.TransactionController   : Retrieved 5 transactions for user ID: 1 (page 1/1)
2025-08-19T15:10:18.730+03:00  INFO 21303 --- [expense-tracker-test] [           main] c.f.e.controller.TransactionController   : Updating transaction ID: 1 for user ID: 1
2025-08-19T15:10:18.733+03:00  INFO 21303 --- [expense-tracker-test] [           main] c.f.e.service.TransactionService         : Transaction update audit - User: 1, Transaction ID: 1, Original: [amount=3000.00, description='Monthly Salary', date=2025-08-19, account=1, category=1], Update request: UpdateTransactionRequest{amount=3200.00, description='Updated Monthly Salary', transactionDate=null, accountId=null, categoryId=null, type=INCOME}
2025-08-19T15:10:18.735+03:00  INFO 21303 --- [expense-tracker-test] [           main] c.f.e.service.TransactionService         : DEBUG - convertAmountByType called with amount: [3200.00], type: [INCOME]
2025-08-19T15:10:18.735+03:00  INFO 21303 --- [expense-tracker-test] [           main] c.f.e.service.TransactionService         : DEBUG - Amount comparison with zero: amount.compareTo(BigDecimal.ZERO) = [1]
2025-08-19T15:10:18.735+03:00  INFO 21303 --- [expense-tracker-test] [           main] c.f.e.service.TransactionService         : DEBUG - Converted amount: [3200.00] -> [3200.00] for type: [INCOME]
2025-08-19T15:10:18.736+03:00  INFO 21303 --- [expense-tracker-test] [           main] c.f.e.service.TransactionService         : Updated transaction with ID 1 for user 1
2025-08-19T15:10:18.738+03:00  INFO 21303 --- [expense-tracker-test] [           main] c.f.e.controller.TransactionController   : Successfully updated transaction ID: 1 for user ID: 1

MockHttpServletRequest:
      HTTP Method = PUT
      Request URI = /api/v1/transactions/1
       Parameters = {}
          Headers = [Content-Type:"application/json;charset=UTF-8", Authorization:"Bearer eyJhbGciOiJIUzUxMiJ9.eyJzdWIiOiIxIiwiaWF0IjoxNzU1NjA1NDE4LCJleHAiOjE3NTU2MDkwMTh9.Iz7mEq8bMp84noCBqcAEuTg9A7m2016C4YYGZHJ99yjVjscZGYJq15bd9aaSwWl3HPL4q-KtwceBpD_PO70mjg", Content-Length:"131"]
             Body = {"amount":3200.00,"description":"Updated Monthly Salary","transactionDate":null,"accountId":null,"categoryId":null,"type":"INCOME"}
    Session Attrs = {}

Handler:
             Type = com.fintech.expensetracker.controller.TransactionController
           Method = com.fintech.expensetracker.controller.TransactionController#updateTransaction(Long, UpdateTransactionRequest, UserPrincipal)

Async:
    Async started = false
     Async result = null

Resolved Exception:
             Type = null

ModelAndView:
        View name = null
             View = null
            Model = null

FlashMap:
       Attributes = null

MockHttpServletResponse:
           Status = 200
    Error message = null
          Headers = [Vary:"Origin", "Access-Control-Request-Method", "Access-Control-Request-Headers", Content-Type:"application/json", X-Content-Type-Options:"nosniff", X-XSS-Protection:"0", Cache-Control:"no-cache, no-store, max-age=0, must-revalidate", Pragma:"no-cache", Expires:"0"]
     Content type = application/json
             Body = {"id":1,"amount":3200.00,"description":"Updated Monthly Salary","transactionDate":"2025-08-19","account":{"id":1,"name":"Updated Integration Account","type":"CHECKING","initialBalance":null,"currentBalance":null,"createdAt":null,"updatedAt":null},"category":{"id":1,"name":"Uncategorized","description":"Default category for transactions without a specific category","default":true},"type":"INCOME","createdAt":"2025-08-19T15:10:18.636387","updatedAt":"2025-08-19T15:10:18.636408"}
    Forwarded URL = null
   Redirected URL = null
          Cookies = []
2025-08-19T15:10:18.746+03:00  INFO 21303 --- [expense-tracker-test] [           main] c.f.e.controller.AccountController       : Calculating balance for account ID: 1 for user ID: 1
2025-08-19T15:10:18.746+03:00  INFO 21303 --- [expense-tracker-test] [           main] c.f.e.service.AccountService             : Calculating balance for account ID: 1 for user ID: 1
2025-08-19T15:10:18.749+03:00  INFO 21303 --- [expense-tracker-test] [           main] c.f.e.service.AccountService             : Calculated balance for account ID: 1 is: 2850.00
2025-08-19T15:10:18.749+03:00  INFO 21303 --- [expense-tracker-test] [           main] c.f.e.controller.AccountController       : Calculated balance for account ID: 1 is: 2850.00
2025-08-19T15:10:18.761+03:00  INFO 21303 --- [expense-tracker-test] [           main] c.f.e.controller.AnalyticsController     : Retrieving monthly spending summary for user ID: 1 and month: 2025-08
2025-08-19T15:10:18.767+03:00  INFO 21303 --- [expense-tracker-test] [           main] c.f.e.controller.AnalyticsController     : Retrieved monthly spending summary for user ID: 1 and month: 2025-08 - Income: 3200.00, Expenses: 1850.00, Savings: 1350.00
2025-08-19T15:10:18.775+03:00  INFO 21303 --- [expense-tracker-test] [           main] c.f.e.controller.AnalyticsController     : Retrieving spending by category for user ID: 1 from 2025-07-20 to 2025-08-19
2025-08-19T15:10:18.780+03:00  INFO 21303 --- [expense-tracker-test] [           main] c.f.e.controller.AnalyticsController     : Retrieved spending by category for user ID: 1 - Total expenses: 1850.00, Categories: 1
2025-08-19T15:10:18.788+03:00  INFO 21303 --- [expense-tracker-test] [           main] c.f.e.controller.AnalyticsController     : Calculating savings rate for user ID: 1 from 2025-07-20 to 2025-08-19
2025-08-19T15:10:18.791+03:00  INFO 21303 --- [expense-tracker-test] [           main] c.f.e.controller.AnalyticsController     : Calculated savings rate for user ID: 1 from 2025-07-20 to 2025-08-19: 42.19%

MockHttpServletRequest:
      HTTP Method = POST
      Request URI = /api/v1/auth/register
       Parameters = {}
          Headers = [Content-Type:"application/json;charset=UTF-8", Content-Length:"91"]
             Body = {"email":"integration@example.com","password":"password123","name":"Integration Test User"}
    Session Attrs = {}

Handler:
             Type = com.fintech.expensetracker.controller.AuthController
           Method = com.fintech.expensetracker.controller.AuthController#registerUser(UserRegistrationRequest)

Async:
    Async started = false
     Async result = null

Resolved Exception:
             Type = null

ModelAndView:
        View name = null
             View = null
            Model = null

FlashMap:
       Attributes = null

MockHttpServletResponse:
           Status = 201
    Error message = null
          Headers = [Vary:"Origin", "Access-Control-Request-Method", "Access-Control-Request-Headers", Content-Type:"application/json", X-Content-Type-Options:"nosniff", X-XSS-Protection:"0", Cache-Control:"no-cache, no-store, max-age=0, must-revalidate", Pragma:"no-cache", Expires:"0"]
     Content type = application/json
             Body = {"token":"eyJhbGciOiJIUzUxMiJ9.eyJzdWIiOiIxIiwiaWF0IjoxNzU1NjA1NDE4LCJleHAiOjE3NTU2MDkwMTh9.Iz7mEq8bMp84noCBqcAEuTg9A7m2016C4YYGZHJ99yjVjscZGYJq15bd9aaSwWl3HPL4q-KtwceBpD_PO70mjg","tokenType":"Bearer","expiresIn":86400,"user":{"id":1,"email":"integration@example.com","name":"Integration Test User","createdAt":"2025-08-19T15:10:18.055882"}}
    Forwarded URL = null
   Redirected URL = null
          Cookies = []

MockHttpServletRequest:
      HTTP Method = POST
      Request URI = /api/v1/auth/register
       Parameters = {}
          Headers = [Content-Type:"application/json;charset=UTF-8", Content-Length:"91"]
             Body = {"email":"integration@example.com","password":"password123","name":"Integration Test User"}
    Session Attrs = {}

Handler:
             Type = com.fintech.expensetracker.controller.AuthController
           Method = com.fintech.expensetracker.controller.AuthController#registerUser(UserRegistrationRequest)

Async:
    Async started = false
     Async result = null

Resolved Exception:
             Type = com.fintech.expensetracker.exception.BadRequestException

ModelAndView:
        View name = null
             View = null
            Model = null

FlashMap:
       Attributes = null

MockHttpServletResponse:
           Status = 400
    Error message = null
          Headers = [Vary:"Origin", "Access-Control-Request-Method", "Access-Control-Request-Headers", Content-Type:"application/json", X-Content-Type-Options:"nosniff", X-XSS-Protection:"0", Cache-Control:"no-cache, no-store, max-age=0, must-revalidate", Pragma:"no-cache", Expires:"0"]
     Content type = application/json
             Body = {"timestamp":"2025-08-19T15:10:18.22463","status":400,"error":"Bad Request","message":"Email address is already in use","path":"/api/v1/auth/register","details":null}
    Forwarded URL = null
   Redirected URL = null
          Cookies = []

MockHttpServletRequest:
      HTTP Method = POST
      Request URI = /api/v1/auth/login
       Parameters = {}
          Headers = [Content-Type:"application/json;charset=UTF-8", Content-Length:"60"]
             Body = {"email":"integration@example.com","password":"password123"}
    Session Attrs = {}

Handler:
             Type = com.fintech.expensetracker.controller.AuthController
           Method = com.fintech.expensetracker.controller.AuthController#authenticateUser(LoginRequest)

Async:
    Async started = false
     Async result = null

Resolved Exception:
             Type = null

ModelAndView:
        View name = null
             View = null
            Model = null

FlashMap:
       Attributes = null

MockHttpServletResponse:
           Status = 200
    Error message = null
          Headers = [Vary:"Origin", "Access-Control-Request-Method", "Access-Control-Request-Headers", Content-Type:"application/json", X-Content-Type-Options:"nosniff", X-XSS-Protection:"0", Cache-Control:"no-cache, no-store, max-age=0, must-revalidate", Pragma:"no-cache", Expires:"0"]
     Content type = application/json
             Body = {"token":"eyJhbGciOiJIUzUxMiJ9.eyJzdWIiOiIxIiwiaWF0IjoxNzU1NjA1NDE4LCJleHAiOjE3NTU2MDkwMTh9.Iz7mEq8bMp84noCBqcAEuTg9A7m2016C4YYGZHJ99yjVjscZGYJq15bd9aaSwWl3HPL4q-KtwceBpD_PO70mjg","tokenType":"Bearer","expiresIn":86400,"user":{"id":1,"email":"integration@example.com","name":"Integration Test User","createdAt":"2025-08-19T15:10:18.055882"}}
    Forwarded URL = null
   Redirected URL = null
          Cookies = []

MockHttpServletRequest:
      HTTP Method = POST
      Request URI = /api/v1/auth/login
       Parameters = {}
          Headers = [Content-Type:"application/json;charset=UTF-8", Content-Length:"62"]
             Body = {"email":"integration@example.com","password":"wrongpassword"}
    Session Attrs = {}

Handler:
             Type = com.fintech.expensetracker.controller.AuthController
           Method = com.fintech.expensetracker.controller.AuthController#authenticateUser(LoginRequest)

Async:
    Async started = false
     Async result = null

Resolved Exception:
             Type = org.springframework.security.authentication.BadCredentialsException

ModelAndView:
        View name = null
             View = null
            Model = null

FlashMap:
       Attributes = null

MockHttpServletResponse:
           Status = 401
    Error message = null
          Headers = [Vary:"Origin", "Access-Control-Request-Method", "Access-Control-Request-Headers", Content-Type:"application/json", X-Content-Type-Options:"nosniff", X-XSS-Protection:"0", Cache-Control:"no-cache, no-store, max-age=0, must-revalidate", Pragma:"no-cache", Expires:"0"]
     Content type = application/json
             Body = {"timestamp":"2025-08-19T15:10:18.457586","status":401,"error":"Authentication Failed","message":"Invalid credentials provided","path":"/api/v1/auth/login","details":null}
    Forwarded URL = null
   Redirected URL = null
          Cookies = []

MockHttpServletRequest:
      HTTP Method = GET
      Request URI = /api/v1/accounts
       Parameters = {}
          Headers = []
             Body = null
    Session Attrs = {}

Handler:
             Type = null

Async:
    Async started = false
     Async result = null

Resolved Exception:
             Type = null

ModelAndView:
        View name = null
             View = null
            Model = null

FlashMap:
       Attributes = null

MockHttpServletResponse:
           Status = 403
    Error message = Access Denied
          Headers = [Vary:"Origin", "Access-Control-Request-Method", "Access-Control-Request-Headers", X-Content-Type-Options:"nosniff", X-XSS-Protection:"0", Cache-Control:"no-cache, no-store, max-age=0, must-revalidate", Pragma:"no-cache", Expires:"0"]
     Content type = null
             Body = 
    Forwarded URL = null
   Redirected URL = null
          Cookies = []

MockHttpServletRequest:
      HTTP Method = POST
      Request URI = /api/v1/accounts
       Parameters = {}
          Headers = [Content-Type:"application/json;charset=UTF-8", Authorization:"Bearer eyJhbGciOiJIUzUxMiJ9.eyJzdWIiOiIxIiwiaWF0IjoxNzU1NjA1NDE4LCJleHAiOjE3NTU2MDkwMTh9.Iz7mEq8bMp84noCBqcAEuTg9A7m2016C4YYGZHJ99yjVjscZGYJq15bd9aaSwWl3HPL4q-KtwceBpD_PO70mjg", Content-Length:"78"]
             Body = {"name":"Integration Test Account","type":"CHECKING","initialBalance":1500.00}
    Session Attrs = {}

Handler:
             Type = com.fintech.expensetracker.controller.AccountController
           Method = com.fintech.expensetracker.controller.AccountController#createAccount(CreateAccountRequest, UserPrincipal)

Async:
    Async started = false
     Async result = null

Resolved Exception:
             Type = null

ModelAndView:
        View name = null
             View = null
            Model = null

FlashMap:
       Attributes = null

MockHttpServletResponse:
           Status = 201
    Error message = null
          Headers = [Vary:"Origin", "Access-Control-Request-Method", "Access-Control-Request-Headers", Content-Type:"application/json", X-Content-Type-Options:"nosniff", X-XSS-Protection:"0", Cache-Control:"no-cache, no-store, max-age=0, must-revalidate", Pragma:"no-cache", Expires:"0"]
     Content type = application/json
             Body = {"id":1,"name":"Integration Test Account","type":"CHECKING","initialBalance":1500.00,"currentBalance":1500.00,"createdAt":"2025-08-19T15:10:18.502579","updatedAt":"2025-08-19T15:10:18.502598"}
    Forwarded URL = null
   Redirected URL = null
          Cookies = []

MockHttpServletRequest:
      HTTP Method = GET
      Request URI = /api/v1/accounts
       Parameters = {}
          Headers = [Authorization:"Bearer eyJhbGciOiJIUzUxMiJ9.eyJzdWIiOiIxIiwiaWF0IjoxNzU1NjA1NDE4LCJleHAiOjE3NTU2MDkwMTh9.Iz7mEq8bMp84noCBqcAEuTg9A7m2016C4YYGZHJ99yjVjscZGYJq15bd9aaSwWl3HPL4q-KtwceBpD_PO70mjg"]
             Body = null
    Session Attrs = {}

Handler:
             Type = com.fintech.expensetracker.controller.AccountController
           Method = com.fintech.expensetracker.controller.AccountController#getUserAccounts(UserPrincipal)

Async:
    Async started = false
     Async result = null

Resolved Exception:
             Type = null

ModelAndView:
        View name = null
             View = null
            Model = null

FlashMap:
       Attributes = null

MockHttpServletResponse:
           Status = 200
    Error message = null
          Headers = [Vary:"Origin", "Access-Control-Request-Method", "Access-Control-Request-Headers", Content-Type:"application/json", X-Content-Type-Options:"nosniff", X-XSS-Protection:"0", Cache-Control:"no-cache, no-store, max-age=0, must-revalidate", Pragma:"no-cache", Expires:"0"]
     Content type = application/json
             Body = [{"id":1,"name":"Integration Test Account","type":"CHECKING","initialBalance":1500.00,"currentBalance":1500.00,"createdAt":"2025-08-19T15:10:18.502579","updatedAt":"2025-08-19T15:10:18.502598"}]
    Forwarded URL = null
   Redirected URL = null
          Cookies = []

MockHttpServletRequest:
      HTTP Method = PUT
      Request URI = /api/v1/accounts/1
       Parameters = {}
          Headers = [Content-Type:"application/json;charset=UTF-8", Authorization:"Bearer eyJhbGciOiJIUzUxMiJ9.eyJzdWIiOiIxIiwiaWF0IjoxNzU1NjA1NDE4LCJleHAiOjE3NTU2MDkwMTh9.Iz7mEq8bMp84noCBqcAEuTg9A7m2016C4YYGZHJ99yjVjscZGYJq15bd9aaSwWl3HPL4q-KtwceBpD_PO70mjg", Content-Length:"72"]
             Body = {"name":"Updated Integration Account","type":null,"initialBalance":null}
    Session Attrs = {}

Handler:
             Type = com.fintech.expensetracker.controller.AccountController
           Method = com.fintech.expensetracker.controller.AccountController#updateAccount(Long, UpdateAccountRequest, UserPrincipal)

Async:
    Async started = false
     Async result = null

Resolved Exception:
             Type = null

ModelAndView:
        View name = null
             View = null
            Model = null

FlashMap:
       Attributes = null

MockHttpServletResponse:
           Status = 200
    Error message = null
          Headers = [Vary:"Origin", "Access-Control-Request-Method", "Access-Control-Request-Headers", Content-Type:"application/json", X-Content-Type-Options:"nosniff", X-XSS-Protection:"0", Cache-Control:"no-cache, no-store, max-age=0, must-revalidate", Pragma:"no-cache", Expires:"0"]
     Content type = application/json
             Body = {"id":1,"name":"Updated Integration Account","type":"CHECKING","initialBalance":1500.00,"currentBalance":1500.00,"createdAt":"2025-08-19T15:10:18.502579","updatedAt":"2025-08-19T15:10:18.567963"}
    Forwarded URL = null
   Redirected URL = null
          Cookies = []

MockHttpServletRequest:
      HTTP Method = GET
      Request URI = /api/v1/accounts/1/balance
       Parameters = {}
          Headers = [Authorization:"Bearer eyJhbGciOiJIUzUxMiJ9.eyJzdWIiOiIxIiwiaWF0IjoxNzU1NjA1NDE4LCJleHAiOjE3NTU2MDkwMTh9.Iz7mEq8bMp84noCBqcAEuTg9A7m2016C4YYGZHJ99yjVjscZGYJq15bd9aaSwWl3HPL4q-KtwceBpD_PO70mjg"]
             Body = null
    Session Attrs = {}

Handler:
             Type = com.fintech.expensetracker.controller.AccountController
           Method = com.fintech.expensetracker.controller.AccountController#getAccountBalance(Long, UserPrincipal)

Async:
    Async started = false
     Async result = null

Resolved Exception:
             Type = null

ModelAndView:
        View name = null
             View = null
            Model = null

FlashMap:
       Attributes = null

MockHttpServletResponse:
           Status = 200
    Error message = null
          Headers = [Vary:"Origin", "Access-Control-Request-Method", "Access-Control-Request-Headers", Content-Type:"application/json", X-Content-Type-Options:"nosniff", X-XSS-Protection:"0", Cache-Control:"no-cache, no-store, max-age=0, must-revalidate", Pragma:"no-cache", Expires:"0"]
     Content type = application/json
             Body = {"accountId":1,"balance":1500.00}
    Forwarded URL = null
   Redirected URL = null
          Cookies = []

MockHttpServletRequest:
      HTTP Method = POST
      Request URI = /api/v1/transactions
       Parameters = {}
          Headers = [Content-Type:"application/json;charset=UTF-8", Authorization:"Bearer eyJhbGciOiJIUzUxMiJ9.eyJzdWIiOiIxIiwiaWF0IjoxNzU1NjA1NDE4LCJleHAiOjE3NTU2MDkwMTh9.Iz7mEq8bMp84noCBqcAEuTg9A7m2016C4YYGZHJ99yjVjscZGYJq15bd9aaSwWl3HPL4q-KtwceBpD_PO70mjg", Content-Length:"128"]
             Body = {"amount":3000.00,"description":"Monthly Salary","transactionDate":"2025-08-19","accountId":1,"categoryId":null,"type":"INCOME"}
    Session Attrs = {}

Handler:
             Type = com.fintech.expensetracker.controller.TransactionController
           Method = com.fintech.expensetracker.controller.TransactionController#createTransaction(CreateTransactionRequest, UserPrincipal)

Async:
    Async started = false
     Async result = null

Resolved Exception:
             Type = null

ModelAndView:
        View name = null
             View = null
            Model = null

FlashMap:
       Attributes = null

MockHttpServletResponse:
           Status = 201
    Error message = null
          Headers = [Vary:"Origin", "Access-Control-Request-Method", "Access-Control-Request-Headers", Content-Type:"application/json", X-Content-Type-Options:"nosniff", X-XSS-Protection:"0", Cache-Control:"no-cache, no-store, max-age=0, must-revalidate", Pragma:"no-cache", Expires:"0"]
     Content type = application/json
             Body = {"id":1,"amount":3000.00,"description":"Monthly Salary","transactionDate":"2025-08-19","account":{"id":1,"name":"Updated Integration Account","type":"CHECKING","initialBalance":null,"currentBalance":null,"createdAt":null,"updatedAt":null},"category":{"id":1,"name":"Uncategorized","description":"Default category for transactions without a specific category","default":true},"type":"INCOME","createdAt":"2025-08-19T15:10:18.636387","updatedAt":"2025-08-19T15:10:18.636408"}
    Forwarded URL = null
   Redirected URL = null
          Cookies = []

MockHttpServletRequest:
      HTTP Method = POST
      Request URI = /api/v1/transactions
       Parameters = {}
          Headers = [Content-Type:"application/json;charset=UTF-8", Authorization:"Bearer eyJhbGciOiJIUzUxMiJ9.eyJzdWIiOiIxIiwiaWF0IjoxNzU1NjA1NDE4LCJleHAiOjE3NTU2MDkwMTh9.Iz7mEq8bMp84noCBqcAEuTg9A7m2016C4YYGZHJ99yjVjscZGYJq15bd9aaSwWl3HPL4q-KtwceBpD_PO70mjg", Content-Length:"119"]
             Body = {"amount":1200.00,"description":"Rent","transactionDate":"2025-08-18","accountId":1,"categoryId":null,"type":"EXPENSE"}
    Session Attrs = {}

Handler:
             Type = com.fintech.expensetracker.controller.TransactionController
           Method = com.fintech.expensetracker.controller.TransactionController#createTransaction(CreateTransactionRequest, UserPrincipal)

Async:
    Async started = false
     Async result = null

Resolved Exception:
             Type = null

ModelAndView:
        View name = null
             View = null
            Model = null

FlashMap:
       Attributes = null

MockHttpServletResponse:
           Status = 201
    Error message = null
          Headers = [Vary:"Origin", "Access-Control-Request-Method", "Access-Control-Request-Headers", Content-Type:"application/json", X-Content-Type-Options:"nosniff", X-XSS-Protection:"0", Cache-Control:"no-cache, no-store, max-age=0, must-revalidate", Pragma:"no-cache", Expires:"0"]
     Content type = application/json
             Body = {"id":2,"amount":-1200.00,"description":"Rent","transactionDate":"2025-08-18","account":{"id":1,"name":"Updated Integration Account","type":"CHECKING","initialBalance":null,"currentBalance":null,"createdAt":null,"updatedAt":null},"category":{"id":1,"name":"Uncategorized","description":"Default category for transactions without a specific category","default":true},"type":"EXPENSE","createdAt":"2025-08-19T15:10:18.653235","updatedAt":"2025-08-19T15:10:18.653251"}
    Forwarded URL = null
   Redirected URL = null
          Cookies = []

MockHttpServletRequest:
      HTTP Method = POST
      Request URI = /api/v1/transactions
       Parameters = {}
          Headers = [Content-Type:"application/json;charset=UTF-8", Authorization:"Bearer eyJhbGciOiJIUzUxMiJ9.eyJzdWIiOiIxIiwiaWF0IjoxNzU1NjA1NDE4LCJleHAiOjE3NTU2MDkwMTh9.Iz7mEq8bMp84noCBqcAEuTg9A7m2016C4YYGZHJ99yjVjscZGYJq15bd9aaSwWl3HPL4q-KtwceBpD_PO70mjg", Content-Length:"123"]
             Body = {"amount":300.00,"description":"Groceries","transactionDate":"2025-08-17","accountId":1,"categoryId":null,"type":"EXPENSE"}
    Session Attrs = {}

Handler:
             Type = com.fintech.expensetracker.controller.TransactionController
           Method = com.fintech.expensetracker.controller.TransactionController#createTransaction(CreateTransactionRequest, UserPrincipal)

Async:
    Async started = false
     Async result = null

Resolved Exception:
             Type = null

ModelAndView:
        View name = null
             View = null
            Model = null

FlashMap:
       Attributes = null

MockHttpServletResponse:
           Status = 201
    Error message = null
          Headers = [Vary:"Origin", "Access-Control-Request-Method", "Access-Control-Request-Headers", Content-Type:"application/json", X-Content-Type-Options:"nosniff", X-XSS-Protection:"0", Cache-Control:"no-cache, no-store, max-age=0, must-revalidate", Pragma:"no-cache", Expires:"0"]
     Content type = application/json
             Body = {"id":3,"amount":-300.00,"description":"Groceries","transactionDate":"2025-08-17","account":{"id":1,"name":"Updated Integration Account","type":"CHECKING","initialBalance":null,"currentBalance":null,"createdAt":null,"updatedAt":null},"category":{"id":1,"name":"Uncategorized","description":"Default category for transactions without a specific category","default":true},"type":"EXPENSE","createdAt":"2025-08-19T15:10:18.662551","updatedAt":"2025-08-19T15:10:18.662565"}
    Forwarded URL = null
   Redirected URL = null
          Cookies = []

MockHttpServletRequest:
      HTTP Method = POST
      Request URI = /api/v1/transactions
       Parameters = {}
          Headers = [Content-Type:"application/json;charset=UTF-8", Authorization:"Bearer eyJhbGciOiJIUzUxMiJ9.eyJzdWIiOiIxIiwiaWF0IjoxNzU1NjA1NDE4LCJleHAiOjE3NTU2MDkwMTh9.Iz7mEq8bMp84noCBqcAEuTg9A7m2016C4YYGZHJ99yjVjscZGYJq15bd9aaSwWl3HPL4q-KtwceBpD_PO70mjg", Content-Length:"123"]
             Body = {"amount":150.00,"description":"Utilities","transactionDate":"2025-08-16","accountId":1,"categoryId":null,"type":"EXPENSE"}
    Session Attrs = {}

Handler:
             Type = com.fintech.expensetracker.controller.TransactionController
           Method = com.fintech.expensetracker.controller.TransactionController#createTransaction(CreateTransactionRequest, UserPrincipal)

Async:
    Async started = false
     Async result = null

Resolved Exception:
             Type = null

ModelAndView:
        View name = null
             View = null
            Model = null

FlashMap:
       Attributes = null

MockHttpServletResponse:
           Status = 201
    Error message = null
          Headers = [Vary:"Origin", "Access-Control-Request-Method", "Access-Control-Request-Headers", Content-Type:"application/json", X-Content-Type-Options:"nosniff", X-XSS-Protection:"0", Cache-Control:"no-cache, no-store, max-age=0, must-revalidate", Pragma:"no-cache", Expires:"0"]
     Content type = application/json
             Body = {"id":4,"amount":-150.00,"description":"Utilities","transactionDate":"2025-08-16","account":{"id":1,"name":"Updated Integration Account","type":"CHECKING","initialBalance":null,"currentBalance":null,"createdAt":null,"updatedAt":null},"category":{"id":1,"name":"Uncategorized","description":"Default category for transactions without a specific category","default":true},"type":"EXPENSE","createdAt":"2025-08-19T15:10:18.67218","updatedAt":"2025-08-19T15:10:18.672195"}
    Forwarded URL = null
   Redirected URL = null
          Cookies = []

MockHttpServletRequest:
      HTTP Method = POST
      Request URI = /api/v1/transactions
       Parameters = {}
          Headers = [Content-Type:"application/json;charset=UTF-8", Authorization:"Bearer eyJhbGciOiJIUzUxMiJ9.eyJzdWIiOiIxIiwiaWF0IjoxNzU1NjA1NDE4LCJleHAiOjE3NTU2MDkwMTh9.Iz7mEq8bMp84noCBqcAEuTg9A7m2016C4YYGZHJ99yjVjscZGYJq15bd9aaSwWl3HPL4q-KtwceBpD_PO70mjg", Content-Length:"128"]
             Body = {"amount":200.00,"description":"Transportation","transactionDate":"2025-08-15","accountId":1,"categoryId":null,"type":"EXPENSE"}
    Session Attrs = {}

Handler:
             Type = com.fintech.expensetracker.controller.TransactionController
           Method = com.fintech.expensetracker.controller.TransactionController#createTransaction(CreateTransactionRequest, UserPrincipal)

Async:
    Async started = false
     Async result = null

Resolved Exception:
             Type = null

ModelAndView:
        View name = null
             View = null
            Model = null

FlashMap:
       Attributes = null

MockHttpServletResponse:
           Status = 201
    Error message = null
          Headers = [Vary:"Origin", "Access-Control-Request-Method", "Access-Control-Request-Headers", Content-Type:"application/json", X-Content-Type-Options:"nosniff", X-XSS-Protection:"0", Cache-Control:"no-cache, no-store, max-age=0, must-revalidate", Pragma:"no-cache", Expires:"0"]
     Content type = application/json
             Body = {"id":5,"amount":-200.00,"description":"Transportation","transactionDate":"2025-08-15","account":{"id":1,"name":"Updated Integration Account","type":"CHECKING","initialBalance":null,"currentBalance":null,"createdAt":null,"updatedAt":null},"category":{"id":1,"name":"Uncategorized","description":"Default category for transactions without a specific category","default":true},"type":"EXPENSE","createdAt":"2025-08-19T15:10:18.682778","updatedAt":"2025-08-19T15:10:18.682795"}
    Forwarded URL = null
   Redirected URL = null
          Cookies = []

MockHttpServletRequest:
      HTTP Method = GET
      Request URI = /api/v1/transactions
       Parameters = {}
          Headers = [Authorization:"Bearer eyJhbGciOiJIUzUxMiJ9.eyJzdWIiOiIxIiwiaWF0IjoxNzU1NjA1NDE4LCJleHAiOjE3NTU2MDkwMTh9.Iz7mEq8bMp84noCBqcAEuTg9A7m2016C4YYGZHJ99yjVjscZGYJq15bd9aaSwWl3HPL4q-KtwceBpD_PO70mjg"]
             Body = null
    Session Attrs = {}

Handler:
             Type = com.fintech.expensetracker.controller.TransactionController
           Method = com.fintech.expensetracker.controller.TransactionController#getUserTransactions(UserPrincipal, Long, Long, String, String, String, String, String, int, int)

Async:
    Async started = false
     Async result = null

Resolved Exception:
             Type = null

ModelAndView:
        View name = null
             View = null
            Model = null

FlashMap:
       Attributes = null

MockHttpServletResponse:
           Status = 200
    Error message = null
          Headers = [Vary:"Origin", "Access-Control-Request-Method", "Access-Control-Request-Headers", Content-Type:"application/json", X-Content-Type-Options:"nosniff", X-XSS-Protection:"0", Cache-Control:"no-cache, no-store, max-age=0, must-revalidate", Pragma:"no-cache", Expires:"0"]
     Content type = application/json
             Body = {"content":[{"id":1,"amount":3000.00,"description":"Monthly Salary","transactionDate":"2025-08-19","account":{"id":1,"name":"Updated Integration Account","type":"CHECKING","initialBalance":null,"currentBalance":null,"createdAt":null,"updatedAt":null},"category":{"id":1,"name":"Uncategorized","description":"Default category for transactions without a specific category","default":true},"type":"INCOME","createdAt":"2025-08-19T15:10:18.636387","updatedAt":"2025-08-19T15:10:18.636408"},{"id":2,"amount":-1200.00,"description":"Rent","transactionDate":"2025-08-18","account":{"id":1,"name":"Updated Integration Account","type":"CHECKING","initialBalance":null,"currentBalance":null,"createdAt":null,"updatedAt":null},"category":{"id":1,"name":"Uncategorized","description":"Default category for transactions without a specific category","default":true},"type":"EXPENSE","createdAt":"2025-08-19T15:10:18.653235","updatedAt":"2025-08-19T15:10:18.653251"},{"id":3,"amount":-300.00,"description":"Groceries","transactionDate":"2025-08-17","account":{"id":1,"name":"Updated Integration Account","type":"CHECKING","initialBalance":null,"currentBalance":null,"createdAt":null,"updatedAt":null},"category":{"id":1,"name":"Uncategorized","description":"Default category for transactions without a specific category","default":true},"type":"EXPENSE","createdAt":"2025-08-19T15:10:18.662551","updatedAt":"2025-08-19T15:10:18.662565"},{"id":4,"amount":-150.00,"description":"Utilities","transactionDate":"2025-08-16","account":{"id":1,"name":"Updated Integration Account","type":"CHECKING","initialBalance":null,"currentBalance":null,"createdAt":null,"updatedAt":null},"category":{"id":1,"name":"Uncategorized","description":"Default category for transactions without a specific category","default":true},"type":"EXPENSE","createdAt":"2025-08-19T15:10:18.67218","updatedAt":"2025-08-19T15:10:18.672195"},{"id":5,"amount":-200.00,"description":"Transportation","transactionDate":"2025-08-15","account":{"id":1,"name":"Updated Integration Account","type":"CHECKING","initialBalance":null,"currentBalance":null,"createdAt":null,"updatedAt":null},"category":{"id":1,"name":"Uncategorized","description":"Default category for transactions without a specific category","default":true},"type":"EXPENSE","createdAt":"2025-08-19T15:10:18.682778","updatedAt":"2025-08-19T15:10:18.682795"}],"pageable":{"pageNumber":0,"pageSize":20,"sort":{"empty":false,"sorted":true,"unsorted":false},"offset":0,"paged":true,"unpaged":false},"last":true,"totalPages":1,"totalElements":5,"size":20,"number":0,"sort":{"empty":false,"sorted":true,"unsorted":false},"numberOfElements":5,"first":true,"empty":false}
    Forwarded URL = null
   Redirected URL = null
          Cookies = []

MockHttpServletRequest:
      HTTP Method = PUT
      Request URI = /api/v1/transactions/1
       Parameters = {}
          Headers = [Content-Type:"application/json;charset=UTF-8", Authorization:"Bearer eyJhbGciOiJIUzUxMiJ9.eyJzdWIiOiIxIiwiaWF0IjoxNzU1NjA1NDE4LCJleHAiOjE3NTU2MDkwMTh9.Iz7mEq8bMp84noCBqcAEuTg9A7m2016C4YYGZHJ99yjVjscZGYJq15bd9aaSwWl3HPL4q-KtwceBpD_PO70mjg", Content-Length:"131"]
             Body = {"amount":3200.00,"description":"Updated Monthly Salary","transactionDate":null,"accountId":null,"categoryId":null,"type":"INCOME"}
    Session Attrs = {}

Handler:
             Type = com.fintech.expensetracker.controller.TransactionController
           Method = com.fintech.expensetracker.controller.TransactionController#updateTransaction(Long, UpdateTransactionRequest, UserPrincipal)

Async:
    Async started = false
     Async result = null

Resolved Exception:
             Type = null

ModelAndView:
        View name = null
             View = null
            Model = null

FlashMap:
       Attributes = null

MockHttpServletResponse:
           Status = 200
    Error message = null
          Headers = [Vary:"Origin", "Access-Control-Request-Method", "Access-Control-Request-Headers", Content-Type:"application/json", X-Content-Type-Options:"nosniff", X-XSS-Protection:"0", Cache-Control:"no-cache, no-store, max-age=0, must-revalidate", Pragma:"no-cache", Expires:"0"]
     Content type = application/json
             Body = {"id":1,"amount":3200.00,"description":"Updated Monthly Salary","transactionDate":"2025-08-19","account":{"id":1,"name":"Updated Integration Account","type":"CHECKING","initialBalance":null,"currentBalance":null,"createdAt":null,"updatedAt":null},"category":{"id":1,"name":"Uncategorized","description":"Default category for transactions without a specific category","default":true},"type":"INCOME","createdAt":"2025-08-19T15:10:18.636387","updatedAt":"2025-08-19T15:10:18.636408"}
    Forwarded URL = null
   Redirected URL = null
          Cookies = []

MockHttpServletRequest:
      HTTP Method = GET
      Request URI = /api/v1/accounts/1/balance
       Parameters = {}
          Headers = [Authorization:"Bearer eyJhbGciOiJIUzUxMiJ9.eyJzdWIiOiIxIiwiaWF0IjoxNzU1NjA1NDE4LCJleHAiOjE3NTU2MDkwMTh9.Iz7mEq8bMp84noCBqcAEuTg9A7m2016C4YYGZHJ99yjVjscZGYJq15bd9aaSwWl3HPL4q-KtwceBpD_PO70mjg"]
             Body = null
    Session Attrs = {}

Handler:
             Type = com.fintech.expensetracker.controller.AccountController
           Method = com.fintech.expensetracker.controller.AccountController#getAccountBalance(Long, UserPrincipal)

Async:
    Async started = false
     Async result = null

Resolved Exception:
             Type = null

ModelAndView:
        View name = null
             View = null
            Model = null

FlashMap:
       Attributes = null

MockHttpServletResponse:
           Status = 200
    Error message = null
          Headers = [Vary:"Origin", "Access-Control-Request-Method", "Access-Control-Request-Headers", Content-Type:"application/json", X-Content-Type-Options:"nosniff", X-XSS-Protection:"0", Cache-Control:"no-cache, no-store, max-age=0, must-revalidate", Pragma:"no-cache", Expires:"0"]
     Content type = application/json
             Body = {"accountId":1,"balance":2850.00}
    Forwarded URL = null
   Redirected URL = null
          Cookies = []

MockHttpServletRequest:
      HTTP Method = GET
      Request URI = /api/v1/analytics/monthly-summary
       Parameters = {month=[2025-08]}
          Headers = [Authorization:"Bearer eyJhbGciOiJIUzUxMiJ9.eyJzdWIiOiIxIiwiaWF0IjoxNzU1NjA1NDE4LCJleHAiOjE3NTU2MDkwMTh9.Iz7mEq8bMp84noCBqcAEuTg9A7m2016C4YYGZHJ99yjVjscZGYJq15bd9aaSwWl3HPL4q-KtwceBpD_PO70mjg"]
             Body = null
    Session Attrs = {}

Handler:
             Type = com.fintech.expensetracker.controller.AnalyticsController
           Method = com.fintech.expensetracker.controller.AnalyticsController#getMonthlySpendingSummary(YearMonth, UserPrincipal)

Async:
    Async started = false
     Async result = null

Resolved Exception:
             Type = null

ModelAndView:
        View name = null
             View = null
            Model = null

FlashMap:
       Attributes = null

MockHttpServletResponse:
           Status = 200
    Error message = null
          Headers = [Vary:"Origin", "Access-Control-Request-Method", "Access-Control-Request-Headers", Content-Type:"application/json", X-Content-Type-Options:"nosniff", X-XSS-Protection:"0", Cache-Control:"no-cache, no-store, max-age=0, must-revalidate", Pragma:"no-cache", Expires:"0"]
     Content type = application/json
             Body = {"month":"2025-08","totalIncome":3200.00,"totalExpenses":1850.00,"netSavings":1350.00,"savingsRate":42.19}
    Forwarded URL = null
   Redirected URL = null
          Cookies = []

MockHttpServletRequest:
      HTTP Method = GET
      Request URI = /api/v1/analytics/spending-by-category
       Parameters = {startDate=[2025-07-20], endDate=[2025-08-19]}
          Headers = [Authorization:"Bearer eyJhbGciOiJIUzUxMiJ9.eyJzdWIiOiIxIiwiaWF0IjoxNzU1NjA1NDE4LCJleHAiOjE3NTU2MDkwMTh9.Iz7mEq8bMp84noCBqcAEuTg9A7m2016C4YYGZHJ99yjVjscZGYJq15bd9aaSwWl3HPL4q-KtwceBpD_PO70mjg"]
             Body = null
    Session Attrs = {}

Handler:
             Type = com.fintech.expensetracker.controller.AnalyticsController
           Method = com.fintech.expensetracker.controller.AnalyticsController#getSpendingByCategory(LocalDate, LocalDate, UserPrincipal)

Async:
    Async started = false
     Async result = null

Resolved Exception:
             Type = null

ModelAndView:
        View name = null
             View = null
            Model = null

FlashMap:
       Attributes = null

MockHttpServletResponse:
           Status = 200
    Error message = null
          Headers = [Vary:"Origin", "Access-Control-Request-Method", "Access-Control-Request-Headers", Content-Type:"application/json", X-Content-Type-Options:"nosniff", X-XSS-Protection:"0", Cache-Control:"no-cache, no-store, max-age=0, must-revalidate", Pragma:"no-cache", Expires:"0"]
     Content type = application/json
             Body = {"startDate":"2025-07-20","endDate":"2025-08-19","totalExpenses":1850.00,"categoryBreakdown":[{"category":{"id":1,"name":"Uncategorized","description":null,"default":false},"amount":1850.00,"percentage":100.00,"transactionCount":0}]}
    Forwarded URL = null
   Redirected URL = null
          Cookies = []

MockHttpServletRequest:
      HTTP Method = GET
      Request URI = /api/v1/analytics/savings-rate
       Parameters = {startDate=[2025-07-20], endDate=[2025-08-19]}
          Headers = [Authorization:"Bearer eyJhbGciOiJIUzUxMiJ9.eyJzdWIiOiIxIiwiaWF0IjoxNzU1NjA1NDE4LCJleHAiOjE3NTU2MDkwMTh9.Iz7mEq8bMp84noCBqcAEuTg9A7m2016C4YYGZHJ99yjVjscZGYJq15bd9aaSwWl3HPL4q-KtwceBpD_PO70mjg"]
             Body = null
    Session Attrs = {}

Handler:
             Type = com.fintech.expensetracker.controller.AnalyticsController
           Method = com.fintech.expensetracker.controller.AnalyticsController#getSavingsRate(LocalDate, LocalDate, UserPrincipal)

Async:
    Async started = false
     Async result = null

Resolved Exception:
             Type = null

ModelAndView:
        View name = null
             View = null
            Model = null

FlashMap:
       Attributes = null

MockHttpServletResponse:
           Status = 200
    Error message = null
          Headers = [Vary:"Origin", "Access-Control-Request-Method", "Access-Control-Request-Headers", Content-Type:"application/json", X-Content-Type-Options:"nosniff", X-XSS-Protection:"0", Cache-Control:"no-cache, no-store, max-age=0, must-revalidate", Pragma:"no-cache", Expires:"0"]
     Content type = application/json
             Body = {"startDate":"2025-07-20","endDate":"2025-08-19","savingsRate":42.19}
    Forwarded URL = null
   Redirected URL = null
          Cookies = []
]]></system-out>
    <system-err><![CDATA[WARNING: A Java agent has been loaded dynamically (/Users/bahadirbozoglu/.m2/repository/net/bytebuddy/byte-buddy-agent/1.14.10/byte-buddy-agent-1.14.10.jar)
WARNING: If a serviceability tool is in use, please run with -XX:+EnableDynamicAgentLoading to hide this warning
WARNING: If a serviceability tool is not in use, please run with -Djdk.instrument.traceUsage for more information
WARNING: Dynamic loading of agents will be disallowed by default in a future release
]]></system-err>
  </testcase>
</testsuite>