<?xml version="1.0" encoding="UTF-8"?>
<testsuite xmlns:xsi="http://www.w3.org/2001/XMLSchema-instance" xsi:noNamespaceSchemaLocation="https://maven.apache.org/surefire/maven-surefire-plugin/xsd/surefire-test-report-3.0.xsd" version="3.0" name="com.fintech.expensetracker.config.DatabaseConfigTest" time="8.072" tests="5" errors="0" skipped="0" failures="0">
  <properties>
[...]
</properties>
  <testcase name="testEssentialCategoriesExist" classname="com.fintech.expensetracker.config.DatabaseConfigTest" time="0.775">
    <system-out><![CDATA[12:17:09.516 [main] INFO org.springframework.test.context.support.AnnotationConfigContextLoaderUtils -- Could not detect default configuration classes for test class [com.fintech.expensetracker.config.DatabaseConfigTest]: DatabaseConfigTest does not declare any static, non-private, non-final, nested classes annotated with @Configuration.
12:17:09.648 [main] INFO org.springframework.boot.test.context.SpringBootTestContextBootstrapper -- Found @SpringBootConfiguration com.fintech.expensetracker.ExpenseTrackerApplication for test class com.fintech.expensetracker.config.DatabaseConfigTest

  .   ____          _            __ _ _
 /\\ / ___'_ __ _ _(_)_ __  __ _ \ \ \ \
( ( )\___ | '_ | '_| | '_ \/ _` | \ \ \ \
 \\/  ___)| |_)| | | | | || (_| |  ) ) ) )
  '  |____| .__|_| |_|_| |_\__, | / / / /
 =========|_|==============|___/=/_/_/_/
 :: Spring Boot ::                (v3.2.1)

2025-08-16T12:17:10.084+03:00  INFO 5740 --- [expense-tracker] [           main] c.f.e.config.DatabaseConfigTest          : Starting DatabaseConfigTest using Java 21.0.8 with PID 5740 (started by bahadirbozoglu in /Users/bahadirbozoglu/Projects/Test/kiro-test)
2025-08-16T12:17:10.085+03:00 DEBUG 5740 --- [expense-tracker] [           main] c.f.e.config.DatabaseConfigTest          : Running with Spring Boot v3.2.1, Spring v6.1.2
2025-08-16T12:17:10.086+03:00  INFO 5740 --- [expense-tracker] [           main] c.f.e.config.DatabaseConfigTest          : The following 1 profile is active: "test"
2025-08-16T12:17:10.912+03:00  INFO 5740 --- [expense-tracker] [           main] .s.d.r.c.RepositoryConfigurationDelegate : Bootstrapping Spring Data JPA repositories in DEFAULT mode.
2025-08-16T12:17:11.030+03:00  INFO 5740 --- [expense-tracker] [           main] .s.d.r.c.RepositoryConfigurationDelegate : Finished Spring Data repository scanning in 105 ms. Found 4 JPA repository interfaces.
2025-08-16T12:17:11.627+03:00  INFO 5740 --- [expense-tracker] [           main] o.hibernate.jpa.internal.util.LogHelper  : HHH000204: Processing PersistenceUnitInfo [name: default]
2025-08-16T12:17:11.717+03:00  INFO 5740 --- [expense-tracker] [           main] org.hibernate.Version                    : HHH000412: Hibernate ORM core version 6.4.1.Final
2025-08-16T12:17:11.777+03:00  INFO 5740 --- [expense-tracker] [           main] o.h.c.internal.RegionFactoryInitiator    : HHH000026: Second-level cache disabled
2025-08-16T12:17:12.105+03:00  INFO 5740 --- [expense-tracker] [           main] o.s.o.j.p.SpringPersistenceUnitInfo      : No LoadTimeWeaver setup: ignoring JPA class transformer
2025-08-16T12:17:12.142+03:00  INFO 5740 --- [expense-tracker] [           main] com.zaxxer.hikari.HikariDataSource       : HikariPool-1 - Starting...
2025-08-16T12:17:12.383+03:00  INFO 5740 --- [expense-tracker] [           main] com.zaxxer.hikari.pool.HikariPool        : HikariPool-1 - Added connection conn0: url=jdbc:h2:mem:expensetracker user=SA
2025-08-16T12:17:12.384+03:00  INFO 5740 --- [expense-tracker] [           main] com.zaxxer.hikari.HikariDataSource       : HikariPool-1 - Start completed.
2025-08-16T12:17:12.426+03:00  WARN 5740 --- [expense-tracker] [           main] org.hibernate.orm.deprecation            : HHH90000025: H2Dialect does not need to be specified explicitly using 'hibernate.dialect' (remove the property setting and it will be selected by default)
2025-08-16T12:17:13.524+03:00  INFO 5740 --- [expense-tracker] [           main] o.h.e.t.j.p.i.JtaPlatformInitiator       : HHH000489: No JTA platform available (set 'hibernate.transaction.jta.platform' to enable JTA platform integration)
Hibernate: 
    drop table if exists accounts cascade 
Hibernate: 
    drop table if exists categories cascade 
Hibernate: 
    drop table if exists transactions cascade 
Hibernate: 
    drop table if exists users cascade 
Hibernate: 
    create table accounts (
        deleted boolean not null,
        initial_balance numeric(19,2),
        created_at timestamp(6) not null,
        id bigint generated by default as identity,
        updated_at timestamp(6) not null,
        user_id bigint not null,
        name varchar(255) not null,
        type varchar(255) not null check (type in ('CHECKING','SAVINGS','CREDIT','INVESTMENT')),
        primary key (id)
    )
Hibernate: 
    create table categories (
        is_default boolean not null,
        id bigint generated by default as identity,
        description varchar(255),
        name varchar(255) not null,
        primary key (id)
    )
Hibernate: 
    create table transactions (
        amount numeric(19,2) not null,
        deleted boolean not null,
        transaction_date date not null,
        account_id bigint not null,
        category_id bigint not null,
        created_at timestamp(6) not null,
        id bigint generated by default as identity,
        updated_at timestamp(6) not null,
        description varchar(255) not null,
        primary key (id)
    )
Hibernate: 
    create table users (
        created_at timestamp(6) not null,
        id bigint generated by default as identity,
        updated_at timestamp(6) not null,
        email varchar(255) not null unique,
        name varchar(255) not null,
        password varchar(255) not null,
        primary key (id)
    )
Hibernate: 
    alter table if exists accounts 
       add constraint FKnjuop33mo69pd79ctplkck40n 
       foreign key (user_id) 
       references users
Hibernate: 
    alter table if exists transactions 
       add constraint FK20w7wsg13u9srbq3bd7chfxdh 
       foreign key (account_id) 
       references accounts
Hibernate: 
    alter table if exists transactions 
       add constraint FKsqqi7sneo04kast0o138h19mv 
       foreign key (category_id) 
       references categories
2025-08-16T12:17:13.580+03:00  INFO 5740 --- [expense-tracker] [           main] j.LocalContainerEntityManagerFactoryBean : Initialized JPA EntityManagerFactory for persistence unit 'default'
2025-08-16T12:17:13.920+03:00  INFO 5740 --- [expense-tracker] [           main] o.s.d.j.r.query.QueryEnhancerFactory     : Hibernate is in classpath; If applicable, HQL parser will be used.
2025-08-16T12:17:15.220+03:00  WARN 5740 --- [expense-tracker] [           main] JpaBaseConfiguration$JpaWebConfiguration : spring.jpa.open-in-view is enabled by default. Therefore, database queries may be performed during view rendering. Explicitly configure spring.jpa.open-in-view to disable this warning
2025-08-16T12:17:15.661+03:00  INFO 5740 --- [expense-tracker] [           main] o.s.s.web.DefaultSecurityFilterChain     : Will secure any request with [org.springframework.security.web.session.DisableEncodeUrlFilter@7e4d2884, org.springframework.security.web.context.request.async.WebAsyncManagerIntegrationFilter@5aa786fc, org.springframework.security.web.context.SecurityContextHolderFilter@65e0d9de, org.springframework.security.web.header.HeaderWriterFilter@4a9d481b, org.springframework.web.filter.CorsFilter@69724abb, org.springframework.security.web.authentication.logout.LogoutFilter@20ea933f, com.fintech.expensetracker.security.JwtAuthenticationFilter@2fedae96, org.springframework.security.web.savedrequest.RequestCacheAwareFilter@388555bd, org.springframework.security.web.servletapi.SecurityContextHolderAwareRequestFilter@c377641, org.springframework.security.web.authentication.AnonymousAuthenticationFilter@5c961ce9, org.springframework.security.web.session.SessionManagementFilter@62c95d73, org.springframework.security.web.access.ExceptionTranslationFilter@7d6406c8, org.springframework.security.web.access.intercept.AuthorizationFilter@20309fde]
2025-08-16T12:17:16.126+03:00  INFO 5740 --- [expense-tracker] [           main] o.s.b.a.h2.H2ConsoleAutoConfiguration    : H2 console available at '/h2-console'. Database available at 'jdbc:h2:mem:expensetracker'
2025-08-16T12:17:16.177+03:00  INFO 5740 --- [expense-tracker] [           main] c.f.e.config.DatabaseConfigTest          : Started DatabaseConfigTest in 6.356 seconds (process running for 7.467)
2025-08-16T12:17:16.181+03:00  INFO 5740 --- [expense-tracker] [           main] c.f.e.config.DatabaseConfig              : Initializing default categories...
Hibernate: 
    select
        c1_0.id 
    from
        categories c1_0 
    where
        c1_0.is_default 
    fetch
        first ? rows only
2025-08-16T12:17:16.313+03:00  WARN 5740 --- [expense-tracker] [           main] c.f.e.config.DatabaseConfig              : Default category not found, creating 'Uncategorized' category
Hibernate: 
    insert 
    into
        categories
        (description, is_default, name, id) 
    values
        (?, ?, ?, default)
2025-08-16T12:17:16.400+03:00  INFO 5740 --- [expense-tracker] [           main] c.f.e.config.DatabaseConfig              : Created default 'Uncategorized' category
Hibernate: 
    select
        c1_0.id 
    from
        categories c1_0 
    where
        c1_0.name=? 
    fetch
        first ? rows only
Hibernate: 
    insert 
    into
        categories
        (description, is_default, name, id) 
    values
        (?, ?, ?, default)
2025-08-16T12:17:16.414+03:00 DEBUG 5740 --- [expense-tracker] [           main] c.f.e.config.DatabaseConfig              : Created missing category: Food & Dining
Hibernate: 
    select
        c1_0.id 
    from
        categories c1_0 
    where
        c1_0.name=? 
    fetch
        first ? rows only
Hibernate: 
    insert 
    into
        categories
        (description, is_default, name, id) 
    values
        (?, ?, ?, default)
2025-08-16T12:17:16.417+03:00 DEBUG 5740 --- [expense-tracker] [           main] c.f.e.config.DatabaseConfig              : Created missing category: Transportation
Hibernate: 
    select
        c1_0.id 
    from
        categories c1_0 
    where
        c1_0.name=? 
    fetch
        first ? rows only
Hibernate: 
    insert 
    into
        categories
        (description, is_default, name, id) 
    values
        (?, ?, ?, default)
2025-08-16T12:17:16.423+03:00 DEBUG 5740 --- [expense-tracker] [           main] c.f.e.config.DatabaseConfig              : Created missing category: Shopping
Hibernate: 
    select
        c1_0.id 
    from
        categories c1_0 
    where
        c1_0.name=? 
    fetch
        first ? rows only
Hibernate: 
    insert 
    into
        categories
        (description, is_default, name, id) 
    values
        (?, ?, ?, default)
2025-08-16T12:17:16.426+03:00 DEBUG 5740 --- [expense-tracker] [           main] c.f.e.config.DatabaseConfig              : Created missing category: Entertainment
Hibernate: 
    select
        c1_0.id 
    from
        categories c1_0 
    where
        c1_0.name=? 
    fetch
        first ? rows only
Hibernate: 
    insert 
    into
        categories
        (description, is_default, name, id) 
    values
        (?, ?, ?, default)
2025-08-16T12:17:16.429+03:00 DEBUG 5740 --- [expense-tracker] [           main] c.f.e.config.DatabaseConfig              : Created missing category: Bills & Utilities
Hibernate: 
    select
        c1_0.id 
    from
        categories c1_0 
    where
        c1_0.name=? 
    fetch
        first ? rows only
Hibernate: 
    insert 
    into
        categories
        (description, is_default, name, id) 
    values
        (?, ?, ?, default)
2025-08-16T12:17:16.444+03:00 DEBUG 5740 --- [expense-tracker] [           main] c.f.e.config.DatabaseConfig              : Created missing category: Healthcare
Hibernate: 
    select
        c1_0.id 
    from
        categories c1_0 
    where
        c1_0.name=? 
    fetch
        first ? rows only
Hibernate: 
    insert 
    into
        categories
        (description, is_default, name, id) 
    values
        (?, ?, ?, default)
2025-08-16T12:17:16.448+03:00 DEBUG 5740 --- [expense-tracker] [           main] c.f.e.config.DatabaseConfig              : Created missing category: Education
Hibernate: 
    select
        c1_0.id 
    from
        categories c1_0 
    where
        c1_0.name=? 
    fetch
        first ? rows only
Hibernate: 
    insert 
    into
        categories
        (description, is_default, name, id) 
    values
        (?, ?, ?, default)
2025-08-16T12:17:16.451+03:00 DEBUG 5740 --- [expense-tracker] [           main] c.f.e.config.DatabaseConfig              : Created missing category: Home & Garden
Hibernate: 
    select
        c1_0.id 
    from
        categories c1_0 
    where
        c1_0.name=? 
    fetch
        first ? rows only
Hibernate: 
    insert 
    into
        categories
        (description, is_default, name, id) 
    values
        (?, ?, ?, default)
2025-08-16T12:17:16.458+03:00 DEBUG 5740 --- [expense-tracker] [           main] c.f.e.config.DatabaseConfig              : Created missing category: Personal Care
Hibernate: 
    select
        c1_0.id 
    from
        categories c1_0 
    where
        c1_0.name=? 
    fetch
        first ? rows only
Hibernate: 
    insert 
    into
        categories
        (description, is_default, name, id) 
    values
        (?, ?, ?, default)
2025-08-16T12:17:16.461+03:00 DEBUG 5740 --- [expense-tracker] [           main] c.f.e.config.DatabaseConfig              : Created missing category: Insurance
Hibernate: 
    select
        c1_0.id 
    from
        categories c1_0 
    where
        c1_0.name=? 
    fetch
        first ? rows only
Hibernate: 
    insert 
    into
        categories
        (description, is_default, name, id) 
    values
        (?, ?, ?, default)
2025-08-16T12:17:16.464+03:00 DEBUG 5740 --- [expense-tracker] [           main] c.f.e.config.DatabaseConfig              : Created missing category: Taxes
Hibernate: 
    select
        c1_0.id 
    from
        categories c1_0 
    where
        c1_0.name=? 
    fetch
        first ? rows only
Hibernate: 
    insert 
    into
        categories
        (description, is_default, name, id) 
    values
        (?, ?, ?, default)
2025-08-16T12:17:16.467+03:00 DEBUG 5740 --- [expense-tracker] [           main] c.f.e.config.DatabaseConfig              : Created missing category: Investments
Hibernate: 
    select
        c1_0.id 
    from
        categories c1_0 
    where
        c1_0.name=? 
    fetch
        first ? rows only
Hibernate: 
    insert 
    into
        categories
        (description, is_default, name, id) 
    values
        (?, ?, ?, default)
2025-08-16T12:17:16.471+03:00 DEBUG 5740 --- [expense-tracker] [           main] c.f.e.config.DatabaseConfig              : Created missing category: Gifts & Donations
Hibernate: 
    select
        c1_0.id 
    from
        categories c1_0 
    where
        c1_0.name=? 
    fetch
        first ? rows only
Hibernate: 
    insert 
    into
        categories
        (description, is_default, name, id) 
    values
        (?, ?, ?, default)
2025-08-16T12:17:16.475+03:00 DEBUG 5740 --- [expense-tracker] [           main] c.f.e.config.DatabaseConfig              : Created missing category: Travel
Hibernate: 
    select
        c1_0.id 
    from
        categories c1_0 
    where
        c1_0.name=? 
    fetch
        first ? rows only
Hibernate: 
    insert 
    into
        categories
        (description, is_default, name, id) 
    values
        (?, ?, ?, default)
2025-08-16T12:17:16.478+03:00 DEBUG 5740 --- [expense-tracker] [           main] c.f.e.config.DatabaseConfig              : Created missing category: Business
Hibernate: 
    select
        c1_0.id 
    from
        categories c1_0 
    where
        c1_0.name=? 
    fetch
        first ? rows only
Hibernate: 
    insert 
    into
        categories
        (description, is_default, name, id) 
    values
        (?, ?, ?, default)
2025-08-16T12:17:16.481+03:00 DEBUG 5740 --- [expense-tracker] [           main] c.f.e.config.DatabaseConfig              : Created missing category: Salary
Hibernate: 
    select
        c1_0.id 
    from
        categories c1_0 
    where
        c1_0.name=? 
    fetch
        first ? rows only
Hibernate: 
    insert 
    into
        categories
        (description, is_default, name, id) 
    values
        (?, ?, ?, default)
2025-08-16T12:17:16.484+03:00 DEBUG 5740 --- [expense-tracker] [           main] c.f.e.config.DatabaseConfig              : Created missing category: Freelance
Hibernate: 
    select
        c1_0.id 
    from
        categories c1_0 
    where
        c1_0.name=? 
    fetch
        first ? rows only
Hibernate: 
    insert 
    into
        categories
        (description, is_default, name, id) 
    values
        (?, ?, ?, default)
2025-08-16T12:17:16.488+03:00 DEBUG 5740 --- [expense-tracker] [           main] c.f.e.config.DatabaseConfig              : Created missing category: Investment Income
Hibernate: 
    select
        c1_0.id 
    from
        categories c1_0 
    where
        c1_0.name=? 
    fetch
        first ? rows only
Hibernate: 
    insert 
    into
        categories
        (description, is_default, name, id) 
    values
        (?, ?, ?, default)
2025-08-16T12:17:16.491+03:00 DEBUG 5740 --- [expense-tracker] [           main] c.f.e.config.DatabaseConfig              : Created missing category: Rental Income
Hibernate: 
    select
        c1_0.id 
    from
        categories c1_0 
    where
        c1_0.name=? 
    fetch
        first ? rows only
Hibernate: 
    insert 
    into
        categories
        (description, is_default, name, id) 
    values
        (?, ?, ?, default)
2025-08-16T12:17:16.494+03:00 DEBUG 5740 --- [expense-tracker] [           main] c.f.e.config.DatabaseConfig              : Created missing category: Business Income
Hibernate: 
    select
        c1_0.id 
    from
        categories c1_0 
    where
        c1_0.name=? 
    fetch
        first ? rows only
Hibernate: 
    insert 
    into
        categories
        (description, is_default, name, id) 
    values
        (?, ?, ?, default)
2025-08-16T12:17:16.496+03:00 DEBUG 5740 --- [expense-tracker] [           main] c.f.e.config.DatabaseConfig              : Created missing category: Bonus
Hibernate: 
    select
        c1_0.id 
    from
        categories c1_0 
    where
        c1_0.name=? 
    fetch
        first ? rows only
Hibernate: 
    insert 
    into
        categories
        (description, is_default, name, id) 
    values
        (?, ?, ?, default)
2025-08-16T12:17:16.501+03:00 DEBUG 5740 --- [expense-tracker] [           main] c.f.e.config.DatabaseConfig              : Created missing category: Refunds
Hibernate: 
    select
        c1_0.id 
    from
        categories c1_0 
    where
        c1_0.name=? 
    fetch
        first ? rows only
Hibernate: 
    insert 
    into
        categories
        (description, is_default, name, id) 
    values
        (?, ?, ?, default)
2025-08-16T12:17:16.507+03:00 DEBUG 5740 --- [expense-tracker] [           main] c.f.e.config.DatabaseConfig              : Created missing category: Other Income
2025-08-16T12:17:16.507+03:00  INFO 5740 --- [expense-tracker] [           main] c.f.e.config.DatabaseConfig              : Created 23 missing essential categories
Hibernate: 
    select
        count(*) 
    from
        categories c1_0
2025-08-16T12:17:16.527+03:00  INFO 5740 --- [expense-tracker] [           main] c.f.e.config.DatabaseConfig              : Database initialization complete. Total categories: 24
Hibernate: 
    select
        c1_0.id,
        c1_0.description,
        c1_0.is_default,
        c1_0.name 
    from
        categories c1_0
Hibernate: 
    select
        c1_0.id 
    from
        categories c1_0 
    where
        c1_0.name=? 
    fetch
        first ? rows only
Hibernate: 
    select
        c1_0.id 
    from
        categories c1_0 
    where
        c1_0.name=? 
    fetch
        first ? rows only
Hibernate: 
    select
        c1_0.id 
    from
        categories c1_0 
    where
        c1_0.name=? 
    fetch
        first ? rows only
Hibernate: 
    select
        c1_0.id 
    from
        categories c1_0 
    where
        c1_0.name=? 
    fetch
        first ? rows only
Hibernate: 
    select
        c1_0.id 
    from
        categories c1_0 
    where
        c1_0.name=? 
    fetch
        first ? rows only
Hibernate: 
    select
        c1_0.id 
    from
        categories c1_0 
    where
        c1_0.name=? 
    fetch
        first ? rows only
Hibernate: 
    select
        c1_0.id 
    from
        categories c1_0 
    where
        c1_0.name=? 
    fetch
        first ? rows only
Hibernate: 
    select
        c1_0.id 
    from
        categories c1_0 
    where
        c1_0.name=? 
    fetch
        first ? rows only
]]></system-out>
    <system-err><![CDATA[WARNING: A Java agent has been loaded dynamically (/Users/bahadirbozoglu/.m2/repository/net/bytebuddy/byte-buddy-agent/1.14.10/byte-buddy-agent-1.14.10.jar)
WARNING: If a serviceability tool is in use, please run with -XX:+EnableDynamicAgentLoading to hide this warning
WARNING: If a serviceability tool is not in use, please run with -Djdk.instrument.traceUsage for more information
WARNING: Dynamic loading of agents will be disallowed by default in a future release
]]></system-err>
  </testcase>
  <testcase name="testDefaultCategoryExists" classname="com.fintech.expensetracker.config.DatabaseConfigTest" time="0.012">
    <system-out><![CDATA[Hibernate: 
    select
        c1_0.id,
        c1_0.description,
        c1_0.is_default,
        c1_0.name 
    from
        categories c1_0 
    where
        c1_0.is_default
]]></system-out>
  </testcase>
  <testcase name="testCategoryNamesAreUnique" classname="com.fintech.expensetracker.config.DatabaseConfigTest" time="0.012">
    <system-out><![CDATA[Hibernate: 
    select
        c1_0.id,
        c1_0.description,
        c1_0.is_default,
        c1_0.name 
    from
        categories c1_0
]]></system-out>
  </testcase>
  <testcase name="testOnlyOneDefaultCategory" classname="com.fintech.expensetracker.config.DatabaseConfigTest" time="0.01">
    <system-out><![CDATA[Hibernate: 
    select
        c1_0.id,
        c1_0.description,
        c1_0.is_default,
        c1_0.name 
    from
        categories c1_0
]]></system-out>
  </testcase>
  <testcase name="testCategoriesHaveProperDescriptions" classname="com.fintech.expensetracker.config.DatabaseConfigTest" time="0.012">
    <system-out><![CDATA[Hibernate: 
    select
        c1_0.id,
        c1_0.description,
        c1_0.is_default,
        c1_0.name 
    from
        categories c1_0 
    where
        c1_0.name=?
Hibernate: 
    select
        c1_0.id,
        c1_0.description,
        c1_0.is_default,
        c1_0.name 
    from
        categories c1_0 
    where
        c1_0.name=?
]]></system-out>
  </testcase>
</testsuite>