<?xml version="1.0" encoding="UTF-8"?>
<testsuite xmlns:xsi="http://www.w3.org/2001/XMLSchema-instance" xsi:noNamespaceSchemaLocation="https://maven.apache.org/surefire/maven-surefire-plugin/xsd/surefire-test-report-3.0.xsd" version="3.0" name="com.fintech.expensetracker.integration.ExpenseTrackerH2IntegrationTest" time="8.787" tests="8" errors="0" skipped="0" failures="5">
  <properties>
[...]
</properties>
  <testcase name="shouldCompleteUserRegistrationFlow" classname="com.fintech.expensetracker.integration.ExpenseTrackerH2IntegrationTest" time="0.959">
    <system-out><![CDATA[16:42:22.414 [main] INFO org.springframework.test.context.support.AnnotationConfigContextLoaderUtils -- Could not detect default configuration classes for test class [com.fintech.expensetracker.integration.ExpenseTrackerH2IntegrationTest]: ExpenseTrackerH2IntegrationTest does not declare any static, non-private, non-final, nested classes annotated with @Configuration.
16:42:22.547 [main] INFO org.springframework.boot.test.context.SpringBootTestContextBootstrapper -- Found @SpringBootConfiguration com.fintech.expensetracker.ExpenseTrackerApplication for test class com.fintech.expensetracker.integration.ExpenseTrackerH2IntegrationTest

  .   ____          _            __ _ _
 /\\ / ___'_ __ _ _(_)_ __  __ _ \ \ \ \
( ( )\___ | '_ | '_| | '_ \/ _` | \ \ \ \
 \\/  ___)| |_)| | | | | || (_| |  ) ) ) )
  '  |____| .__|_| |_|_| |_\__, | / / / /
 =========|_|==============|___/=/_/_/_/
 :: Spring Boot ::                (v3.2.1)

2025-08-16T16:42:23.019+03:00  INFO 10047 --- [expense-tracker-test] [           main] c.f.e.i.ExpenseTrackerH2IntegrationTest  : Starting ExpenseTrackerH2IntegrationTest using Java 21.0.8 with PID 10047 (started by bahadirbozoglu in /Users/bahadirbozoglu/Projects/Test/kiro-test)
2025-08-16T16:42:23.020+03:00  INFO 10047 --- [expense-tracker-test] [           main] c.f.e.i.ExpenseTrackerH2IntegrationTest  : The following 1 profile is active: "test"
2025-08-16T16:42:23.835+03:00  INFO 10047 --- [expense-tracker-test] [           main] .s.d.r.c.RepositoryConfigurationDelegate : Bootstrapping Spring Data JPA repositories in DEFAULT mode.
2025-08-16T16:42:23.903+03:00  INFO 10047 --- [expense-tracker-test] [           main] .s.d.r.c.RepositoryConfigurationDelegate : Finished Spring Data repository scanning in 58 ms. Found 4 JPA repository interfaces.
2025-08-16T16:42:24.579+03:00  INFO 10047 --- [expense-tracker-test] [           main] o.hibernate.jpa.internal.util.LogHelper  : HHH000204: Processing PersistenceUnitInfo [name: default]
2025-08-16T16:42:24.685+03:00  INFO 10047 --- [expense-tracker-test] [           main] org.hibernate.Version                    : HHH000412: Hibernate ORM core version 6.4.1.Final
2025-08-16T16:42:24.726+03:00  INFO 10047 --- [expense-tracker-test] [           main] o.h.c.internal.RegionFactoryInitiator    : HHH000026: Second-level cache disabled
2025-08-16T16:42:25.079+03:00  INFO 10047 --- [expense-tracker-test] [           main] o.s.o.j.p.SpringPersistenceUnitInfo      : No LoadTimeWeaver setup: ignoring JPA class transformer
2025-08-16T16:42:25.112+03:00  INFO 10047 --- [expense-tracker-test] [           main] com.zaxxer.hikari.HikariDataSource       : HikariPool-1 - Starting...
2025-08-16T16:42:25.379+03:00  INFO 10047 --- [expense-tracker-test] [           main] com.zaxxer.hikari.pool.HikariPool        : HikariPool-1 - Added connection conn0: url=jdbc:h2:mem:testdb user=SA
2025-08-16T16:42:25.381+03:00  INFO 10047 --- [expense-tracker-test] [           main] com.zaxxer.hikari.HikariDataSource       : HikariPool-1 - Start completed.
2025-08-16T16:42:25.420+03:00  WARN 10047 --- [expense-tracker-test] [           main] org.hibernate.orm.deprecation            : HHH90000025: H2Dialect does not need to be specified explicitly using 'hibernate.dialect' (remove the property setting and it will be selected by default)
2025-08-16T16:42:26.598+03:00  INFO 10047 --- [expense-tracker-test] [           main] o.h.e.t.j.p.i.JtaPlatformInitiator       : HHH000489: No JTA platform available (set 'hibernate.transaction.jta.platform' to enable JTA platform integration)
2025-08-16T16:42:26.654+03:00  INFO 10047 --- [expense-tracker-test] [           main] j.LocalContainerEntityManagerFactoryBean : Initialized JPA EntityManagerFactory for persistence unit 'default'
2025-08-16T16:42:26.981+03:00  INFO 10047 --- [expense-tracker-test] [           main] o.s.d.j.r.query.QueryEnhancerFactory     : Hibernate is in classpath; If applicable, HQL parser will be used.
2025-08-16T16:42:28.156+03:00  WARN 10047 --- [expense-tracker-test] [           main] JpaBaseConfiguration$JpaWebConfiguration : spring.jpa.open-in-view is enabled by default. Therefore, database queries may be performed during view rendering. Explicitly configure spring.jpa.open-in-view to disable this warning
2025-08-16T16:42:28.824+03:00  INFO 10047 --- [expense-tracker-test] [           main] o.s.b.a.h2.H2ConsoleAutoConfiguration    : H2 console available at '/h2-console'. Database available at 'jdbc:h2:mem:testdb'
2025-08-16T16:42:28.888+03:00  INFO 10047 --- [expense-tracker-test] [           main] o.s.b.t.m.w.SpringBootMockServletContext : Initializing Spring TestDispatcherServlet ''
2025-08-16T16:42:28.888+03:00  INFO 10047 --- [expense-tracker-test] [           main] o.s.t.web.servlet.TestDispatcherServlet  : Initializing Servlet ''
2025-08-16T16:42:28.890+03:00  INFO 10047 --- [expense-tracker-test] [           main] o.s.t.web.servlet.TestDispatcherServlet  : Completed initialization in 2 ms
2025-08-16T16:42:28.908+03:00  INFO 10047 --- [expense-tracker-test] [           main] c.f.e.i.ExpenseTrackerH2IntegrationTest  : Started ExpenseTrackerH2IntegrationTest in 6.195 seconds (process running for 7.279)
2025-08-16T16:42:28.912+03:00  INFO 10047 --- [expense-tracker-test] [           main] c.f.e.config.DatabaseConfig              : Initializing default categories...
2025-08-16T16:42:29.037+03:00  WARN 10047 --- [expense-tracker-test] [           main] c.f.e.config.DatabaseConfig              : Default category not found, creating 'Uncategorized' category
2025-08-16T16:42:29.104+03:00  INFO 10047 --- [expense-tracker-test] [           main] c.f.e.config.DatabaseConfig              : Created default 'Uncategorized' category
2025-08-16T16:42:29.183+03:00  INFO 10047 --- [expense-tracker-test] [           main] c.f.e.config.DatabaseConfig              : Created 23 missing essential categories
2025-08-16T16:42:29.196+03:00  INFO 10047 --- [expense-tracker-test] [           main] c.f.e.config.DatabaseConfig              : Database initialization complete. Total categories: 24
2025-08-16T16:42:29.906+03:00  INFO 10047 --- [expense-tracker-test] [           main] c.f.e.controller.AuthController          : Registration request received for email: integration@example.com
2025-08-16T16:42:29.907+03:00  INFO 10047 --- [expense-tracker-test] [           main] c.f.expensetracker.service.UserService   : Attempting to register user with email: integration@example.com
2025-08-16T16:42:30.006+03:00  INFO 10047 --- [expense-tracker-test] [           main] c.f.expensetracker.service.UserService   : User registered successfully with ID: 1
2025-08-16T16:42:30.037+03:00  INFO 10047 --- [expense-tracker-test] [           main] c.f.e.controller.AuthController          : User registered successfully: integration@example.com
2025-08-16T16:42:30.150+03:00  INFO 10047 --- [expense-tracker-test] [           main] c.f.e.controller.AuthController          : Registration request received for email: integration@example.com
2025-08-16T16:42:30.150+03:00  INFO 10047 --- [expense-tracker-test] [           main] c.f.expensetracker.service.UserService   : Attempting to register user with email: integration@example.com
2025-08-16T16:42:30.153+03:00  WARN 10047 --- [expense-tracker-test] [           main] c.f.expensetracker.service.UserService   : Registration failed - email already exists: integration@example.com
2025-08-16T16:42:30.157+03:00  WARN 10047 --- [expense-tracker-test] [           main] c.f.e.exception.GlobalExceptionHandler   : Bad request exception: Email address is already in use
]]></system-out>
    <system-err><![CDATA[WARNING: A Java agent has been loaded dynamically (/Users/bahadirbozoglu/.m2/repository/net/bytebuddy/byte-buddy-agent/1.14.10/byte-buddy-agent-1.14.10.jar)
WARNING: If a serviceability tool is in use, please run with -XX:+EnableDynamicAgentLoading to hide this warning
WARNING: If a serviceability tool is not in use, please run with -Djdk.instrument.traceUsage for more information
WARNING: Dynamic loading of agents will be disallowed by default in a future release
]]></system-err>
  </testcase>
  <testcase name="shouldCompleteAuthenticationFlow" classname="com.fintech.expensetracker.integration.ExpenseTrackerH2IntegrationTest" time="0.248">
    <system-out><![CDATA[2025-08-16T16:42:30.177+03:00  INFO 10047 --- [expense-tracker-test] [           main] c.f.e.controller.AuthController          : Login request received for email: integration@example.com
2025-08-16T16:42:30.178+03:00  INFO 10047 --- [expense-tracker-test] [           main] c.f.expensetracker.service.UserService   : Attempting to authenticate user with email: integration@example.com
2025-08-16T16:42:30.340+03:00  INFO 10047 --- [expense-tracker-test] [           main] c.f.expensetracker.service.UserService   : User authenticated successfully: integration@example.com
2025-08-16T16:42:30.340+03:00  INFO 10047 --- [expense-tracker-test] [           main] c.f.e.controller.AuthController          : User authenticated successfully: integration@example.com
2025-08-16T16:42:30.343+03:00  INFO 10047 --- [expense-tracker-test] [           main] c.f.e.controller.AuthController          : Login request received for email: integration@example.com
2025-08-16T16:42:30.343+03:00  INFO 10047 --- [expense-tracker-test] [           main] c.f.expensetracker.service.UserService   : Attempting to authenticate user with email: integration@example.com
2025-08-16T16:42:30.413+03:00  WARN 10047 --- [expense-tracker-test] [           main] c.f.expensetracker.service.UserService   : Authentication failed for email: integration@example.com
2025-08-16T16:42:30.414+03:00  WARN 10047 --- [expense-tracker-test] [           main] c.f.e.exception.GlobalExceptionHandler   : Authentication failed: Invalid email or password
]]></system-out>
  </testcase>
  <testcase name="shouldCompleteAccountManagementFlow" classname="com.fintech.expensetracker.integration.ExpenseTrackerH2IntegrationTest" time="0.135">
    <system-out><![CDATA[2025-08-16T16:42:30.460+03:00  INFO 10047 --- [expense-tracker-test] [           main] c.f.e.controller.AccountController       : Creating account for user ID: 1 with name: Integration Test Account
2025-08-16T16:42:30.461+03:00  INFO 10047 --- [expense-tracker-test] [           main] c.f.e.service.AccountService             : Creating account for user ID: 1
2025-08-16T16:42:30.464+03:00  INFO 10047 --- [expense-tracker-test] [           main] c.f.e.service.AccountService             : Successfully created account with ID: 1 for user ID: 1
2025-08-16T16:42:30.479+03:00  INFO 10047 --- [expense-tracker-test] [           main] c.f.e.controller.AccountController       : Successfully created account ID: 1 for user ID: 1
2025-08-16T16:42:30.490+03:00  INFO 10047 --- [expense-tracker-test] [           main] c.f.e.controller.AccountController       : Retrieving accounts for user ID: 1
2025-08-16T16:42:30.491+03:00  INFO 10047 --- [expense-tracker-test] [           main] c.f.e.service.AccountService             : Retrieving accounts for user ID: 1
2025-08-16T16:42:30.501+03:00  INFO 10047 --- [expense-tracker-test] [           main] c.f.e.service.AccountService             : Found 1 accounts for user ID: 1
2025-08-16T16:42:30.507+03:00  INFO 10047 --- [expense-tracker-test] [           main] c.f.e.controller.AccountController       : Retrieved 1 accounts for user ID: 1
2025-08-16T16:42:30.524+03:00  INFO 10047 --- [expense-tracker-test] [           main] c.f.e.controller.AccountController       : Updating account ID: 1 for user ID: 1
2025-08-16T16:42:30.525+03:00  INFO 10047 --- [expense-tracker-test] [           main] c.f.e.service.AccountService             : Updating account ID: 1 for user ID: 1
2025-08-16T16:42:30.529+03:00  INFO 10047 --- [expense-tracker-test] [           main] c.f.e.service.AccountService             : Successfully updated account ID: 1 for user ID: 1
2025-08-16T16:42:30.541+03:00  INFO 10047 --- [expense-tracker-test] [           main] c.f.e.controller.AccountController       : Successfully updated account ID: 1 for user ID: 1
2025-08-16T16:42:30.547+03:00  INFO 10047 --- [expense-tracker-test] [           main] c.f.e.controller.AccountController       : Calculating balance for account ID: 1 for user ID: 1
2025-08-16T16:42:30.548+03:00  INFO 10047 --- [expense-tracker-test] [           main] c.f.e.service.AccountService             : Calculating balance for account ID: 1 for user ID: 1
2025-08-16T16:42:30.550+03:00  INFO 10047 --- [expense-tracker-test] [           main] c.f.e.service.AccountService             : Calculated balance for account ID: 1 is: 1500.00
2025-08-16T16:42:30.551+03:00  INFO 10047 --- [expense-tracker-test] [           main] c.f.e.controller.AccountController       : Calculated balance for account ID: 1 is: 1500.00
]]></system-out>
  </testcase>
  <testcase name="shouldCompleteTransactionManagementFlow" classname="com.fintech.expensetracker.integration.ExpenseTrackerH2IntegrationTest" time="0.061">
    <failure message="Status expected:&lt;201&gt; but was:&lt;400&gt;" type="java.lang.AssertionError"><![CDATA[java.lang.AssertionError: Status expected:<201> but was:<400>
	at org.springframework.test.util.AssertionErrors.fail(AssertionErrors.java:59)
	at org.springframework.test.util.AssertionErrors.assertEquals(AssertionErrors.java:122)
	at org.springframework.test.web.servlet.result.StatusResultMatchers.lambda$matcher$9(StatusResultMatchers.java:637)
	at org.springframework.test.web.servlet.MockMvc$1.andExpect(MockMvc.java:214)
	at com.fintech.expensetracker.integration.ExpenseTrackerH2IntegrationTest.shouldCompleteTransactionManagementFlow(ExpenseTrackerH2IntegrationTest.java:208)
	at java.base/java.lang.reflect.Method.invoke(Method.java:580)
	at java.base/java.util.ArrayList.forEach(ArrayList.java:1596)
	at java.base/java.util.ArrayList.forEach(ArrayList.java:1596)
]]></failure>
    <system-out><![CDATA[2025-08-16T16:42:30.571+03:00  INFO 10047 --- [expense-tracker-test] [           main] c.f.e.controller.TransactionController   : Creating transaction for user ID: 1 with amount: 3000.00 and description: 'Monthly Salary'
2025-08-16T16:42:30.579+03:00  INFO 10047 --- [expense-tracker-test] [           main] c.f.e.service.TransactionService         : Created transaction with ID 1 for user 1
2025-08-16T16:42:30.581+03:00  INFO 10047 --- [expense-tracker-test] [           main] c.f.e.controller.TransactionController   : Successfully created transaction ID: 1 for user ID: 1
2025-08-16T16:42:30.596+03:00  INFO 10047 --- [expense-tracker-test] [           main] c.f.e.controller.TransactionController   : Creating transaction for user ID: 1 with amount: 1200.00 and description: 'Rent'
2025-08-16T16:42:30.607+03:00  WARN 10047 --- [expense-tracker-test] [           main] c.f.e.exception.GlobalExceptionHandler   : Constraint violation: Validation failed for classes [com.fintech.expensetracker.entity.Transaction] during persist time for groups [jakarta.validation.groups.Default, ]
List of constraint violations:[
	ConstraintViolationImpl{interpolatedMessage='Amount must be greater than 0', propertyPath=amount, rootBeanClass=class com.fintech.expensetracker.entity.Transaction, messageTemplate='Amount must be greater than 0'}
]

MockHttpServletRequest:
      HTTP Method = POST
      Request URI = /api/v1/transactions
       Parameters = {}
          Headers = [Content-Type:"application/json;charset=UTF-8", Authorization:"Bearer eyJhbGciOiJIUzUxMiJ9.eyJzdWIiOiIxIiwiaWF0IjoxNzU1MzUxNzUwLCJleHAiOjE3NTUzNTUzNTB9.1i4b8WeUHRlhyXyv2n-qNXmI66ldUu_1NMlN80z_tc39WKeFmT8iyL9osXtjY23L_vTBd9GC2HcZQs6Q1JtBsA", Content-Length:"128"]
             Body = {"amount":3000.00,"description":"Monthly Salary","transactionDate":"2025-08-16","accountId":1,"categoryId":null,"type":"INCOME"}
    Session Attrs = {}

Handler:
             Type = com.fintech.expensetracker.controller.TransactionController
           Method = com.fintech.expensetracker.controller.TransactionController#createTransaction(CreateTransactionRequest, UserPrincipal)

Async:
    Async started = false
     Async result = null

Resolved Exception:
             Type = null

ModelAndView:
        View name = null
             View = null
            Model = null

FlashMap:
       Attributes = null

MockHttpServletResponse:
           Status = 201
    Error message = null
          Headers = [Vary:"Origin", "Access-Control-Request-Method", "Access-Control-Request-Headers", Content-Type:"application/json", X-Content-Type-Options:"nosniff", X-XSS-Protection:"0", Cache-Control:"no-cache, no-store, max-age=0, must-revalidate", Pragma:"no-cache", Expires:"0"]
     Content type = application/json
             Body = {"id":1,"amount":3000.00,"description":"Monthly Salary","transactionDate":"2025-08-16","account":{"id":1,"name":"Updated Integration Account","type":"CHECKING","initialBalance":null,"currentBalance":null,"createdAt":null,"updatedAt":null},"category":{"id":1,"name":"Uncategorized","description":"Default category for transactions without a specific category","default":true},"type":"INCOME","createdAt":"2025-08-16T16:42:30.578037","updatedAt":"2025-08-16T16:42:30.578071"}
    Forwarded URL = null
   Redirected URL = null
          Cookies = []

MockHttpServletRequest:
      HTTP Method = POST
      Request URI = /api/v1/transactions
       Parameters = {}
          Headers = [Content-Type:"application/json;charset=UTF-8", Authorization:"Bearer eyJhbGciOiJIUzUxMiJ9.eyJzdWIiOiIxIiwiaWF0IjoxNzU1MzUxNzUwLCJleHAiOjE3NTUzNTUzNTB9.1i4b8WeUHRlhyXyv2n-qNXmI66ldUu_1NMlN80z_tc39WKeFmT8iyL9osXtjY23L_vTBd9GC2HcZQs6Q1JtBsA", Content-Length:"119"]
             Body = {"amount":1200.00,"description":"Rent","transactionDate":"2025-08-15","accountId":1,"categoryId":null,"type":"EXPENSE"}
    Session Attrs = {}

Handler:
             Type = com.fintech.expensetracker.controller.TransactionController
           Method = com.fintech.expensetracker.controller.TransactionController#createTransaction(CreateTransactionRequest, UserPrincipal)

Async:
    Async started = false
     Async result = null

Resolved Exception:
             Type = jakarta.validation.ConstraintViolationException

ModelAndView:
        View name = null
             View = null
            Model = null

FlashMap:
       Attributes = null

MockHttpServletResponse:
           Status = 400
    Error message = null
          Headers = [Vary:"Origin", "Access-Control-Request-Method", "Access-Control-Request-Headers", Content-Type:"application/json", X-Content-Type-Options:"nosniff", X-XSS-Protection:"0", Cache-Control:"no-cache, no-store, max-age=0, must-revalidate", Pragma:"no-cache", Expires:"0"]
     Content type = application/json
             Body = {"timestamp":"2025-08-16T16:42:30.607966","status":400,"error":"Validation Error","message":"Constraint validation failed","path":"/api/v1/transactions","details":{"amount":"Amount must be greater than 0"}}
    Forwarded URL = null
   Redirected URL = null
          Cookies = []
]]></system-out>
  </testcase>
  <testcase name="shouldCompleteAnalyticsFlow" classname="com.fintech.expensetracker.integration.ExpenseTrackerH2IntegrationTest" time="0.042">
    <failure message="JSON path &quot;$.totalIncome&quot; expected:&lt;3200.0&gt; but was:&lt;3000.0&gt;" type="java.lang.AssertionError"><![CDATA[java.lang.AssertionError: JSON path "$.totalIncome" expected:<3200.0> but was:<3000.0>
	at org.springframework.test.util.AssertionErrors.fail(AssertionErrors.java:59)
	at org.springframework.test.util.AssertionErrors.assertEquals(AssertionErrors.java:122)
	at org.springframework.test.util.JsonPathExpectationsHelper.assertValue(JsonPathExpectationsHelper.java:123)
	at org.springframework.test.web.servlet.result.JsonPathResultMatchers.lambda$value$2(JsonPathResultMatchers.java:111)
	at org.springframework.test.web.servlet.MockMvc$1.andExpect(MockMvc.java:214)
	at com.fintech.expensetracker.integration.ExpenseTrackerH2IntegrationTest.shouldCompleteAnalyticsFlow(ExpenseTrackerH2IntegrationTest.java:257)
	at java.base/java.lang.reflect.Method.invoke(Method.java:580)
	at java.base/java.util.ArrayList.forEach(ArrayList.java:1596)
	at java.base/java.util.ArrayList.forEach(ArrayList.java:1596)
]]></failure>
    <system-out><![CDATA[2025-08-16T16:42:30.644+03:00  INFO 10047 --- [expense-tracker-test] [           main] c.f.e.controller.AnalyticsController     : Retrieving monthly spending summary for user ID: 1 and month: 2025-08
2025-08-16T16:42:30.655+03:00  INFO 10047 --- [expense-tracker-test] [           main] c.f.e.controller.AnalyticsController     : Retrieved monthly spending summary for user ID: 1 and month: 2025-08 - Income: 3000.00, Expenses: 0, Savings: 3000.00

MockHttpServletRequest:
      HTTP Method = GET
      Request URI = /api/v1/analytics/monthly-summary
       Parameters = {month=[2025-08]}
          Headers = [Authorization:"Bearer eyJhbGciOiJIUzUxMiJ9.eyJzdWIiOiIxIiwiaWF0IjoxNzU1MzUxNzUwLCJleHAiOjE3NTUzNTUzNTB9.1i4b8WeUHRlhyXyv2n-qNXmI66ldUu_1NMlN80z_tc39WKeFmT8iyL9osXtjY23L_vTBd9GC2HcZQs6Q1JtBsA"]
             Body = null
    Session Attrs = {}

Handler:
             Type = com.fintech.expensetracker.controller.AnalyticsController
           Method = com.fintech.expensetracker.controller.AnalyticsController#getMonthlySpendingSummary(YearMonth, UserPrincipal)

Async:
    Async started = false
     Async result = null

Resolved Exception:
             Type = null

ModelAndView:
        View name = null
             View = null
            Model = null

FlashMap:
       Attributes = null

MockHttpServletResponse:
           Status = 200
    Error message = null
          Headers = [Vary:"Origin", "Access-Control-Request-Method", "Access-Control-Request-Headers", Content-Type:"application/json", X-Content-Type-Options:"nosniff", X-XSS-Protection:"0", Cache-Control:"no-cache, no-store, max-age=0, must-revalidate", Pragma:"no-cache", Expires:"0"]
     Content type = application/json
             Body = {"month":"2025-08","totalIncome":3000.00,"totalExpenses":0,"netSavings":3000.00,"savingsRate":100.00}
    Forwarded URL = null
   Redirected URL = null
          Cookies = []
]]></system-out>
  </testcase>
  <testcase name="shouldEnsureDataIsolationBetweenUsers" classname="com.fintech.expensetracker.integration.ExpenseTrackerH2IntegrationTest" time="0.222">
    <failure message="JSON path &quot;$.length()&quot; expected:&lt;5&gt; but was:&lt;11&gt;" type="java.lang.AssertionError"><![CDATA[java.lang.AssertionError: JSON path "$.length()" expected:<5> but was:<11>
	at org.springframework.test.util.AssertionErrors.fail(AssertionErrors.java:59)
	at org.springframework.test.util.AssertionErrors.assertEquals(AssertionErrors.java:122)
	at org.springframework.test.util.JsonPathExpectationsHelper.assertValue(JsonPathExpectationsHelper.java:123)
	at org.springframework.test.web.servlet.result.JsonPathResultMatchers.lambda$value$2(JsonPathResultMatchers.java:111)
	at org.springframework.test.web.servlet.MockMvc$1.andExpect(MockMvc.java:214)
	at com.fintech.expensetracker.integration.ExpenseTrackerH2IntegrationTest.shouldEnsureDataIsolationBetweenUsers(ExpenseTrackerH2IntegrationTest.java:368)
	at java.base/java.lang.reflect.Method.invoke(Method.java:580)
	at java.base/java.util.ArrayList.forEach(ArrayList.java:1596)
	at java.base/java.util.ArrayList.forEach(ArrayList.java:1596)
]]></failure>
    <system-out><![CDATA[2025-08-16T16:42:30.666+03:00  INFO 10047 --- [expense-tracker-test] [           main] c.f.e.controller.AuthController          : Registration request received for email: second@example.com
2025-08-16T16:42:30.666+03:00  INFO 10047 --- [expense-tracker-test] [           main] c.f.expensetracker.service.UserService   : Attempting to register user with email: second@example.com
2025-08-16T16:42:30.809+03:00  INFO 10047 --- [expense-tracker-test] [           main] c.f.expensetracker.service.UserService   : User registered successfully with ID: 2
2025-08-16T16:42:30.810+03:00  INFO 10047 --- [expense-tracker-test] [           main] c.f.e.controller.AuthController          : User registered successfully: second@example.com
2025-08-16T16:42:30.816+03:00  INFO 10047 --- [expense-tracker-test] [           main] c.f.e.controller.AccountController       : Creating account for user ID: 2 with name: Second User Account
2025-08-16T16:42:30.816+03:00  INFO 10047 --- [expense-tracker-test] [           main] c.f.e.service.AccountService             : Creating account for user ID: 2
2025-08-16T16:42:30.818+03:00  INFO 10047 --- [expense-tracker-test] [           main] c.f.e.service.AccountService             : Successfully created account with ID: 2 for user ID: 2
2025-08-16T16:42:30.820+03:00  INFO 10047 --- [expense-tracker-test] [           main] c.f.e.controller.AccountController       : Successfully created account ID: 2 for user ID: 2
2025-08-16T16:42:30.826+03:00  INFO 10047 --- [expense-tracker-test] [           main] c.f.e.controller.TransactionController   : Creating transaction for user ID: 2 with amount: 1000.00 and description: 'Second User Income'
2025-08-16T16:42:30.830+03:00  INFO 10047 --- [expense-tracker-test] [           main] c.f.e.service.TransactionService         : Created transaction with ID 2 for user 2
2025-08-16T16:42:30.830+03:00  INFO 10047 --- [expense-tracker-test] [           main] c.f.e.controller.TransactionController   : Successfully created transaction ID: 2 for user ID: 2
2025-08-16T16:42:30.835+03:00  INFO 10047 --- [expense-tracker-test] [           main] c.f.e.controller.AccountController       : Retrieving accounts for user ID: 1
2025-08-16T16:42:30.835+03:00  INFO 10047 --- [expense-tracker-test] [           main] c.f.e.service.AccountService             : Retrieving accounts for user ID: 1
2025-08-16T16:42:30.837+03:00  INFO 10047 --- [expense-tracker-test] [           main] c.f.e.service.AccountService             : Found 1 accounts for user ID: 1
2025-08-16T16:42:30.840+03:00  INFO 10047 --- [expense-tracker-test] [           main] c.f.e.controller.AccountController       : Retrieved 1 accounts for user ID: 1
2025-08-16T16:42:30.845+03:00  INFO 10047 --- [expense-tracker-test] [           main] c.f.e.controller.AccountController       : Retrieving accounts for user ID: 2
2025-08-16T16:42:30.845+03:00  INFO 10047 --- [expense-tracker-test] [           main] c.f.e.service.AccountService             : Retrieving accounts for user ID: 2
2025-08-16T16:42:30.847+03:00  INFO 10047 --- [expense-tracker-test] [           main] c.f.e.service.AccountService             : Found 1 accounts for user ID: 2
2025-08-16T16:42:30.847+03:00  INFO 10047 --- [expense-tracker-test] [           main] c.f.e.controller.AccountController       : Retrieved 1 accounts for user ID: 2
2025-08-16T16:42:30.854+03:00  INFO 10047 --- [expense-tracker-test] [           main] c.f.e.controller.TransactionController   : Retrieving transactions for user ID: 1 with filters - page: 0, size: 20
2025-08-16T16:42:30.868+03:00  INFO 10047 --- [expense-tracker-test] [           main] c.f.e.controller.TransactionController   : Retrieved 1 transactions for user ID: 1 (page 1/1)

MockHttpServletRequest:
      HTTP Method = POST
      Request URI = /api/v1/auth/register
       Parameters = {}
          Headers = [Content-Type:"application/json;charset=UTF-8", Content-Length:"76"]
             Body = {"email":"second@example.com","password":"password123","name":"Second User"}
    Session Attrs = {}

Handler:
             Type = com.fintech.expensetracker.controller.AuthController
           Method = com.fintech.expensetracker.controller.AuthController#registerUser(UserRegistrationRequest)

Async:
    Async started = false
     Async result = null

Resolved Exception:
             Type = null

ModelAndView:
        View name = null
             View = null
            Model = null

FlashMap:
       Attributes = null

MockHttpServletResponse:
           Status = 201
    Error message = null
          Headers = [Vary:"Origin", "Access-Control-Request-Method", "Access-Control-Request-Headers", Content-Type:"application/json", X-Content-Type-Options:"nosniff", X-XSS-Protection:"0", Cache-Control:"no-cache, no-store, max-age=0, must-revalidate", Pragma:"no-cache", Expires:"0"]
     Content type = application/json
             Body = {"token":"eyJhbGciOiJIUzUxMiJ9.eyJzdWIiOiIyIiwiaWF0IjoxNzU1MzUxNzUwLCJleHAiOjE3NTUzNTUzNTB9.KtYP1ULWn3A0fMrk1ayG1zJP2YF5d4U3m868i_xWk6OeI9cDQ3a7N2SLWk9TNEwfxZSif4GCWPXcwnDl07kNBg","tokenType":"Bearer","expiresIn":86400,"user":{"id":2,"email":"second@example.com","name":"Second User","createdAt":"2025-08-16T16:42:30.808713"}}
    Forwarded URL = null
   Redirected URL = null
          Cookies = []

MockHttpServletRequest:
      HTTP Method = POST
      Request URI = /api/v1/accounts
       Parameters = {}
          Headers = [Content-Type:"application/json;charset=UTF-8", Authorization:"Bearer eyJhbGciOiJIUzUxMiJ9.eyJzdWIiOiIyIiwiaWF0IjoxNzU1MzUxNzUwLCJleHAiOjE3NTUzNTUzNTB9.KtYP1ULWn3A0fMrk1ayG1zJP2YF5d4U3m868i_xWk6OeI9cDQ3a7N2SLWk9TNEwfxZSif4GCWPXcwnDl07kNBg", Content-Length:"72"]
             Body = {"name":"Second User Account","type":"SAVINGS","initialBalance":5000.00}
    Session Attrs = {}

Handler:
             Type = com.fintech.expensetracker.controller.AccountController
           Method = com.fintech.expensetracker.controller.AccountController#createAccount(CreateAccountRequest, UserPrincipal)

Async:
    Async started = false
     Async result = null

Resolved Exception:
             Type = null

ModelAndView:
        View name = null
             View = null
            Model = null

FlashMap:
       Attributes = null

MockHttpServletResponse:
           Status = 201
    Error message = null
          Headers = [Vary:"Origin", "Access-Control-Request-Method", "Access-Control-Request-Headers", Content-Type:"application/json", X-Content-Type-Options:"nosniff", X-XSS-Protection:"0", Cache-Control:"no-cache, no-store, max-age=0, must-revalidate", Pragma:"no-cache", Expires:"0"]
     Content type = application/json
             Body = {"id":2,"name":"Second User Account","type":"SAVINGS","initialBalance":5000.00,"currentBalance":5000.00,"createdAt":"2025-08-16T16:42:30.817775","updatedAt":"2025-08-16T16:42:30.81779"}
    Forwarded URL = null
   Redirected URL = null
          Cookies = []

MockHttpServletRequest:
      HTTP Method = POST
      Request URI = /api/v1/transactions
       Parameters = {}
          Headers = [Content-Type:"application/json;charset=UTF-8", Authorization:"Bearer eyJhbGciOiJIUzUxMiJ9.eyJzdWIiOiIyIiwiaWF0IjoxNzU1MzUxNzUwLCJleHAiOjE3NTUzNTUzNTB9.KtYP1ULWn3A0fMrk1ayG1zJP2YF5d4U3m868i_xWk6OeI9cDQ3a7N2SLWk9TNEwfxZSif4GCWPXcwnDl07kNBg", Content-Length:"132"]
             Body = {"amount":1000.00,"description":"Second User Income","transactionDate":"2025-08-16","accountId":2,"categoryId":null,"type":"INCOME"}
    Session Attrs = {}

Handler:
             Type = com.fintech.expensetracker.controller.TransactionController
           Method = com.fintech.expensetracker.controller.TransactionController#createTransaction(CreateTransactionRequest, UserPrincipal)

Async:
    Async started = false
     Async result = null

Resolved Exception:
             Type = null

ModelAndView:
        View name = null
             View = null
            Model = null

FlashMap:
       Attributes = null

MockHttpServletResponse:
           Status = 201
    Error message = null
          Headers = [Vary:"Origin", "Access-Control-Request-Method", "Access-Control-Request-Headers", Content-Type:"application/json", X-Content-Type-Options:"nosniff", X-XSS-Protection:"0", Cache-Control:"no-cache, no-store, max-age=0, must-revalidate", Pragma:"no-cache", Expires:"0"]
     Content type = application/json
             Body = {"id":2,"amount":1000.00,"description":"Second User Income","transactionDate":"2025-08-16","account":{"id":2,"name":"Second User Account","type":"SAVINGS","initialBalance":null,"currentBalance":null,"createdAt":null,"updatedAt":null},"category":{"id":1,"name":"Uncategorized","description":"Default category for transactions without a specific category","default":true},"type":"INCOME","createdAt":"2025-08-16T16:42:30.829404","updatedAt":"2025-08-16T16:42:30.829421"}
    Forwarded URL = null
   Redirected URL = null
          Cookies = []

MockHttpServletRequest:
      HTTP Method = GET
      Request URI = /api/v1/accounts
       Parameters = {}
          Headers = [Authorization:"Bearer eyJhbGciOiJIUzUxMiJ9.eyJzdWIiOiIxIiwiaWF0IjoxNzU1MzUxNzUwLCJleHAiOjE3NTUzNTUzNTB9.1i4b8WeUHRlhyXyv2n-qNXmI66ldUu_1NMlN80z_tc39WKeFmT8iyL9osXtjY23L_vTBd9GC2HcZQs6Q1JtBsA"]
             Body = null
    Session Attrs = {}

Handler:
             Type = com.fintech.expensetracker.controller.AccountController
           Method = com.fintech.expensetracker.controller.AccountController#getUserAccounts(UserPrincipal)

Async:
    Async started = false
     Async result = null

Resolved Exception:
             Type = null

ModelAndView:
        View name = null
             View = null
            Model = null

FlashMap:
       Attributes = null

MockHttpServletResponse:
           Status = 200
    Error message = null
          Headers = [Vary:"Origin", "Access-Control-Request-Method", "Access-Control-Request-Headers", Content-Type:"application/json", X-Content-Type-Options:"nosniff", X-XSS-Protection:"0", Cache-Control:"no-cache, no-store, max-age=0, must-revalidate", Pragma:"no-cache", Expires:"0"]
     Content type = application/json
             Body = [{"id":1,"name":"Updated Integration Account","type":"CHECKING","initialBalance":1500.00,"currentBalance":4500.00,"createdAt":"2025-08-16T16:42:30.463637","updatedAt":"2025-08-16T16:42:30.532505"}]
    Forwarded URL = null
   Redirected URL = null
          Cookies = []

MockHttpServletRequest:
      HTTP Method = GET
      Request URI = /api/v1/accounts
       Parameters = {}
          Headers = [Authorization:"Bearer eyJhbGciOiJIUzUxMiJ9.eyJzdWIiOiIyIiwiaWF0IjoxNzU1MzUxNzUwLCJleHAiOjE3NTUzNTUzNTB9.KtYP1ULWn3A0fMrk1ayG1zJP2YF5d4U3m868i_xWk6OeI9cDQ3a7N2SLWk9TNEwfxZSif4GCWPXcwnDl07kNBg"]
             Body = null
    Session Attrs = {}

Handler:
             Type = com.fintech.expensetracker.controller.AccountController
           Method = com.fintech.expensetracker.controller.AccountController#getUserAccounts(UserPrincipal)

Async:
    Async started = false
     Async result = null

Resolved Exception:
             Type = null

ModelAndView:
        View name = null
             View = null
            Model = null

FlashMap:
       Attributes = null

MockHttpServletResponse:
           Status = 200
    Error message = null
          Headers = [Vary:"Origin", "Access-Control-Request-Method", "Access-Control-Request-Headers", Content-Type:"application/json", X-Content-Type-Options:"nosniff", X-XSS-Protection:"0", Cache-Control:"no-cache, no-store, max-age=0, must-revalidate", Pragma:"no-cache", Expires:"0"]
     Content type = application/json
             Body = [{"id":2,"name":"Second User Account","type":"SAVINGS","initialBalance":5000.00,"currentBalance":6000.00,"createdAt":"2025-08-16T16:42:30.817775","updatedAt":"2025-08-16T16:42:30.81779"}]
    Forwarded URL = null
   Redirected URL = null
          Cookies = []

MockHttpServletRequest:
      HTTP Method = GET
      Request URI = /api/v1/transactions
       Parameters = {}
          Headers = [Authorization:"Bearer eyJhbGciOiJIUzUxMiJ9.eyJzdWIiOiIxIiwiaWF0IjoxNzU1MzUxNzUwLCJleHAiOjE3NTUzNTUzNTB9.1i4b8WeUHRlhyXyv2n-qNXmI66ldUu_1NMlN80z_tc39WKeFmT8iyL9osXtjY23L_vTBd9GC2HcZQs6Q1JtBsA"]
             Body = null
    Session Attrs = {}

Handler:
             Type = com.fintech.expensetracker.controller.TransactionController
           Method = com.fintech.expensetracker.controller.TransactionController#getUserTransactions(UserPrincipal, Long, Long, String, String, String, String, String, int, int)

Async:
    Async started = false
     Async result = null

Resolved Exception:
             Type = null

ModelAndView:
        View name = null
             View = null
            Model = null

FlashMap:
       Attributes = null

MockHttpServletResponse:
           Status = 200
    Error message = null
          Headers = [Vary:"Origin", "Access-Control-Request-Method", "Access-Control-Request-Headers", Content-Type:"application/json", X-Content-Type-Options:"nosniff", X-XSS-Protection:"0", Cache-Control:"no-cache, no-store, max-age=0, must-revalidate", Pragma:"no-cache", Expires:"0"]
     Content type = application/json
             Body = {"content":[{"id":1,"amount":3000.00,"description":"Monthly Salary","transactionDate":"2025-08-16","account":{"id":1,"name":"Updated Integration Account","type":"CHECKING","initialBalance":null,"currentBalance":null,"createdAt":null,"updatedAt":null},"category":{"id":1,"name":"Uncategorized","description":"Default category for transactions without a specific category","default":true},"type":"INCOME","createdAt":"2025-08-16T16:42:30.578037","updatedAt":"2025-08-16T16:42:30.578071"}],"pageable":{"pageNumber":0,"pageSize":20,"sort":{"empty":false,"sorted":true,"unsorted":false},"offset":0,"paged":true,"unpaged":false},"last":true,"totalElements":1,"totalPages":1,"size":20,"number":0,"sort":{"empty":false,"sorted":true,"unsorted":false},"numberOfElements":1,"first":true,"empty":false}
    Forwarded URL = null
   Redirected URL = null
          Cookies = []
]]></system-out>
  </testcase>
  <testcase name="shouldHandleErrorScenariosCorrectly" classname="com.fintech.expensetracker.integration.ExpenseTrackerH2IntegrationTest" time="0.066">
    <failure message="Status expected:&lt;201&gt; but was:&lt;400&gt;" type="java.lang.AssertionError"><![CDATA[java.lang.AssertionError: Status expected:<201> but was:<400>
	at org.springframework.test.util.AssertionErrors.fail(AssertionErrors.java:59)
	at org.springframework.test.util.AssertionErrors.assertEquals(AssertionErrors.java:122)
	at org.springframework.test.web.servlet.result.StatusResultMatchers.lambda$matcher$9(StatusResultMatchers.java:637)
	at org.springframework.test.web.servlet.MockMvc$1.andExpect(MockMvc.java:214)
	at com.fintech.expensetracker.integration.ExpenseTrackerH2IntegrationTest.shouldHandleErrorScenariosCorrectly(ExpenseTrackerH2IntegrationTest.java:450)
	at java.base/java.lang.reflect.Method.invoke(Method.java:580)
	at java.base/java.util.ArrayList.forEach(ArrayList.java:1596)
	at java.base/java.util.ArrayList.forEach(ArrayList.java:1596)
]]></failure>
    <system-out><![CDATA[2025-08-16T16:42:30.914+03:00  WARN 10047 --- [expense-tracker-test] [           main] c.f.e.exception.GlobalExceptionHandler   : Validation error occurred: Validation failed for argument [0] in public org.springframework.http.ResponseEntity<com.fintech.expensetracker.dto.response.AccountResponse> com.fintech.expensetracker.controller.AccountController.createAccount(com.fintech.expensetracker.dto.request.CreateAccountRequest,com.fintech.expensetracker.security.UserPrincipal): [Field error in object 'createAccountRequest' on field 'name': rejected value []; codes [NotBlank.createAccountRequest.name,NotBlank.name,NotBlank.java.lang.String,NotBlank]; arguments [org.springframework.context.support.DefaultMessageSourceResolvable: codes [createAccountRequest.name,name]; arguments []; default message [name]]; default message [Account name is required]] 
2025-08-16T16:42:30.922+03:00  INFO 10047 --- [expense-tracker-test] [           main] c.f.e.controller.AccountController       : Calculating balance for account ID: 99999 for user ID: 1
2025-08-16T16:42:30.923+03:00  INFO 10047 --- [expense-tracker-test] [           main] c.f.e.service.AccountService             : Calculating balance for account ID: 99999 for user ID: 1
2025-08-16T16:42:30.926+03:00  WARN 10047 --- [expense-tracker-test] [           main] c.f.e.exception.GlobalExceptionHandler   : Resource not found exception: Account not found with ID: 99999 for user ID: 1
2025-08-16T16:42:30.935+03:00  WARN 10047 --- [expense-tracker-test] [           main] c.f.e.exception.GlobalExceptionHandler   : Validation error occurred: Validation failed for argument [0] in public org.springframework.http.ResponseEntity<com.fintech.expensetracker.dto.response.TransactionResponse> com.fintech.expensetracker.controller.TransactionController.createTransaction(com.fintech.expensetracker.dto.request.CreateTransactionRequest,com.fintech.expensetracker.security.UserPrincipal) with 2 errors: [Field error in object 'createTransactionRequest' on field 'amount': rejected value [0.00]; codes [DecimalMin.createTransactionRequest.amount,DecimalMin.amount,DecimalMin.java.math.BigDecimal,DecimalMin]; arguments [org.springframework.context.support.DefaultMessageSourceResolvable: codes [createTransactionRequest.amount,amount]; arguments []; default message [amount],true,0.01]; default message [Amount must be greater than 0]] [Field error in object 'createTransactionRequest' on field 'description': rejected value []; codes [NotBlank.createTransactionRequest.description,NotBlank.description,NotBlank.java.lang.String,NotBlank]; arguments [org.springframework.context.support.DefaultMessageSourceResolvable: codes [createTransactionRequest.description,description]; arguments []; default message [description]]; default message [Description is required]] 
2025-08-16T16:42:30.944+03:00  INFO 10047 --- [expense-tracker-test] [           main] c.f.e.controller.TransactionController   : Creating transaction for user ID: 1 with amount: 99.999 and description: 'Precision Test'
2025-08-16T16:42:30.948+03:00  WARN 10047 --- [expense-tracker-test] [           main] c.f.e.exception.GlobalExceptionHandler   : Constraint violation: Validation failed for classes [com.fintech.expensetracker.entity.Transaction] during persist time for groups [jakarta.validation.groups.Default, ]
List of constraint violations:[
	ConstraintViolationImpl{interpolatedMessage='Amount must be greater than 0', propertyPath=amount, rootBeanClass=class com.fintech.expensetracker.entity.Transaction, messageTemplate='Amount must be greater than 0'}
]

MockHttpServletRequest:
      HTTP Method = POST
      Request URI = /api/v1/accounts
       Parameters = {}
          Headers = [Content-Type:"application/json;charset=UTF-8", Authorization:"Bearer eyJhbGciOiJIUzUxMiJ9.eyJzdWIiOiIxIiwiaWF0IjoxNzU1MzUxNzUwLCJleHAiOjE3NTUzNTUzNTB9.1i4b8WeUHRlhyXyv2n-qNXmI66ldUu_1NMlN80z_tc39WKeFmT8iyL9osXtjY23L_vTBd9GC2HcZQs6Q1JtBsA", Content-Length:"48"]
             Body = {"name":"","type":"CHECKING","initialBalance":0}
    Session Attrs = {}

Handler:
             Type = com.fintech.expensetracker.controller.AccountController
           Method = com.fintech.expensetracker.controller.AccountController#createAccount(CreateAccountRequest, UserPrincipal)

Async:
    Async started = false
     Async result = null

Resolved Exception:
             Type = org.springframework.web.bind.MethodArgumentNotValidException

ModelAndView:
        View name = null
             View = null
            Model = null

FlashMap:
       Attributes = null

MockHttpServletResponse:
           Status = 400
    Error message = null
          Headers = [Vary:"Origin", "Access-Control-Request-Method", "Access-Control-Request-Headers", Content-Type:"application/json", X-Content-Type-Options:"nosniff", X-XSS-Protection:"0", Cache-Control:"no-cache, no-store, max-age=0, must-revalidate", Pragma:"no-cache", Expires:"0"]
     Content type = application/json
             Body = {"timestamp":"2025-08-16T16:42:30.914647","status":400,"error":"Validation Error","message":"Invalid input data","path":"/api/v1/accounts","details":{"name":"Account name is required"}}
    Forwarded URL = null
   Redirected URL = null
          Cookies = []

MockHttpServletRequest:
      HTTP Method = GET
      Request URI = /api/v1/accounts/99999/balance
       Parameters = {}
          Headers = [Authorization:"Bearer eyJhbGciOiJIUzUxMiJ9.eyJzdWIiOiIxIiwiaWF0IjoxNzU1MzUxNzUwLCJleHAiOjE3NTUzNTUzNTB9.1i4b8WeUHRlhyXyv2n-qNXmI66ldUu_1NMlN80z_tc39WKeFmT8iyL9osXtjY23L_vTBd9GC2HcZQs6Q1JtBsA"]
             Body = null
    Session Attrs = {}

Handler:
             Type = com.fintech.expensetracker.controller.AccountController
           Method = com.fintech.expensetracker.controller.AccountController#getAccountBalance(Long, UserPrincipal)

Async:
    Async started = false
     Async result = null

Resolved Exception:
             Type = com.fintech.expensetracker.exception.ResourceNotFoundException

ModelAndView:
        View name = null
             View = null
            Model = null

FlashMap:
       Attributes = null

MockHttpServletResponse:
           Status = 404
    Error message = null
          Headers = [Vary:"Origin", "Access-Control-Request-Method", "Access-Control-Request-Headers", Content-Type:"application/json", X-Content-Type-Options:"nosniff", X-XSS-Protection:"0", Cache-Control:"no-cache, no-store, max-age=0, must-revalidate", Pragma:"no-cache", Expires:"0"]
     Content type = application/json
             Body = {"timestamp":"2025-08-16T16:42:30.926383","status":404,"error":"Resource Not Found","message":"Account not found with ID: 99999 for user ID: 1","path":"/api/v1/accounts/99999/balance","details":null}
    Forwarded URL = null
   Redirected URL = null
          Cookies = []

MockHttpServletRequest:
      HTTP Method = POST
      Request URI = /api/v1/transactions
       Parameters = {}
          Headers = [Content-Type:"application/json;charset=UTF-8", Authorization:"Bearer eyJhbGciOiJIUzUxMiJ9.eyJzdWIiOiIxIiwiaWF0IjoxNzU1MzUxNzUwLCJleHAiOjE3NTUzNTUzNTB9.1i4b8WeUHRlhyXyv2n-qNXmI66ldUu_1NMlN80z_tc39WKeFmT8iyL9osXtjY23L_vTBd9GC2HcZQs6Q1JtBsA", Content-Length:"104"]
             Body = {"amount":0.00,"description":"","transactionDate":null,"accountId":1,"categoryId":null,"type":"EXPENSE"}
    Session Attrs = {}

Handler:
             Type = com.fintech.expensetracker.controller.TransactionController
           Method = com.fintech.expensetracker.controller.TransactionController#createTransaction(CreateTransactionRequest, UserPrincipal)

Async:
    Async started = false
     Async result = null

Resolved Exception:
             Type = org.springframework.web.bind.MethodArgumentNotValidException

ModelAndView:
        View name = null
             View = null
            Model = null

FlashMap:
       Attributes = null

MockHttpServletResponse:
           Status = 400
    Error message = null
          Headers = [Vary:"Origin", "Access-Control-Request-Method", "Access-Control-Request-Headers", Content-Type:"application/json", X-Content-Type-Options:"nosniff", X-XSS-Protection:"0", Cache-Control:"no-cache, no-store, max-age=0, must-revalidate", Pragma:"no-cache", Expires:"0"]
     Content type = application/json
             Body = {"timestamp":"2025-08-16T16:42:30.936136","status":400,"error":"Validation Error","message":"Invalid input data","path":"/api/v1/transactions","details":{"amount":"Amount must be greater than 0","description":"Description is required"}}
    Forwarded URL = null
   Redirected URL = null
          Cookies = []

MockHttpServletRequest:
      HTTP Method = POST
      Request URI = /api/v1/transactions
       Parameters = {}
          Headers = [Content-Type:"application/json;charset=UTF-8", Authorization:"Bearer eyJhbGciOiJIUzUxMiJ9.eyJzdWIiOiIxIiwiaWF0IjoxNzU1MzUxNzUwLCJleHAiOjE3NTUzNTUzNTB9.1i4b8WeUHRlhyXyv2n-qNXmI66ldUu_1NMlN80z_tc39WKeFmT8iyL9osXtjY23L_vTBd9GC2HcZQs6Q1JtBsA", Content-Length:"128"]
             Body = {"amount":99.999,"description":"Precision Test","transactionDate":"2025-08-16","accountId":1,"categoryId":null,"type":"EXPENSE"}
    Session Attrs = {}

Handler:
             Type = com.fintech.expensetracker.controller.TransactionController
           Method = com.fintech.expensetracker.controller.TransactionController#createTransaction(CreateTransactionRequest, UserPrincipal)

Async:
    Async started = false
     Async result = null

Resolved Exception:
             Type = jakarta.validation.ConstraintViolationException

ModelAndView:
        View name = null
             View = null
            Model = null

FlashMap:
       Attributes = null

MockHttpServletResponse:
           Status = 400
    Error message = null
          Headers = [Vary:"Origin", "Access-Control-Request-Method", "Access-Control-Request-Headers", Content-Type:"application/json", X-Content-Type-Options:"nosniff", X-XSS-Protection:"0", Cache-Control:"no-cache, no-store, max-age=0, must-revalidate", Pragma:"no-cache", Expires:"0"]
     Content type = application/json
             Body = {"timestamp":"2025-08-16T16:42:30.94891","status":400,"error":"Validation Error","message":"Constraint validation failed","path":"/api/v1/transactions","details":{"amount":"Amount must be greater than 0"}}
    Forwarded URL = null
   Redirected URL = null
          Cookies = []
]]></system-out>
  </testcase>
  <testcase name="shouldHandleSoftDeleteCorrectly" classname="com.fintech.expensetracker.integration.ExpenseTrackerH2IntegrationTest" time="0.034">
    <failure message="JSON path &quot;$.length()&quot; expected:&lt;5&gt; but was:&lt;11&gt;" type="java.lang.AssertionError"><![CDATA[java.lang.AssertionError: JSON path "$.length()" expected:<5> but was:<11>
	at org.springframework.test.util.AssertionErrors.fail(AssertionErrors.java:59)
	at org.springframework.test.util.AssertionErrors.assertEquals(AssertionErrors.java:122)
	at org.springframework.test.util.JsonPathExpectationsHelper.assertValue(JsonPathExpectationsHelper.java:123)
	at org.springframework.test.web.servlet.result.JsonPathResultMatchers.lambda$value$2(JsonPathResultMatchers.java:111)
	at org.springframework.test.web.servlet.MockMvc$1.andExpect(MockMvc.java:214)
	at com.fintech.expensetracker.integration.ExpenseTrackerH2IntegrationTest.shouldHandleSoftDeleteCorrectly(ExpenseTrackerH2IntegrationTest.java:466)
	at java.base/java.lang.reflect.Method.invoke(Method.java:580)
	at java.base/java.util.ArrayList.forEach(ArrayList.java:1596)
	at java.base/java.util.ArrayList.forEach(ArrayList.java:1596)
]]></failure>
    <system-out><![CDATA[2025-08-16T16:42:30.966+03:00  INFO 10047 --- [expense-tracker-test] [           main] c.f.e.controller.TransactionController   : Deleting transaction ID: 1 for user ID: 1
2025-08-16T16:42:30.975+03:00  INFO 10047 --- [expense-tracker-test] [           main] c.f.e.service.TransactionService         : Soft deleted transaction with ID 1 for user 1
2025-08-16T16:42:30.977+03:00  INFO 10047 --- [expense-tracker-test] [           main] c.f.e.controller.TransactionController   : Successfully deleted transaction ID: 1 for user ID: 1
2025-08-16T16:42:30.982+03:00  INFO 10047 --- [expense-tracker-test] [           main] c.f.e.controller.TransactionController   : Retrieving transactions for user ID: 1 with filters - page: 0, size: 20
2025-08-16T16:42:30.984+03:00  INFO 10047 --- [expense-tracker-test] [           main] c.f.e.controller.TransactionController   : Retrieved 0 transactions for user ID: 1 (page 1/0)

MockHttpServletRequest:
      HTTP Method = DELETE
      Request URI = /api/v1/transactions/1
       Parameters = {}
          Headers = [Authorization:"Bearer eyJhbGciOiJIUzUxMiJ9.eyJzdWIiOiIxIiwiaWF0IjoxNzU1MzUxNzUwLCJleHAiOjE3NTUzNTUzNTB9.1i4b8WeUHRlhyXyv2n-qNXmI66ldUu_1NMlN80z_tc39WKeFmT8iyL9osXtjY23L_vTBd9GC2HcZQs6Q1JtBsA"]
             Body = null
    Session Attrs = {}

Handler:
             Type = com.fintech.expensetracker.controller.TransactionController
           Method = com.fintech.expensetracker.controller.TransactionController#deleteTransaction(Long, UserPrincipal)

Async:
    Async started = false
     Async result = null

Resolved Exception:
             Type = null

ModelAndView:
        View name = null
             View = null
            Model = null

FlashMap:
       Attributes = null

MockHttpServletResponse:
           Status = 204
    Error message = null
          Headers = [Vary:"Origin", "Access-Control-Request-Method", "Access-Control-Request-Headers", X-Content-Type-Options:"nosniff", X-XSS-Protection:"0", Cache-Control:"no-cache, no-store, max-age=0, must-revalidate", Pragma:"no-cache", Expires:"0"]
     Content type = null
             Body = 
    Forwarded URL = null
   Redirected URL = null
          Cookies = []

MockHttpServletRequest:
      HTTP Method = GET
      Request URI = /api/v1/transactions
       Parameters = {}
          Headers = [Authorization:"Bearer eyJhbGciOiJIUzUxMiJ9.eyJzdWIiOiIxIiwiaWF0IjoxNzU1MzUxNzUwLCJleHAiOjE3NTUzNTUzNTB9.1i4b8WeUHRlhyXyv2n-qNXmI66ldUu_1NMlN80z_tc39WKeFmT8iyL9osXtjY23L_vTBd9GC2HcZQs6Q1JtBsA"]
             Body = null
    Session Attrs = {}

Handler:
             Type = com.fintech.expensetracker.controller.TransactionController
           Method = com.fintech.expensetracker.controller.TransactionController#getUserTransactions(UserPrincipal, Long, Long, String, String, String, String, String, int, int)

Async:
    Async started = false
     Async result = null

Resolved Exception:
             Type = null

ModelAndView:
        View name = null
             View = null
            Model = null

FlashMap:
       Attributes = null

MockHttpServletResponse:
           Status = 200
    Error message = null
          Headers = [Vary:"Origin", "Access-Control-Request-Method", "Access-Control-Request-Headers", Content-Type:"application/json", X-Content-Type-Options:"nosniff", X-XSS-Protection:"0", Cache-Control:"no-cache, no-store, max-age=0, must-revalidate", Pragma:"no-cache", Expires:"0"]
     Content type = application/json
             Body = {"content":[],"pageable":{"pageNumber":0,"pageSize":20,"sort":{"empty":false,"sorted":true,"unsorted":false},"offset":0,"paged":true,"unpaged":false},"last":true,"totalElements":0,"totalPages":0,"size":20,"number":0,"sort":{"empty":false,"sorted":true,"unsorted":false},"numberOfElements":0,"first":true,"empty":true}
    Forwarded URL = null
   Redirected URL = null
          Cookies = []
]]></system-out>
  </testcase>
</testsuite>